    0.001 D <> Log initialized.
    0.001 D MultiMC 5, (c) 2013-2021 MultiMC Contributors
    0.002 D Version                    :  "0.6.12-1438"
    0.002 D Git commit                 :  "464b05f6bfe286bfde28685e3ce3fdf97af9b089"
    0.002 D Git refspec                :  "refs/heads/stable"
    0.002 D Work dir before adjustment :  "/home/archy/.local/share/multimc"
    0.002 D Work dir after adjustment  :  "/home/archy/.local/share/multimc"
    0.002 D Adjusted by                :  "Command line /home/archy/.local/share/multimc"
    0.002 D Binary path                :  "/home/archy/.local/share/multimc/bin"
    0.002 D Application root path      :  "/home/archy/.local/share/multimc"
    0.002 D <> Paths set.
    0.018 D Detected default console font: "DejaVu Sans Mono" , substitutions: ""
    0.018 D <> Settings loaded.
    0.018 C Exception: "Unable to open /home/archy/.local/share/multimc/translations/index_v2.json for reading: No such file or directory"
    0.018 C Translations Download Failed: index file not readable
    0.018 W Selected invalid language "" , defaulting to "en"
    0.018 D Your language is ""
    0.018 D <> Translations loaded.
    0.018 D <> Updater started.
    0.019 D Started watching  "/home/archy/.local/share/multimc/icons"
    0.027 D <> Instance icons intialized.
    0.028 D <> Icon themes initialized.
    0.028 D ""
    0.028 D Loading theme "custom"
    0.028 D No theme json present.
    0.032 D No theme css present.
    0.035 D <> Widget themes initialized.
    0.035 D Instance path              :  "instances"
    0.035 D Loading Instances...
    0.035 D Discovering instances in "/home/archy/.local/share/multimc/instances"
    0.035 D <> Instances loaded.
    0.035 D Loading accounts...
    0.035 C "Failed to read the account list file (accounts.json)."
    0.035 D <> Accounts loaded.
    0.035 D <> Cache initialized.
    0.035 D Detecting proxy settings...
    0.035 D Using no proxy is an option!
    0.035 D <> Proxy settings done.
    0.035 D Downloading Translations Index...
    0.035 D Task "NetJob(Translations Index)" starting for the first time
    0.036 D <> Icon theme set.
    0.036 D <> Application theme set.
    0.039 D Analytics info not seen by user yet (or old version).
    0.073 D Downloading  "https://files.multimc.org/translations/index_v2.json"
    0.226 D Download succeeded: "https://files.multimc.org/translations/index_v2.json"
    0.226 D Task "NetJob(Translations Index)" succeeded
    0.226 D Got translations index!
    0.227 D Dir changed: "/home/archy/.local/share/multimc/translations"
    0.259 W   OpenType support missing for "Determination Sans", script 20
    5.947 D Task "JavaListLoadTask(0x1d0a290)" starting for the first time
    5.948 D Linux Java detection incomplete - defaulting to "java"
    5.948 D Probing the following Java paths: 
    5.948 D   "java"
    5.948 D   "/usr/lib/jvm/java-8-openjdk-amd64/jre/bin/java"
    5.948 D   "/usr/lib/jvm/java-8-openjdk-amd64/bin/java"
    5.948 D Task "JavaCheckerJob(0x1734a20)" starting for the first time
    5.948 D "Java detection"  started.
    5.948 D Env: ignoring "LD_LIBRARY_PATH" "/home/archy/.local/share/multimc/bin:"
    5.948 D Env: ignoring "LD_PRELOAD" ""
    5.948 D Env: ignoring "QT_ACCESSIBILITY" "1"
    5.948 D Env: ignoring "QT_FONTPATH" "/home/archy/.local/share/multimc/fonts"
    5.948 D Env: ignoring "QT_IM_MODULE" "ibus"
    5.948 D Env: ignoring "QT_PLUGIN_PATH" "/home/archy/.local/share/multimc/plugins"
    5.948 D Env: stripped @im=ibus from "@im=ibus" : ""
    5.948 D "Running java checker: java-jar /home/archy/.local/share/multimc/bin/jars/JavaCheck.jar"
    5.949 D Env: ignoring "LD_LIBRARY_PATH" "/home/archy/.local/share/multimc/bin:"
    5.949 D Env: ignoring "LD_PRELOAD" ""
    5.949 D Env: ignoring "QT_ACCESSIBILITY" "1"
    5.949 D Env: ignoring "QT_FONTPATH" "/home/archy/.local/share/multimc/fonts"
    5.949 D Env: ignoring "QT_IM_MODULE" "ibus"
    5.949 D Env: ignoring "QT_PLUGIN_PATH" "/home/archy/.local/share/multimc/plugins"
    5.949 D Env: stripped @im=ibus from "@im=ibus" : ""
    5.949 D "Running java checker: /usr/lib/jvm/java-8-openjdk-amd64/jre/bin/java-jar /home/archy/.local/share/multimc/bin/jars/JavaCheck.jar"
    5.950 D Env: ignoring "LD_LIBRARY_PATH" "/home/archy/.local/share/multimc/bin:"
    5.950 D Env: ignoring "LD_PRELOAD" ""
    5.950 D Env: ignoring "QT_ACCESSIBILITY" "1"
    5.950 D Env: ignoring "QT_FONTPATH" "/home/archy/.local/share/multimc/fonts"
    5.950 D Env: ignoring "QT_IM_MODULE" "ibus"
    5.950 D Env: ignoring "QT_PLUGIN_PATH" "/home/archy/.local/share/multimc/plugins"
    5.950 D Env: stripped @im=ibus from "@im=ibus" : ""
    5.951 D "Running java checker: /usr/lib/jvm/java-8-openjdk-amd64/bin/java-jar /home/archy/.local/share/multimc/bin/jars/JavaCheck.jar"
    6.054 D STDOUT "os.arch=amd64
java.version=1.8.0_292
java.vendor=Private Build
"
    6.054 W STDERR ""
    6.054 D Java checker finished with status  0  exit code  0
    6.054 D Java checker succeeded.
    6.054 D "Java detection" progress: 1 / 3
    6.054 D STDOUT "os.arch=amd64
java.version=1.8.0_292
java.vendor=Private Build
"
    6.054 W STDERR ""
    6.054 D Java checker finished with status  0  exit code  0
    6.054 D Java checker succeeded.
    6.054 D "Java detection" progress: 2 / 3
    6.055 D STDOUT "os.arch=amd64
java.version=1.8.0_292
java.vendor=Private Build
"
    6.055 W STDERR ""
    6.055 D Java checker finished with status  0  exit code  0
    6.055 D Java checker succeeded.
    6.055 D "Java detection" progress: 3 / 3
    6.055 D Task "JavaCheckerJob(0x1734a20)" succeeded
    6.055 D Found the following valid Java installations:
    6.055 D   "1.8.0_292" "64" "java"
    6.055 D   "1.8.0_292" "64" "/usr/lib/jvm/java-8-openjdk-amd64/jre/bin/java"
    6.055 D   "1.8.0_292" "64" "/usr/lib/jvm/java-8-openjdk-amd64/bin/java"
    6.056 D Task "JavaListLoadTask(0x1d0a290)" succeeded
    6.056 D Env: ignoring "LD_LIBRARY_PATH" "/home/archy/.local/share/multimc/bin:"
    6.056 D Env: ignoring "LD_PRELOAD" ""
    6.056 D Env: ignoring "QT_ACCESSIBILITY" "1"
    6.056 D Env: ignoring "QT_FONTPATH" "/home/archy/.local/share/multimc/fonts"
    6.056 D Env: ignoring "QT_IM_MODULE" "ibus"
    6.056 D Env: ignoring "QT_PLUGIN_PATH" "/home/archy/.local/share/multimc/plugins"
    6.056 D Env: stripped @im=ibus from "@im=ibus" : ""
    6.056 D "Running java checker: java-Xms512m -Xmx1024m -jar /home/archy/.local/share/multimc/bin/jars/JavaCheck.jar"
    6.094 D STDOUT "os.arch=amd64
java.version=1.8.0_292
java.vendor=Private Build
"
    6.094 W STDERR ""
    6.094 D Java checker finished with status  0  exit code  0
    6.094 D Java checker succeeded.
   11.959 D Env: ignoring "LD_LIBRARY_PATH" "/home/archy/.local/share/multimc/bin:"
   11.959 D Env: ignoring "LD_PRELOAD" ""
   11.959 D Env: ignoring "QT_ACCESSIBILITY" "1"
   11.959 D Env: ignoring "QT_FONTPATH" "/home/archy/.local/share/multimc/fonts"
   11.959 D Env: ignoring "QT_IM_MODULE" "ibus"
   11.959 D Env: ignoring "QT_PLUGIN_PATH" "/home/archy/.local/share/multimc/plugins"
   11.959 D Env: stripped @im=ibus from "@im=ibus" : ""
   11.959 D "Running java checker: java-Xms409m -Xmx409m -jar /home/archy/.local/share/multimc/bin/jars/JavaCheck.jar"
   11.997 D STDOUT "os.arch=amd64
java.version=1.8.0_292
java.vendor=Private Build
"
   11.997 W STDERR ""
   11.997 D Java checker finished with status  0  exit code  0
   11.997 D Java checker succeeded.
   12.151 D Env: ignoring "LD_LIBRARY_PATH" "/home/archy/.local/share/multimc/bin:"
   12.151 D Env: ignoring "LD_PRELOAD" ""
   12.151 D Env: ignoring "QT_ACCESSIBILITY" "1"
   12.151 D Env: ignoring "QT_FONTPATH" "/home/archy/.local/share/multimc/fonts"
   12.151 D Env: ignoring "QT_IM_MODULE" "ibus"
   12.151 D Env: ignoring "QT_PLUGIN_PATH" "/home/archy/.local/share/multimc/plugins"
   12.151 D Env: stripped @im=ibus from "@im=ibus" : ""
   12.151 D "Running java checker: java-Xms409m -Xmx4096m -jar /home/archy/.local/share/multimc/bin/jars/JavaCheck.jar"
   12.191 D STDOUT "os.arch=amd64
java.version=1.8.0_292
java.vendor=Private Build
"
   12.191 W STDERR ""
   12.191 D Java checker finished with status  0  exit code  0
   12.191 D Java checker succeeded.
   18.170 D Analytics enabled by user.
   18.171 D Wizard result = 1
   18.179 W QMetaObject::connectSlotsByName: No matching signal for on_actionInstanceSettings_triggered()
   18.179 D Task "NetJob(Status JSON)" starting for the first time
   18.180 D Reloading news.
   18.180 D Task "NetJob(News RSS Feed)" starting for the first time
   18.180 D Checking for updates.
   18.180 D Channel list isn't loaded yet. Loading channel list and deferring update check.
   18.180 D Loading the channel list.
   18.180 D Task "NetJob(Update System Channel List)" starting for the first time
   18.180 D Task "NetJob(Checking for notifications)" starting for the first time
   18.184 D Viewport size "800x600"
   18.184 D RAM size is 32038 MB
   18.220 D "Distributor ID:	Pop
Description:	Pop!_OS 21.04
Release:	21.04
Codename:	hirsute
"
   18.220 D [Analytics] "ScreenView: Main Window"
   18.220 D <> Main window shown.
   18.221 D Downloading  "https://status.mojang.com/check"
   18.221 D Downloading  "https://multimc.org/rss.xml"
   18.221 D Downloading  "https://files.multimc.org/update/lin64/channels.json"
   18.221 D Downloading  "https://files.multimc.org/notifications.json"
   18.332 D Download succeeded: "https://files.multimc.org/update/lin64/channels.json"
   18.332 D Task "NetJob(Update System Channel List)" succeeded
   18.333 D Successfully loaded UpdateChecker channel list.
   18.333 D Checking for updates.
   18.333 D m_repoUrl =  "http://files.multimc.org/update/lin64/stable/"
   18.333 D Task "NetJob(GoUpdate Repository Index)" starting for the first time
   18.333 D Downloading  "http://files.multimc.org/update/lin64/stable/index.json"
   18.361 D Download succeeded: "https://files.multimc.org/notifications.json"
   18.365 D Task "NetJob(Checking for notifications)" succeeded
   18.380 D Location header: QUrl("https://files.multimc.org/update/lin64/stable/index.json")
   18.380 D Following redirect to  "https://files.multimc.org/update/lin64/stable/index.json"
   18.380 D Downloading  "https://files.multimc.org/update/lin64/stable/index.json"
   18.380 D Download redirected: "https://files.multimc.org/update/lin64/stable/index.json"
   18.425 D Download succeeded: "https://files.multimc.org/update/lin64/stable/index.json"
   18.425 D Task "NetJob(GoUpdate Repository Index)" succeeded
   18.425 D Finished downloading repo index. Checking for new versions.
   18.425 D Processing repository version list.
   18.548 D Download succeeded: "https://multimc.org/rss.xml"
   18.548 D Task "NetJob(News RSS Feed)" succeeded
   18.548 D Finished loading RSS feed.
   18.551 D Loaded news entry "0.6.12 - Spring cleaning and modpack platforms"
   18.552 D Loaded news entry "About Microsoft accounts"
   18.552 D Loaded news entry "0.6.7 - UI fixes and important metadata news - update required!"
   18.552 D Loaded news entry "0.6.5 - translation UI and legacy sound fixes"
   18.552 D Loaded news entry "0.6.4 - better translation workflow and new FTB API location"
   18.552 D Loaded news entry "0.6.3 - The Big Sync"
   18.552 D Loaded news entry "0.6.2 Released!"
   18.552 D Loaded news entry "0.6.1 Released!"
   18.552 D Loaded news entry "0.6.0 Released!"
   18.552 D Loaded news entry "Introducing the Archive"
   18.552 D Loaded news entry "0.5.1 - Bugfixes."
   18.552 D Loaded news entry "0.5.0 - Running multiple instances at the same time!"
   18.552 D Loaded news entry "0.4.11 - OSX 10.7 fix and workaround for Minecraft 1.9 compatibility"
   18.552 D Loaded news entry "0.4.10 - Another wifi fix"
   18.552 D Loaded news entry "0.4.9 - the Windows wifi fix."
   18.552 D Loaded news entry "0.4.8 - Worlds and more."
   18.552 D Loaded news entry "0.4.7 - What 0.4.6 should have been."
   18.552 D Loaded news entry "0.4.6 - Bug fixes and improvements!"
   18.552 D Loaded news entry "0.4.5 - Translations, Themes, and Technic"
   18.552 D Loaded news entry "0.4 out - Jar mods, UI changes, and more!"
   18.552 D Loaded news entry "Introducing QuickMods - A better way to install mods"
   18.552 D Loaded news entry "Support us on Patreon!"
   18.552 D Loaded news entry "Heartbleed Vulnerability Update (fixed!)"
   18.552 D Loaded news entry "Announcing MultiMC 6"
   18.552 D Loaded news entry "0.3 - The big feature update."
   18.552 D Loaded news entry "First official MultiMC 5 release!"
   18.552 D Loaded news entry "MultiMC Status Update"
   18.553 D News loading succeeded.
   18.793 D Download succeeded: "https://status.mojang.com/check"
   18.793 D Task "NetJob(Status JSON)" succeeded
   18.793 D Finished loading status JSON.
   18.793 D Status loading succeeded.
   21.229 D Task "NetJob(Download of meta file net.minecraft/index.json)" starting for the first time
   21.236 D Downloading  "https://meta.multimc.org/v1/net.minecraft/index.json"
   21.459 D Download succeeded: "https://meta.multimc.org/v1/net.minecraft/index.json"
   21.459 D Task "NetJob(Download of meta file net.minecraft/index.json)" succeeded
   30.262 D Selected index 0 channel id "stable"
   47.858 D Paged dialog close requested
   47.858 D Analytics enabled by user.
   47.859 D Detecting proxy settings...
   47.859 D Using no proxy is an option!
   47.859 D Paged dialog close approved
   47.859 D Paged dialog geometry saved
   47.872 D Discovering instances in "/home/archy/.local/share/multimc/instances"
   48.287 D [Analytics] "Query string = v=1&tid=UA-87731965-2&cid=efe67352-540f-44c8-9589-e4479b06a6c4&t=screenview&ul=en-gb&vp=800x600&sr=2560x1080&aip=1&cd=Main Window&an=MultiMC5&av=0.6.12-1438&cd1=&cd2=&cd3=64&cd4=64&cd5=Linux&cd6=5.12.0-14.2-liquorix-amd64&cd7=pop&cd8=21.04&cm1=409&cm2=4096&cm3=32038&qt=30067"
   48.432 D [Analytics] "Message sent"
   50.276 D Selected index 0 channel id "stable"
   74.071 D Paged dialog close requested
   74.102 D Analytics enabled by user.
   74.102 D Detecting proxy settings...
   74.102 D Using no proxy is an option!
   74.102 D Paged dialog close approved
   74.102 D Paged dialog geometry saved
   74.109 D Discovering instances in "/home/archy/.local/share/multimc/instances"
   76.043 D Selected index 0 channel id "stable"
   78.287 D Task "NetJob(Status JSON)" starting for the first time
   78.287 D Downloading  "https://status.mojang.com/check"
   78.780 D Download succeeded: "https://status.mojang.com/check"
   78.780 D Task "NetJob(Status JSON)" succeeded
   78.780 D Finished loading status JSON.
   78.780 D Status loading succeeded.
  138.287 D Task "NetJob(Status JSON)" starting for the first time
  138.287 D Downloading  "https://status.mojang.com/check"
  138.847 D Download succeeded: "https://status.mojang.com/check"
  138.847 D Task "NetJob(Status JSON)" succeeded
  138.847 D Finished loading status JSON.
  138.847 D Status loading succeeded.
  192.646 D Paged dialog close requested
  192.646 D Analytics enabled by user.
  192.646 D Detecting proxy settings...
  192.646 D Using no proxy is an option!
  192.646 D Paged dialog close approved
  192.646 D Paged dialog geometry saved
  192.660 D Discovering instances in "/home/archy/.local/share/multimc/instances"
  198.182 D Opening directory "instances"
  198.287 D Task "NetJob(Status JSON)" starting for the first time
  198.287 D Downloading  "https://status.mojang.com/check"
  221.501 D Discovering instances in "/home/archy/.local/share/multimc/instances"
  222.887 D Discovering instances in "/home/archy/.local/share/multimc/instances"
  222.887 D Found instance ID "1.16.4_i_wanna_grind-"
  222.887 D Will load group list now.
  222.887 D Loaded instance  "1.16.4_i_wanna_grind-"  from  "/home/archy/.local/share/multimc/instances/1.16.4_i_wanna_grind-"
  222.887 D Discovering instances in "/home/archy/.local/share/multimc/instances"
  222.887 D Found instance ID "1.16.4_i_wanna_grind-"
  222.887 D Should keep and soft-reload "1.16.4_i_wanna_grind-"
  223.524 C Failed  "https://status.mojang.com/check"  with reason  499
  223.524 D Download failed in previous step: "https://status.mojang.com/check"
  223.524 D Downloading  "https://status.mojang.com/check"
  246.951 D Discovering instances in "/home/archy/.local/share/multimc/instances"
  246.951 D Found instance ID "HPSB 1.8"
  246.951 D Found instance ID "1.16.4_i_wanna_grind-"
  246.951 D Will load group list now.
  246.951 D Loaded instance  "HPSB 1.8"  from  "/home/archy/.local/share/multimc/instances/HPSB 1.8"
  246.951 D Should keep and soft-reload "1.16.4_i_wanna_grind-"
  246.951 D Discovering instances in "/home/archy/.local/share/multimc/instances"
  246.951 D Found instance ID "iwg_v2.1"
  246.951 D Found instance ID "HPSB 1.8"
  246.952 D Found instance ID "1.16.4_i_wanna_grind-"
  246.952 D Will load group list now.
  246.952 D Loaded instance  "Unnamed Instance"  from  "/home/archy/.local/share/multimc/instances/iwg_v2.1"
  246.952 D Should keep and soft-reload "HPSB 1.8"
  246.952 D Should keep and soft-reload "1.16.4_i_wanna_grind-"
  248.168 D Discovering instances in "/home/archy/.local/share/multimc/instances"
  248.168 D Found instance ID "iwg_v2.1"
  248.168 D Found instance ID "HPSB 1.8"
  248.168 D Found instance ID "1.16.4_i_wanna_grind-"
  248.168 D Should keep and soft-reload "iwg_v2.1"
  248.168 D Should keep and soft-reload "HPSB 1.8"
  248.168 D Should keep and soft-reload "1.16.4_i_wanna_grind-"
  248.168 D Discovering instances in "/home/archy/.local/share/multimc/instances"
  248.168 D Found instance ID "iwg_v2.1"
  248.168 D Found instance ID "HPSB 1.8"
  248.168 D Found instance ID "1.16.4_i_wanna_grind-"
  248.168 D Should keep and soft-reload "iwg_v2.1"
  248.168 D Should keep and soft-reload "HPSB 1.8"
  248.168 D Should keep and soft-reload "1.16.4_i_wanna_grind-"
  248.530 C Failed  "https://status.mojang.com/check"  with reason  499
  248.530 D Download failed in previous step: "https://status.mojang.com/check"
  248.530 D Downloading  "https://status.mojang.com/check"
  248.645 D Download succeeded: "https://status.mojang.com/check"
  248.645 D Task "NetJob(Status JSON)" succeeded
  248.645 D Finished loading status JSON.
  248.645 D Status loading succeeded.
  251.050 D Discovering instances in "/home/archy/.local/share/multimc/instances"
  251.050 D Found instance ID "iwg_v2.1"
  251.050 D Found instance ID "HPSB 1.8"
  251.050 D Found instance ID "1.16.4_i_wanna_grind-"
  251.050 D Found instance ID "iwg_v3"
  251.050 D Should keep and soft-reload "iwg_v2.1"
  251.050 D Should keep and soft-reload "HPSB 1.8"
  251.050 D Should keep and soft-reload "1.16.4_i_wanna_grind-"
  251.050 D Will load group list now.
  251.051 D Loaded instance  "iwg_v3"  from  "/home/archy/.local/share/multimc/instances/iwg_v3"
  251.051 D Discovering instances in "/home/archy/.local/share/multimc/instances"
  251.051 D Found instance ID "iwg_v2.1"
  251.051 D Found instance ID "HPSB 1.8"
  251.051 D Found instance ID "1.16.4_i_wanna_grind-"
  251.051 D Found instance ID "iwg_v3"
  251.051 D Should keep and soft-reload "iwg_v2.1"
  251.051 D Should keep and soft-reload "HPSB 1.8"
  251.051 D Should keep and soft-reload "1.16.4_i_wanna_grind-"
  251.051 D Should keep and soft-reload "iwg_v3"
  251.052 D Discovering instances in "/home/archy/.local/share/multimc/instances"
  251.052 D Found instance ID "iwg_v2.1"
  251.052 D Found instance ID "HPSB 1.8"
  251.052 D Found instance ID "1.16.4_i_wanna_grind-"
  251.052 D Found instance ID "iwg_v3"
  251.052 D Should keep and soft-reload "iwg_v2.1"
  251.052 D Should keep and soft-reload "HPSB 1.8"
  251.052 D Should keep and soft-reload "1.16.4_i_wanna_grind-"
  251.052 D Should keep and soft-reload "iwg_v3"
  256.255 D Discovering instances in "/home/archy/.local/share/multimc/instances"
  256.255 D Found instance ID "iwg_v2.1"
  256.255 D Found instance ID "HPSB 1.8"
  256.255 D Found instance ID "1.16.4_i_wanna_grind-"
  256.256 D Found instance ID "iwg_v3"
  256.256 D Found instance ID "riley.mp4"
  256.256 D Should keep and soft-reload "iwg_v2.1"
  256.256 D Should keep and soft-reload "HPSB 1.8"
  256.256 D Should keep and soft-reload "1.16.4_i_wanna_grind-"
  256.256 D Should keep and soft-reload "iwg_v3"
  256.256 D Will load group list now.
  256.256 C "Failed to parse instance group file: illegal value at offset 0"
  256.256 D Loaded instance  "HPSB 1.16"  from  "/home/archy/.local/share/multimc/instances/riley.mp4"
  256.257 D Discovering instances in "/home/archy/.local/share/multimc/instances"
  256.257 D Found instance ID "iwg_v2.1"
  256.257 D Found instance ID "HPSB 1.8"
  256.257 D Found instance ID "1.16.4_i_wanna_grind-"
  256.257 D Found instance ID "iwg_v3"
  256.257 D Found instance ID "riley.mp4"
  256.257 D Should keep and soft-reload "iwg_v2.1"
  256.257 D Should keep and soft-reload "HPSB 1.8"
  256.257 D Should keep and soft-reload "1.16.4_i_wanna_grind-"
  256.257 D Should keep and soft-reload "iwg_v3"
  256.257 D Should keep and soft-reload "riley.mp4"
  258.289 D Task "NetJob(Status JSON)" starting for the first time
  258.289 D Downloading  "https://status.mojang.com/check"
  258.405 D Download succeeded: "https://status.mojang.com/check"
  258.406 D Task "NetJob(Status JSON)" succeeded
  258.406 D Finished loading status JSON.
  258.406 D Status loading succeeded.
  318.287 D Task "NetJob(Status JSON)" starting for the first time
  318.287 D Downloading  "https://status.mojang.com/check"
  318.820 D Download succeeded: "https://status.mojang.com/check"
  318.820 D Task "NetJob(Status JSON)" succeeded
  318.820 D Finished loading status JSON.
  318.820 D Status loading succeeded.
  378.290 D Task "NetJob(Status JSON)" starting for the first time
  378.290 D Downloading  "https://status.mojang.com/check"
  378.780 D Download succeeded: "https://status.mojang.com/check"
  378.780 D Task "NetJob(Status JSON)" succeeded
  378.780 D Finished loading status JSON.
  378.780 D Status loading succeeded.
  438.287 D Task "NetJob(Status JSON)" starting for the first time
  438.287 D Downloading  "https://status.mojang.com/check"
  462.085 D Download succeeded: "https://status.mojang.com/check"
  462.085 D Task "NetJob(Status JSON)" succeeded
  462.087 D Finished loading status JSON.
  462.087 D Status loading succeeded.
  498.290 D Task "NetJob(Status JSON)" starting for the first time
  498.290 D Downloading  "https://status.mojang.com/check"
  498.778 D Download succeeded: "https://status.mojang.com/check"
  498.778 D Task "NetJob(Status JSON)" succeeded
  498.778 D Finished loading status JSON.
  498.778 D Status loading succeeded.
  558.288 D Task "NetJob(Status JSON)" starting for the first time
  558.288 D Downloading  "https://status.mojang.com/check"
  558.844 D Download succeeded: "https://status.mojang.com/check"
  558.844 D Task "NetJob(Status JSON)" succeeded
  558.844 D Finished loading status JSON.
  558.844 D Status loading succeeded.
  618.289 D Task "NetJob(Status JSON)" starting for the first time
  618.289 D Downloading  "https://status.mojang.com/check"
  618.775 D Download succeeded: "https://status.mojang.com/check"
  618.775 D Task "NetJob(Status JSON)" succeeded
  618.775 D Finished loading status JSON.
  618.775 D Status loading succeeded.
  678.293 D Task "NetJob(Status JSON)" starting for the first time
  678.293 D Downloading  "https://status.mojang.com/check"
  678.807 D Download succeeded: "https://status.mojang.com/check"
  678.807 D Task "NetJob(Status JSON)" succeeded
  678.807 D Finished loading status JSON.
  678.808 D Status loading succeeded.
  738.295 D Task "NetJob(Status JSON)" starting for the first time
  738.295 D Downloading  "https://status.mojang.com/check"
  738.787 D Download succeeded: "https://status.mojang.com/check"
  738.787 D Task "NetJob(Status JSON)" succeeded
  738.787 D Finished loading status JSON.
  738.787 D Status loading succeeded.
  798.288 D Task "NetJob(Status JSON)" starting for the first time
  798.288 D Downloading  "https://status.mojang.com/check"
  798.797 C Failed  "https://status.mojang.com/check"  with reason  403
  798.797 D Download failed in previous step: "https://status.mojang.com/check"
  798.797 D Downloading  "https://status.mojang.com/check"
  798.908 C Failed  "https://status.mojang.com/check"  with reason  403
  798.908 D Download failed in previous step: "https://status.mojang.com/check"
  798.908 D Downloading  "https://status.mojang.com/check"
  799.014 C Failed  "https://status.mojang.com/check"  with reason  403
  799.014 D Download failed in previous step: "https://status.mojang.com/check"
  799.014 D Downloading  "https://status.mojang.com/check"
  799.129 C Failed  "https://status.mojang.com/check"  with reason  403
  799.129 D Download failed in previous step: "https://status.mojang.com/check"
  799.129 C Task "NetJob(Status JSON)" failed:  "Job 'Status JSON' failed to process:
https://status.mojang.com/check"
  799.129 D Failed to load status: "Failed to load status JSON:
Job 'Status JSON' failed to process:
https://status.mojang.com/check"
  858.295 D Task "NetJob(Status JSON)" starting for the first time
  858.295 D Downloading  "https://status.mojang.com/check"
  858.801 D Download succeeded: "https://status.mojang.com/check"
  858.801 D Task "NetJob(Status JSON)" succeeded
  858.801 D Finished loading status JSON.
  858.801 D Status loading succeeded.
  918.293 D Task "NetJob(Status JSON)" starting for the first time
  918.293 D Downloading  "https://status.mojang.com/check"
  918.817 D Download succeeded: "https://status.mojang.com/check"
  918.817 D Task "NetJob(Status JSON)" succeeded
  918.817 D Finished loading status JSON.
  918.817 D Status loading succeeded.
  978.291 D Task "NetJob(Status JSON)" starting for the first time
  978.291 D Downloading  "https://status.mojang.com/check"
  978.774 D Download succeeded: "https://status.mojang.com/check"
  978.774 D Task "NetJob(Status JSON)" succeeded
  978.774 D Finished loading status JSON.
  978.774 D Status loading succeeded.
 1038.293 D Task "NetJob(Status JSON)" starting for the first time
 1038.293 D Downloading  "https://status.mojang.com/check"
 1063.528 C Failed  "https://status.mojang.com/check"  with reason  499
 1063.528 D Download failed in previous step: "https://status.mojang.com/check"
 1063.528 D Downloading  "https://status.mojang.com/check"
 1063.637 D Download succeeded: "https://status.mojang.com/check"
 1063.637 D Task "NetJob(Status JSON)" succeeded
 1063.637 D Finished loading status JSON.
 1063.637 D Status loading succeeded.
 1098.295 D Task "NetJob(Status JSON)" starting for the first time
 1098.295 D Downloading  "https://status.mojang.com/check"
 1100.051 D Download succeeded: "https://status.mojang.com/check"
 1100.051 D Task "NetJob(Status JSON)" succeeded
 1100.059 D Finished loading status JSON.
 1100.059 D Status loading succeeded.
 1158.292 D Task "NetJob(Status JSON)" starting for the first time
 1158.293 D Downloading  "https://status.mojang.com/check"
 1158.868 D Download succeeded: "https://status.mojang.com/check"
 1158.868 D Task "NetJob(Status JSON)" succeeded
 1158.868 D Finished loading status JSON.
 1158.868 D Status loading succeeded.
 1218.291 D Task "NetJob(Status JSON)" starting for the first time
 1218.291 D Downloading  "https://status.mojang.com/check"
 1218.780 D Download succeeded: "https://status.mojang.com/check"
 1218.780 D Task "NetJob(Status JSON)" succeeded
 1218.780 D Finished loading status JSON.
 1218.780 D Status loading succeeded.
 1278.288 D Task "NetJob(Status JSON)" starting for the first time
 1278.288 D Downloading  "https://status.mojang.com/check"
 1278.806 D Download succeeded: "https://status.mojang.com/check"
 1278.806 D Task "NetJob(Status JSON)" succeeded
 1278.806 D Finished loading status JSON.
 1278.806 D Status loading succeeded.
 1338.290 D Task "NetJob(Status JSON)" starting for the first time
 1338.290 D Downloading  "https://status.mojang.com/check"
 1338.783 D Download succeeded: "https://status.mojang.com/check"
 1338.783 D Task "NetJob(Status JSON)" succeeded
 1338.783 D Finished loading status JSON.
 1338.783 D Status loading succeeded.
 1398.288 D Task "NetJob(Status JSON)" starting for the first time
 1398.288 D Downloading  "https://status.mojang.com/check"
 1398.848 D Download succeeded: "https://status.mojang.com/check"
 1398.848 D Task "NetJob(Status JSON)" succeeded
 1398.848 D Finished loading status JSON.
 1398.848 D Status loading succeeded.
 1458.288 D Task "NetJob(Status JSON)" starting for the first time
 1458.288 D Downloading  "https://status.mojang.com/check"
 1458.769 D Download succeeded: "https://status.mojang.com/check"
 1458.769 D Task "NetJob(Status JSON)" succeeded
 1458.769 D Finished loading status JSON.
 1458.769 D Status loading succeeded.
 1518.288 D Task "NetJob(Status JSON)" starting for the first time
 1518.288 D Downloading  "https://status.mojang.com/check"
 1518.833 D Download succeeded: "https://status.mojang.com/check"
 1518.833 D Task "NetJob(Status JSON)" succeeded
 1518.833 D Finished loading status JSON.
 1518.833 D Status loading succeeded.
 1578.287 D Task "NetJob(Status JSON)" starting for the first time
 1578.287 D Downloading  "https://status.mojang.com/check"
 1578.768 D Download succeeded: "https://status.mojang.com/check"
 1578.768 D Task "NetJob(Status JSON)" succeeded
 1578.768 D Finished loading status JSON.
 1578.768 D Status loading succeeded.
 1638.290 D Task "NetJob(Status JSON)" starting for the first time
 1638.290 D Downloading  "https://status.mojang.com/check"
 1638.837 D Download succeeded: "https://status.mojang.com/check"
 1638.837 D Task "NetJob(Status JSON)" succeeded
 1638.837 D Finished loading status JSON.
 1638.837 D Status loading succeeded.
 1698.295 D Task "NetJob(Status JSON)" starting for the first time
 1698.295 D Downloading  "https://status.mojang.com/check"
 1698.782 D Download succeeded: "https://status.mojang.com/check"
 1698.782 D Task "NetJob(Status JSON)" succeeded
 1698.782 D Finished loading status JSON.
 1698.782 D Status loading succeeded.
 1758.287 D Task "NetJob(Status JSON)" starting for the first time
 1758.287 D Downloading  "https://status.mojang.com/check"
 1758.895 D Download succeeded: "https://status.mojang.com/check"
 1758.895 D Task "NetJob(Status JSON)" succeeded
 1758.895 D Finished loading status JSON.
 1758.895 D Status loading succeeded.
 1818.288 D Task "NetJob(Status JSON)" starting for the first time
 1818.288 D Downloading  "https://status.mojang.com/check"
 1843.149 C Failed  "https://status.mojang.com/check"  with reason  499
 1843.149 D Download failed in previous step: "https://status.mojang.com/check"
 1843.149 D Downloading  "https://status.mojang.com/check"
 1843.261 D Download succeeded: "https://status.mojang.com/check"
 1843.261 D Task "NetJob(Status JSON)" succeeded
 1843.261 D Finished loading status JSON.
 1843.261 D Status loading succeeded.
 1878.287 D Task "NetJob(Status JSON)" starting for the first time
 1878.287 D Downloading  "https://status.mojang.com/check"
 1903.824 C Failed  "https://status.mojang.com/check"  with reason  499
 1903.832 D Download failed in previous step: "https://status.mojang.com/check"
 1903.833 D Downloading  "https://status.mojang.com/check"
 1903.946 D Download succeeded: "https://status.mojang.com/check"
 1903.946 D Task "NetJob(Status JSON)" succeeded
 1903.946 D Finished loading status JSON.
 1903.946 D Status loading succeeded.
 1938.291 D Task "NetJob(Status JSON)" starting for the first time
 1938.291 D Downloading  "https://status.mojang.com/check"
 1938.778 D Download succeeded: "https://status.mojang.com/check"
 1938.778 D Task "NetJob(Status JSON)" succeeded
 1938.778 D Finished loading status JSON.
 1938.778 D Status loading succeeded.
 1998.288 D Task "NetJob(Status JSON)" starting for the first time
 1998.289 D Downloading  "https://status.mojang.com/check"
 1999.554 D Download succeeded: "https://status.mojang.com/check"
 1999.554 D Task "NetJob(Status JSON)" succeeded
 1999.554 D Finished loading status JSON.
 1999.554 D Status loading succeeded.
 2058.288 D Task "NetJob(Status JSON)" starting for the first time
 2058.288 D Downloading  "https://status.mojang.com/check"
 2061.973 D Download succeeded: "https://status.mojang.com/check"
 2061.973 D Task "NetJob(Status JSON)" succeeded
 2061.973 D Finished loading status JSON.
 2061.973 D Status loading succeeded.
 2118.288 D Task "NetJob(Status JSON)" starting for the first time
 2118.288 D Downloading  "https://status.mojang.com/check"
 2118.854 D Download succeeded: "https://status.mojang.com/check"
 2118.854 D Task "NetJob(Status JSON)" succeeded
 2118.854 D Finished loading status JSON.
 2118.854 D Status loading succeeded.
 2178.289 D Task "NetJob(Status JSON)" starting for the first time
 2178.289 D Downloading  "https://status.mojang.com/check"
 2178.799 D Download succeeded: "https://status.mojang.com/check"
 2178.799 D Task "NetJob(Status JSON)" succeeded
 2178.799 D Finished loading status JSON.
 2178.799 D Status loading succeeded.
 2238.288 D Task "NetJob(Status JSON)" starting for the first time
 2238.288 D Downloading  "https://status.mojang.com/check"
 2263.148 C Failed  "https://status.mojang.com/check"  with reason  499
 2263.148 D Download failed in previous step: "https://status.mojang.com/check"
 2263.148 D Downloading  "https://status.mojang.com/check"
 2288.149 C Failed  "https://status.mojang.com/check"  with reason  499
 2288.149 D Download failed in previous step: "https://status.mojang.com/check"
 2288.149 D Downloading  "https://status.mojang.com/check"
 2288.262 D Download succeeded: "https://status.mojang.com/check"
 2288.262 D Task "NetJob(Status JSON)" succeeded
 2288.262 D Finished loading status JSON.
 2288.262 D Status loading succeeded.
 2298.289 D Task "NetJob(Status JSON)" starting for the first time
 2298.289 D Downloading  "https://status.mojang.com/check"
 2309.865 D Download succeeded: "https://status.mojang.com/check"
 2309.865 D Task "NetJob(Status JSON)" succeeded
 2309.865 D Finished loading status JSON.
 2309.865 D Status loading succeeded.
 2358.287 D Task "NetJob(Status JSON)" starting for the first time
 2358.287 D Downloading  "https://status.mojang.com/check"
 2382.829 C Failed  "https://status.mojang.com/check"  with reason  499
 2382.829 D Download failed in previous step: "https://status.mojang.com/check"
 2382.829 D Downloading  "https://status.mojang.com/check"
 2407.852 C Failed  "https://status.mojang.com/check"  with reason  499
 2407.852 D Download failed in previous step: "https://status.mojang.com/check"
 2407.852 D Downloading  "https://status.mojang.com/check"
 2407.972 D Download succeeded: "https://status.mojang.com/check"
 2407.972 D Task "NetJob(Status JSON)" succeeded
 2407.972 D Finished loading status JSON.
 2407.972 D Status loading succeeded.
 2418.292 D Task "NetJob(Status JSON)" starting for the first time
 2418.292 D Downloading  "https://status.mojang.com/check"
 2418.417 D Download succeeded: "https://status.mojang.com/check"
 2418.417 D Task "NetJob(Status JSON)" succeeded
 2418.417 D Finished loading status JSON.
 2418.417 D Status loading succeeded.
 2478.287 D Task "NetJob(Status JSON)" starting for the first time
 2478.287 D Downloading  "https://status.mojang.com/check"
 2478.801 D Download succeeded: "https://status.mojang.com/check"
 2478.801 D Task "NetJob(Status JSON)" succeeded
 2478.801 D Finished loading status JSON.
 2478.801 D Status loading succeeded.
 2538.288 D Task "NetJob(Status JSON)" starting for the first time
 2538.288 D Downloading  "https://status.mojang.com/check"
 2538.877 D Download succeeded: "https://status.mojang.com/check"
 2538.877 D Task "NetJob(Status JSON)" succeeded
 2538.877 D Finished loading status JSON.
 2538.877 D Status loading succeeded.
 2598.288 D Task "NetJob(Status JSON)" starting for the first time
 2598.288 D Downloading  "https://status.mojang.com/check"
 2598.791 D Download succeeded: "https://status.mojang.com/check"
 2598.791 D Task "NetJob(Status JSON)" succeeded
 2598.791 D Finished loading status JSON.
 2598.791 D Status loading succeeded.
 2658.287 D Task "NetJob(Status JSON)" starting for the first time
 2658.287 D Downloading  "https://status.mojang.com/check"
 2683.824 C Failed  "https://status.mojang.com/check"  with reason  299
 2683.824 D Download failed in previous step: "https://status.mojang.com/check"
 2683.824 D Downloading  "https://status.mojang.com/check"
 2709.147 C Failed  "https://status.mojang.com/check"  with reason  499
 2709.147 D Download failed in previous step: "https://status.mojang.com/check"
 2709.147 D Downloading  "https://status.mojang.com/check"
 2709.272 D Download succeeded: "https://status.mojang.com/check"
 2709.272 D Task "NetJob(Status JSON)" succeeded
 2709.272 D Finished loading status JSON.
 2709.272 D Status loading succeeded.
 2718.287 D Task "NetJob(Status JSON)" starting for the first time
 2718.287 D Downloading  "https://status.mojang.com/check"
 2718.410 D Download succeeded: "https://status.mojang.com/check"
 2718.410 D Task "NetJob(Status JSON)" succeeded
 2718.410 D Finished loading status JSON.
 2718.410 D Status loading succeeded.
 2778.288 D Task "NetJob(Status JSON)" starting for the first time
 2778.288 D Downloading  "https://status.mojang.com/check"
 2802.833 C Failed  "https://status.mojang.com/check"  with reason  499
 2802.833 D Download failed in previous step: "https://status.mojang.com/check"
 2802.833 D Downloading  "https://status.mojang.com/check"
 2827.822 C Failed  "https://status.mojang.com/check"  with reason  499
 2827.822 D Download failed in previous step: "https://status.mojang.com/check"
 2827.822 D Downloading  "https://status.mojang.com/check"
 2850.147 D Download succeeded: "https://status.mojang.com/check"
 2850.147 D Task "NetJob(Status JSON)" succeeded
 2850.147 D Finished loading status JSON.
 2850.147 D Status loading succeeded.
 2898.287 D Task "NetJob(Status JSON)" starting for the first time
 2898.287 D Downloading  "https://status.mojang.com/check"
 2898.816 D Download succeeded: "https://status.mojang.com/check"
 2898.816 D Task "NetJob(Status JSON)" succeeded
 2898.816 D Finished loading status JSON.
 2898.816 D Status loading succeeded.
 2958.288 D Task "NetJob(Status JSON)" starting for the first time
 2958.288 D Downloading  "https://status.mojang.com/check"
 2983.518 C Failed  "https://status.mojang.com/check"  with reason  499
 2983.518 D Download failed in previous step: "https://status.mojang.com/check"
 2983.518 D Downloading  "https://status.mojang.com/check"
 2983.635 D Download succeeded: "https://status.mojang.com/check"
 2983.635 D Task "NetJob(Status JSON)" succeeded
 2983.635 D Finished loading status JSON.
 2983.635 D Status loading succeeded.
 3018.295 D Task "NetJob(Status JSON)" starting for the first time
 3018.295 D Downloading  "https://status.mojang.com/check"
 3018.803 D Download succeeded: "https://status.mojang.com/check"
 3018.804 D Task "NetJob(Status JSON)" succeeded
 3018.804 D Finished loading status JSON.
 3018.804 D Status loading succeeded.
 3078.287 D Task "NetJob(Status JSON)" starting for the first time
 3078.288 D Downloading  "https://status.mojang.com/check"
 3079.494 D Download succeeded: "https://status.mojang.com/check"
 3079.494 D Task "NetJob(Status JSON)" succeeded
 3079.494 D Finished loading status JSON.
 3079.494 D Status loading succeeded.
 3138.290 D Task "NetJob(Status JSON)" starting for the first time
 3138.290 D Downloading  "https://status.mojang.com/check"
 3141.975 D Download succeeded: "https://status.mojang.com/check"
 3141.975 D Task "NetJob(Status JSON)" succeeded
 3141.975 D Finished loading status JSON.
 3141.975 D Status loading succeeded.
 3198.295 D Task "NetJob(Status JSON)" starting for the first time
 3198.295 D Downloading  "https://status.mojang.com/check"
 3198.789 D Download succeeded: "https://status.mojang.com/check"
 3198.789 D Task "NetJob(Status JSON)" succeeded
 3198.789 D Finished loading status JSON.
 3198.789 D Status loading succeeded.
 3258.288 D Task "NetJob(Status JSON)" starting for the first time
 3258.288 D Downloading  "https://status.mojang.com/check"
 3259.428 D Download succeeded: "https://status.mojang.com/check"
 3259.428 D Task "NetJob(Status JSON)" succeeded
 3259.428 D Finished loading status JSON.
 3259.429 D Status loading succeeded.
