[10:52:59] [main/WARN]: Warnings were found! 
 - Mod 'ClickThrough' (clickthrough) recommends version 1.1.7 or later of mod modupdater, which is missing!
	 - You must install version 1.1.7 or later of modupdater.
 - Mod 'AntiGhost' (antighost) recommends version 1.1.7 or later of mod modupdater, which is missing!
	 - You must install version 1.1.7 or later of modupdater.
 - Mod 'Clear Despawn' (cleardespawn) recommends version 1.1.7 or later of mod modupdater, which is missing!
	 - You must install version 1.1.7 or later of modupdater.
 - Mod 'Giselbaers Durability Viewer' (durabilityviewer) recommends version 1.1.7 or later of mod modupdater, which is missing!
	 - You must install version 1.1.7 or later of modupdater.
[10:52:59] [main/INFO]: [FabricLoader] Loading 112 mods:
	- advanced_runtime_resource_pack@0.3.12
	- amecsapi@1.1.4+mc1.16.5
	- antighost@1.16.5-fabric0.30.0-1.1.3
	- appleskin@1.0.11
	- architectury@1.14.156
	- autoconfig1u@3.3.1
	- autoconfigtoml@1.0.0-fabric
	- blur@2.1.0
	- bobby@1.1.4
	- cleardespawn@1.16.5-fabric0.30.0-1.1.1
	- clickthrough@1.16.5-fabric0.30.0-0.4
	- cloth-basic-math@0.5.1
	- cloth-client-events-v0@1.5.47
	- cloth-config2@4.11.26
	- colored-tooltips@1.1.2
	- com_electronwill_night-config_core@3.6.3
	- com_electronwill_night-config_toml@3.6.3
	- com_moandjiezana_toml_toml4j@0.7.2
	- com_typesafe_config@1.4.1
	- confabricate@2.0.3+4.0.0
	- cotton-client-commands@1.0.1+1.16-rc1
	- crowdin-translate@1.2
	- dark-loading-screen@1.6.3
	- de_javagl_obj@0.3.0
	- durabilityviewer@1.16.5-fabric0.30.0-1.10
	- dynamicfps@2.0.2
	- enhancedblockentities@0.3.1
	- fabric@0.34.2+1.16
	- fabric-api-base@0.3.0+c88702897d
	- fabric-api-lookup-api-v1@1.0.0+dc716ea17d
	- fabric-biome-api-v1@3.1.1+ca58154a7d
	- fabric-blockrenderlayer-v1@1.1.5+ca58154a7d
	- fabric-command-api-v1@1.1.1+351679a77d
	- fabric-commands-v0@0.2.2+ca58154a7d
	- fabric-containers-v0@0.1.11+9354966b7d
	- fabric-content-registries-v0@0.2.1+ca58154a7d
	- fabric-crash-report-info-v1@0.1.3+ca58154a7d
	- fabric-dimensions-v1@2.0.6+61336ba97d
	- fabric-entity-events-v1@1.1.0+c88702897d
	- fabric-events-interaction-v0@0.4.2+ca58154a7d
	- fabric-events-lifecycle-v0@0.2.1+ca58154a7d
	- fabric-game-rule-api-v1@1.0.6+ca58154a7d
	- fabric-item-api-v1@1.2.1+ca58154a7d
	- fabric-item-groups-v0@0.2.7+2868a2287d
	- fabric-key-binding-api-v1@1.0.4+9354966b7d
	- fabric-keybindings-v0@0.2.1+ca58154a7d
	- fabric-lifecycle-events-v1@1.2.1+ca58154a7d
	- fabric-loot-tables-v1@1.0.2+ca58154a7d
	- fabric-mining-levels-v0@0.1.3+ca58154a7d
	- fabric-models-v0@0.3.0+bc7a746f7d
	- fabric-networking-api-v1@1.0.3+e3c9d0627d
	- fabric-networking-blockentity-v0@0.2.8+ca58154a7d
	- fabric-networking-v0@0.3.2+ca58154a7d
	- fabric-object-builder-api-v1@1.9.5+c88702897d
	- fabric-object-builders-v0@0.7.2+ca58154a7d
	- fabric-particles-v1@0.2.4+ca58154a7d
	- fabric-registry-sync-v0@0.7.4+ca58154a7d
	- fabric-renderer-api-v1@0.4.2+2868a2287d
	- fabric-renderer-indigo@0.4.4+ca58154a7d
	- fabric-renderer-registries-v1@2.3.0+2868a2287d
	- fabric-rendering-data-attachment-v1@0.1.5+ca58154a7d
	- fabric-rendering-fluids-v1@0.1.13+ca58154a7d
	- fabric-rendering-v0@1.1.2+ca58154a7d
	- fabric-rendering-v1@1.6.0+2868a2287d
	- fabric-resource-loader-v0@0.4.6+2868a2287d
	- fabric-screen-api-v1@1.0.0+c045166c7d
	- fabric-screen-handler-api-v1@1.1.5+9354966b7d
	- fabric-structure-api-v1@1.1.4+ca58154a7d
	- fabric-tag-extensions-v0@1.1.1+ca58154a7d
	- fabric-textures-v0@1.0.6+ca58154a7d
	- fabric-tool-attribute-api-v1@1.2.7+8183d3957d
	- fabricloader@0.11.6
	- fiber@0.23.0-2
	- figura@0.0.5
	- gbfabrictools@1.3.2+1.16.4
	- hydrogen@0.2
	- io_leangen_geantyref_geantyref@1.3.11
	- java@8
	- lambdynlights@1.3.4+1.16
	- lazydfu@0.1.2
	- lightoverlay@5.8.1
	- lithium@0.6.4
	- minecraft@1.16.5
	- modmenu@1.16.9
	- mousewheelie@1.7.1+mc1.16.5
	- okzoomer@4.0.1+1.16.2
	- org_aperlambda_lambdajcommon@1.8.1
	- org_luaj_luaj-jse@3.0.1
	- org_spongepowered_configurate-core@4.0.0
	- org_spongepowered_configurate-extra-dfu4@4.0.0
	- org_spongepowered_configurate-gson@4.0.0
	- org_spongepowered_configurate-hocon@4.0.0
	- phosphor@0.7.2+build.12
	- randompatches@2.4.5-fabric
	- replaymod@1.16.4-2.5.1
	- resource_extractor@0.1.1
	- respackopts@1.4.1
	- roughlyenoughitems@5.11.218
	- roughlyenoughitems-api@5.11.218
	- roughlyenoughitems-default-plugin@5.11.218
	- roughlyenoughitems-runtime@5.11.218
	- satin@1.5.1
	- seamless_loading_screen@1.3.4
	- skyblockcatia@2.2.1
	- skyblocker@1.0.6
	- smoothboot@1.16.5-1.6.0
	- sodium@0.1.0
	- sodium-extra@0.2.6
	- spruceui@2.1.4+1.16
	- stevekungs_lib@4.1.2
	- tweed@3.0.0-beta.26
	- vistas@1.3.1
[10:52:59] [main/INFO]: SpongePowered MIXIN Subsystem Version=0.8.2 Source=file:/home/archy/.local/share/multimc/libraries/net/fabricmc/sponge-mixin/0.9.4+mixin.0.8.2/sponge-mixin-0.9.4+mixin.0.8.2.jar Service=Knot/Fabric Env=CLIENT
[10:53:00] [main/INFO]: Loaded configuration file for Sodium (38 options available, 0 user overrides)
[10:53:00] [main/INFO]: Sodium has been successfully discovered and initialized -- your game is now faster!
[10:53:00] [main/INFO]: Loaded configuration file for Lithium: 80 options available, 0 override(s) found
[10:53:00] [main/WARN]: Reference map 'mixins.nonmmlauncher.replaymod.refmap.json' for mixins.nonmmlauncher.replaymod.json could not be read. If this is a development environment you can ignore this message
[10:53:00] [main/WARN]: [Satin] Sodium is present, custom block renders may not work
[10:53:00] [main/INFO]: OptiFine not detected!
[10:53:00] [main/INFO]: OptiFabric not detected!
[10:53:01] [main/WARN]: @Mixin target net/minecraft/class_3898$class_3208 is public in fabric-networking-api-v1.mixins.json:accessor.EntityTrackerAccessor and should be specified in value
[10:53:02] [main/WARN]: Error loading class: net/optifine/render/ChunkVisibility (java.lang.ClassNotFoundException: net/optifine/render/ChunkVisibility)
[10:53:02] [main/WARN]: Error loading class: shadersmod/client/ShadersRender (java.lang.ClassNotFoundException: shadersmod/client/ShadersRender)
[10:53:02] [main/WARN]: Error loading class: net/optifine/shaders/ShadersRender (java.lang.ClassNotFoundException: net/optifine/shaders/ShadersRender)
[10:53:02] [main/WARN]: Trying to reflect-hack into the class-loader so we can define our own classes in an unrestricted loader...
[10:53:02] [main/WARN]: ** The JVM might warn you with something nasty! **
[10:53:02] [main/INFO]: Injecting class 'com.google.common.collect.HydrogenImmutableMapEntry' (url: jar:file:/home/archy/.local/share/multimc/instances/riley.mp4/.minecraft/mods/hydrogen-fabric-mc1.16.5-0.2.jar!/com/google/common/collect/HydrogenImmutableMapEntry.class)
[10:53:02] [main/INFO]: Injecting class 'com.google.common.collect.HydrogenImmutableReferenceHashMap' (url: jar:file:/home/archy/.local/share/multimc/instances/riley.mp4/.minecraft/mods/hydrogen-fabric-mc1.16.5-0.2.jar!/com/google/common/collect/HydrogenImmutableReferenceHashMap.class)
[10:53:02] [main/INFO]: Injecting class 'com.google.common.collect.HydrogenEntrySet' (url: jar:file:/home/archy/.local/share/multimc/instances/riley.mp4/.minecraft/mods/hydrogen-fabric-mc1.16.5-0.2.jar!/com/google/common/collect/HydrogenEntrySet.class)
[10:53:02] [main/INFO]: Injecting class 'com.google.common.collect.HydrogenEntrySetIterator' (url: jar:file:/home/archy/.local/share/multimc/instances/riley.mp4/.minecraft/mods/hydrogen-fabric-mc1.16.5-0.2.jar!/com/google/common/collect/HydrogenEntrySetIterator.class)
[10:53:02] [main/INFO]: I used the json to destroy the json
[10:53:02] [main/INFO]: Smooth Boot config initialized
[10:53:06] [main/INFO]: Environment: authHost='https://authserver.mojang.com', accountsHost='https://api.mojang.com', sessionHost='https://sessionserver.mojang.com', servicesHost='https://api.minecraftservices.com', name='PROD'
[10:53:07] [main/INFO]: Setting user: catforcuddle
[10:53:08] [main/INFO]: [LambDynLights] Initializing LambDynamicLights...
[10:53:08] [main/INFO]: [LambDynLights] Configuration loaded.
[10:53:08] [main/INFO]: [STDOUT]: Initialized Resource Extractor!
[10:53:08] [main/WARN]: WARNING! Mod roughlyenoughitems-api is only using deprecated 'modmenu:parent' custom value! This will be removed in 1.18 snapshots, so ask the author of this mod to support the new API.
[10:53:08] [main/WARN]: WARNING! Mod skyblocker is only using deprecated 'modmenu:clientsideOnly' custom value! This is no longer needed and will be removed in 1.18 snapshots.
[10:53:08] [main/WARN]: WARNING! Mod crowdin-translate is only using deprecated 'modmenu:api' custom value! This will be removed in 1.18 snapshots, so ask the author of this mod to support the new API.
[10:53:08] [main/WARN]: WARNING! Mod satin is only using deprecated 'modmenu:api' custom value! This will be removed in 1.18 snapshots, so ask the author of this mod to support the new API.
[10:53:08] [main/WARN]: WARNING! Mod cotton-client-commands is only using deprecated 'modmenu:clientsideOnly' custom value! This is no longer needed and will be removed in 1.18 snapshots.
[10:53:08] [main/WARN]: WARNING! Mod cotton-client-commands is only using deprecated 'modmenu:api' custom value! This will be removed in 1.18 snapshots, so ask the author of this mod to support the new API.
[10:53:08] [main/WARN]: WARNING! Mod fiber is only using deprecated 'modmenu:api' custom value! This will be removed in 1.18 snapshots, so ask the author of this mod to support the new API.
[10:53:08] [main/WARN]: WARNING! Mod roughlyenoughitems-runtime is only using deprecated 'modmenu:parent' custom value! This will be removed in 1.18 snapshots, so ask the author of this mod to support the new API.
[10:53:08] [main/WARN]: WARNING! Mod cloth-client-events-v0 is only using deprecated 'modmenu:parent' custom value! This will be removed in 1.18 snapshots, so ask the author of this mod to support the new API.
[10:53:08] [main/WARN]: WARNING! Mod cloth-client-events-v0 is only using deprecated 'modmenu:clientsideOnly' custom value! This is no longer needed and will be removed in 1.18 snapshots.
[10:53:08] [main/WARN]: WARNING! Mod cloth-client-events-v0 is only using deprecated 'modmenu:api' custom value! This will be removed in 1.18 snapshots, so ask the author of this mod to support the new API.
[10:53:08] [main/WARN]: WARNING! Mod mousewheelie is only using deprecated 'modmenu:clientsideOnly' custom value! This is no longer needed and will be removed in 1.18 snapshots.
[10:53:08] [main/WARN]: WARNING! Mod replaymod is only using deprecated 'modmenu:clientsideOnly' custom value! This is no longer needed and will be removed in 1.18 snapshots.
[10:53:08] [main/WARN]: WARNING! Mod architectury is only using deprecated 'modmenu:api' custom value! This will be removed in 1.18 snapshots, so ask the author of this mod to support the new API.
[10:53:08] [main/WARN]: WARNING! Mod lightoverlay is only using deprecated 'modmenu:clientsideOnly' custom value! This is no longer needed and will be removed in 1.18 snapshots.
[10:53:08] [main/WARN]: WARNING! Mod gbfabrictools is only using deprecated 'modmenu:api' custom value! This will be removed in 1.18 snapshots, so ask the author of this mod to support the new API.
[10:53:08] [main/WARN]: WARNING! Mod autoconfigtoml is only using deprecated 'modmenu:api' custom value! This will be removed in 1.18 snapshots, so ask the author of this mod to support the new API.
[10:53:08] [main/WARN]: WARNING! Mod roughlyenoughitems-default-plugin is only using deprecated 'modmenu:parent' custom value! This will be removed in 1.18 snapshots, so ask the author of this mod to support the new API.
[10:53:08] [main/WARN]: WARNING! Mod cloth-basic-math is only using deprecated 'modmenu:api' custom value! This will be removed in 1.18 snapshots, so ask the author of this mod to support the new API.
[10:53:08] [main/WARN]: WARNING! Mod spruceui is only using deprecated 'modmenu:api' custom value! This will be removed in 1.18 snapshots, so ask the author of this mod to support the new API.
[10:53:08] [main/WARN]: WARNING! Mod autoconfig1u is only using deprecated 'modmenu:api' custom value! This will be removed in 1.18 snapshots, so ask the author of this mod to support the new API.
[10:53:08] [main/INFO]: Config loaded.
[10:53:08] [main/INFO]: [Indigo] Different rendering plugin detected; not applying Indigo.
[10:53:09] [main/INFO]: Loading SkyBlockcatia settings
[10:53:09] [Thread-117/INFO]: Cannot offer OpenEye, server returned: 404 Not Found
[10:53:09] [main/INFO]: Setting an API Key
[10:53:09] [main/INFO]: Reloaded configs for mousewheelie (universal/highest)
[10:53:09] [main/WARN]: [Amecs API] Unknown keybinding identifier in Amecs API options file: key.worldeditcui.toggle
[10:53:09] [main/WARN]: [Amecs API] Unknown keybinding identifier in Amecs API options file: key.worldeditcui.clear
[10:53:09] [main/WARN]: [Amecs API] Unknown keybinding identifier in Amecs API options file: key.worldeditcui.chunk
[10:53:09] [main/INFO]: Backend library: LWJGL version 3.2.2 build 10
[10:53:09] [Thread 2/INFO]: [STDERR]: com.google.gson.JsonSyntaxException: java.lang.IllegalStateException: Expected BEGIN_ARRAY but was BEGIN_OBJECT at line 3 column 25 path $.crafted_minions
[10:53:09] [Thread 2/INFO]: [STDERR]: 	at com.google.gson.internal.bind.ReflectiveTypeAdapterFactory$Adapter.read(ReflectiveTypeAdapterFactory.java:224)
[10:53:09] [Thread 2/INFO]: [STDERR]: 	at com.google.gson.Gson.fromJson(Gson.java:887)
[10:53:09] [Thread 2/INFO]: [STDERR]: 	at com.google.gson.Gson.fromJson(Gson.java:825)
[10:53:09] [Thread 2/INFO]: [STDERR]: 	at com.stevekung.skyblockcatia.utils.skyblock.SBMinions.getMinions(SBMinions.java:45)
[10:53:09] [Thread 2/INFO]: [STDERR]: 	at com.stevekung.skyblockcatia.core.SkyBlockcatiaMod.downloadAPIData(SkyBlockcatiaMod.java:89)
[10:53:09] [Thread 2/INFO]: [STDERR]: 	at java.util.concurrent.CompletableFuture$AsyncRun.run(CompletableFuture.java:1640)
[10:53:09] [Thread 2/INFO]: [STDERR]: 	at java.util.concurrent.ThreadPoolExecutor.runWorker(ThreadPoolExecutor.java:1149)
[10:53:09] [Thread 2/INFO]: [STDERR]: 	at java.util.concurrent.ThreadPoolExecutor$Worker.run(ThreadPoolExecutor.java:624)
[10:53:09] [Thread 2/INFO]: [STDERR]: 	at java.lang.Thread.run(Thread.java:748)
[10:53:09] [Thread 2/INFO]: [STDERR]: Caused by: java.lang.IllegalStateException: Expected BEGIN_ARRAY but was BEGIN_OBJECT at line 3 column 25 path $.crafted_minions
[10:53:09] [Thread 2/INFO]: [STDERR]: 	at com.google.gson.stream.JsonReader.beginArray(JsonReader.java:350)
[10:53:09] [Thread 2/INFO]: [STDERR]: 	at com.google.gson.internal.bind.ArrayTypeAdapter.read(ArrayTypeAdapter.java:70)
[10:53:09] [Thread 2/INFO]: [STDERR]: 	at com.google.gson.internal.bind.ReflectiveTypeAdapterFactory$1.read(ReflectiveTypeAdapterFactory.java:129)
[10:53:09] [Thread 2/INFO]: [STDERR]: 	at com.google.gson.internal.bind.ReflectiveTypeAdapterFactory$Adapter.read(ReflectiveTypeAdapterFactory.java:220)
[10:53:09] [Thread 2/INFO]: [STDERR]: 	... 8 more
[10:53:11] [main/WARN]: ERROR : Couldn't load Narrator library : Unable to load library 'fliteWrapper': Native library (linux-x86-64/libfliteWrapper.so) not found in resource path (/usr/share/multimc/jars/NewLaunch.jar:/home/archy/.local/share/multimc/libraries/org/lwjgl/lwjgl-glfw/3.2.2/lwjgl-glfw-3.2.2.jar:/home/archy/.local/share/multimc/libraries/org/lwjgl/lwjgl-jemalloc/3.2.2/lwjgl-jemalloc-3.2.2.jar:/home/archy/.local/share/multimc/libraries/org/lwjgl/lwjgl-openal/3.2.2/lwjgl-openal-3.2.2.jar:/home/archy/.local/share/multimc/libraries/org/lwjgl/lwjgl-opengl/3.2.2/lwjgl-opengl-3.2.2.jar:/home/archy/.local/share/multimc/libraries/org/lwjgl/lwjgl-stb/3.2.2/lwjgl-stb-3.2.2.jar:/home/archy/.local/share/multimc/libraries/org/lwjgl/lwjgl-tinyfd/3.2.2/lwjgl-tinyfd-3.2.2.jar:/home/archy/.local/share/multimc/libraries/org/lwjgl/lwjgl/3.2.2/lwjgl-3.2.2.jar:/home/archy/.local/share/multimc/libraries/com/mojang/patchy/1.1/patchy-1.1.jar:/home/archy/.local/share/multimc/libraries/oshi-project/oshi-core/1.1/oshi-core-1.1.jar:/home/archy/.local/share/multimc/libraries/net/java/dev/jna/jna/4.4.0/jna-4.4.0.jar:/home/archy/.local/share/multimc/libraries/net/java/dev/jna/platform/3.4.0/platform-3.4.0.jar:/home/archy/.local/share/multimc/libraries/com/ibm/icu/icu4j/66.1/icu4j-66.1.jar:/home/archy/.local/share/multimc/libraries/com/mojang/javabridge/1.0.22/javabridge-1.0.22.jar:/home/archy/.local/share/multimc/libraries/net/sf/jopt-simple/jopt-simple/5.0.3/jopt-simple-5.0.3.jar:/home/archy/.local/share/multimc/libraries/io/netty/netty-all/4.1.25.Final/netty-all-4.1.25.Final.jar:/home/archy/.local/share/multimc/libraries/com/google/guava/guava/21.0/guava-21.0.jar:/home/archy/.local/share/multimc/libraries/org/apache/commons/commons-lang3/3.5/commons-lang3-3.5.jar:/home/archy/.local/share/multimc/libraries/commons-io/commons-io/2.5/commons-io-2.5.jar:/home/archy/.local/share/multimc/libraries/commons-codec/commons-codec/1.10/commons-codec-1.10.jar:/home/archy/.local/share/multimc/libraries/com/mojang/brigadier/1.0.17/brigadier-1.0.17.jar:/home/archy/.local/share/multimc/libraries/com/mojang/datafixerupper/4.0.26/datafixerupper-4.0.26.jar:/home/archy/.local/share/multimc/libraries/com/google/code/gson/gson/2.8.0/gson-2.8.0.jar:/home/archy/.local/share/multimc/libraries/com/mojang/authlib/2.1.28/authlib-2.1.28.jar:/home/archy/.local/share/multimc/libraries/org/apache/commons/commons-compress/1.8.1/commons-compress-1.8.1.jar:/home/archy/.local/share/multimc/libraries/org/apache/httpcomponents/httpclient/4.3.3/httpclient-4.3.3.jar:/home/archy/.local/share/multimc/libraries/commons-logging/commons-logging/1.1.3/commons-logging-1.1.3.jar:/home/archy/.local/share/multimc/libraries/org/apache/httpcomponents/httpcore/4.3.2/httpcore-4.3.2.jar:/home/archy/.local/share/multimc/libraries/it/unimi/dsi/fastutil/8.2.1/fastutil-8.2.1.jar:/home/archy/.local/share/multimc/libraries/org/apache/logging/log4j/log4j-api/2.8.1/log4j-api-2.8.1.jar:/home/archy/.local/share/multimc/libraries/org/apache/logging/log4j/log4j-core/2.8.1/log4j-core-2.8.1.jar:/home/archy/.local/share/multimc/libraries/com/mojang/text2speech/1.11.3/text2speech-1.11.3.jar:/home/archy/.local/share/multimc/libraries/net/fabricmc/intermediary/1.16.5/intermediary-1.16.5.jar:/home/archy/.local/share/multimc/libraries/net/fabricmc/tiny-mappings-parser/0.2.2.14/tiny-mappings-parser-0.2.2.14.jar:/home/archy/.local/share/multimc/libraries/net/fabricmc/sponge-mixin/0.9.4+mixin.0.8.2/sponge-mixin-0.9.4+mixin.0.8.2.jar:/home/archy/.local/share/multimc/libraries/net/fabricmc/tiny-remapper/0.4.2/tiny-remapper-0.4.2.jar:/home/archy/.local/share/multimc/libraries/net/fabricmc/access-widener/1.0.0/access-widener-1.0.0.jar:/home/archy/.local/share/multimc/libraries/net/fabricmc/fabric-loader-sat4j/2.3.5.4/fabric-loader-sat4j-2.3.5.4.jar:/home/archy/.local/share/multimc/libraries/com/google/jimfs/jimfs/1.2-fabric/jimfs-1.2-fabric.jar:/home/archy/.local/share/multimc/libraries/org/ow2/asm/asm/9.1/asm-9.1.jar:/home/archy/.local/share/multimc/libraries/org/ow2/asm/asm-analysis/9.1/asm-analysis-9.1.jar:/home/archy/.local/share/multimc/libraries/org/ow2/asm/asm-commons/9.1/asm-commons-9.1.jar:/home/archy/.local/share/multimc/libraries/org/ow2/asm/asm-tree/9.1/asm-tree-9.1.jar:/home/archy/.local/share/multimc/libraries/org/ow2/asm/asm-util/9.1/asm-util-9.1.jar:/home/archy/.local/share/multimc/libraries/net/fabricmc/fabric-loader/0.11.6/fabric-loader-0.11.6.jar:/home/archy/.local/share/multimc/libraries/com/mojang/minecraft/1.16.5/minecraft-1.16.5-client.jar)
[10:53:11] [main/INFO]: No Skyblock Pack detected! Disable Glowing Texture for Dragon Armor Set
[10:53:11] [main/INFO]: Reloading ResourceManager: Default, Runtime Resource Packebe:pack, replaymod_lang, Fabric Mods (Fabric Key Bindings (v0), Skyblocker, Fabric Loader, Satin, Hydrogen, Resource Pack Options, Fabric Dimensions API (v1), Fabric Game Rule API (v1), ClickThrough, Fabric API Base, LambDynamicLights, RandomPatches, Fabric BlockRenderLayer Registration (v1), Fabric API, Fabric Networking (v0), Fabric API Lookup API (v1), Fabric Screen Handler API (v1), Resource Extractor, Mod Menu, Sodium Extra, Phosphor, Blur (Fabric), Fabric Tool Attribute API (v1), REI (Runtime), Fabric Crash Report Info (v1), Fabric Events Interaction (v0), Bobby, Fabric Key Binding API (v1), Mouse Wheelie, Cloth Config v4, Replay Mod, Fabric Resource Loader (v0), Seamless Loading Screen, AntiGhost, Enhanced Block Entities, Fabric Commands (v0), Fabric Registry Sync (v0), Light Overlay, Fabric Mining Levels (v0), Fabric Networking API (v1), Fabric Item Groups (v0), Fabric Models (v0), Fabric Renderer API (v1), Clear Despawn, GBfabrictools, Fabric Structure API (v1), Fabric Containers (v0), Lithium, Fabric Object Builder API (v1), Colored Tooltips, Fabric Rendering Data Attachment (v1), Fabric Textures (v0), Fabric Rendering Fluids (v1), LazyDFU, Fabric Lifecycle Events (v1), Sodium, Fabric Renderer Registries (v1), SteveKunG's Lib, Fabric Loot Tables (v1), Dynamic FPS, Fabric Particles (v1), AutoConfig-TOML, Fabric Networking Block Entity (v0), Ok Zoomer, Fabric Command API (v1), Amecs API, Fabric Screen API (v1), Fabric Renderer - Indigo, Smooth Boot, Dark Loading Screen, Fabric Item API (v1), Roughly Enough Items, Fabric Entity Events (v1), Fabric Rendering (v0), Fabric Rendering (v1), SpruceUI, Vistas, Auto Config v1 Updated, Fabric Content Registries (v0), Figura, Fabric Tag Extensions (v0), Fabric Biome API (v1), AppleSkin, Giselbaers Durability Viewer, SkyBlockcatia, Fabric Events Lifecycle (v0), Fabric Object Builders (v0), Tweed), §r§lFurfSky §6§lReborn §8§lOV+ §8§l[§71.3§8§l].zip
[10:53:11] [main/INFO]: ARRP register
[10:53:11] [main/WARN]: ResourcePack: ignored non-lowercase namespace: .DS_Store in /home/archy/.local/share/multimc/instances/riley.mp4/.minecraft/resourcepacks/§r§lFurfSky §6§lReborn §8§lOV+ §8§l[§71.3§8§l].zip
[10:53:11] [main/INFO]: [STDOUT]: Inject generated resource packs.
[10:53:14] [main/INFO]: 'language' is an unsupported metadata key!
[10:53:14] [main/INFO]: OpenAL initialized.
[10:53:14] [main/INFO]: Sound engine started
[10:53:15] [main/INFO]: Created: 1024x512x4 minecraft:textures/atlas/shield_patterns.png-atlas
[10:53:15] [main/INFO]: Created: 1024x1024x4 minecraft:textures/atlas/blocks.png-atlas
[10:53:15] [main/INFO]: Created: 256x128x4 minecraft:textures/atlas/signs.png-atlas
[10:53:15] [main/INFO]: Created: 256x256x4 minecraft:textures/atlas/chest.png-atlas
[10:53:15] [main/INFO]: Created: 512x256x4 minecraft:textures/atlas/beds.png-atlas
[10:53:15] [main/INFO]: Created: 1024x512x4 minecraft:textures/atlas/banner_patterns.png-atlas
[10:53:15] [main/INFO]: Created: 512x256x4 minecraft:textures/atlas/shulker_boxes.png-atlas
[10:53:15] [main/INFO]: Created: 256x256x0 minecraft:textures/atlas/particles.png-atlas
[10:53:15] [main/INFO]: Created: 256x256x0 minecraft:textures/atlas/paintings.png-atlas
[10:53:15] [main/INFO]: Created: 256x128x0 minecraft:textures/atlas/mob_effects.png-atlas
[10:53:15] [main/INFO]: [[[ Deduplication statistics ]]]
[10:53:15] [main/INFO]: Baked quad cache: DeduplicationCache ( 19995 de-duplicated, 55467 entries )
[10:53:15] [main/INFO]: Reloaded configs for mousewheelie (client/smallest)
[10:53:21] [main/INFO]: Connecting to mc.hypixel.net., 25565
[10:53:22] [Netty Epoll Client IO #0/INFO]: Multiplayer Recording is disabled
[10:53:23] [Netty Epoll Client IO #0/WARN]: Method overwrite conflict for sendFeedback in mixins.cotton-client-commands.json:ClientCommandSourceMixin, previously written by net.fabricmc.fabric.mixin.command.client.ClientCommandSourceMixin. Skipping method.
[10:53:23] [Netty Epoll Client IO #0/WARN]: Method overwrite conflict for sendError in mixins.cotton-client-commands.json:ClientCommandSourceMixin, previously written by net.fabricmc.fabric.mixin.command.client.ClientCommandSourceMixin. Skipping method.
[10:53:23] [Netty Epoll Client IO #0/WARN]: Received invalid channel identifier "BungeeCord" from connection net.minecraft.class_2535@5f429962
net.minecraft.class_151: Non [a-z0-9/._-] character in path of location: minecraft:BungeeCord
	at net.minecraft.class_2960.<init>(class_2960.java:41) ~[intermediary-minecraft-1.16.5-client.jar:?]
	at net.minecraft.class_2960.<init>(class_2960.java:46) ~[intermediary-minecraft-1.16.5-client.jar:?]
	at net.fabricmc.fabric.impl.networking.AbstractChanneledNetworkAddon.addId(AbstractChanneledNetworkAddon.java:198) [7f9ddbd4-32a0-4baf-9b4c-071e2a5cf2b8.jar:?]
	at net.fabricmc.fabric.impl.networking.AbstractChanneledNetworkAddon.receiveRegistration(AbstractChanneledNetworkAddon.java:157) [7f9ddbd4-32a0-4baf-9b4c-071e2a5cf2b8.jar:?]
	at net.fabricmc.fabric.impl.networking.AbstractChanneledNetworkAddon.handle(AbstractChanneledNetworkAddon.java:82) [7f9ddbd4-32a0-4baf-9b4c-071e2a5cf2b8.jar:?]
	at net.fabricmc.fabric.impl.networking.client.ClientPlayNetworkAddon.handle(ClientPlayNetworkAddon.java:89) [7f9ddbd4-32a0-4baf-9b4c-071e2a5cf2b8.jar:?]
	at net.minecraft.class_634.handler$bjg000$handleCustomPayload(class_634.java:2474) [intermediary-minecraft-1.16.5-client.jar:?]
	at net.minecraft.class_634.method_11152(class_634.java) [intermediary-minecraft-1.16.5-client.jar:?]
	at net.minecraft.class_2658.method_11457(class_2658.java:65) [intermediary-minecraft-1.16.5-client.jar:?]
	at net.minecraft.class_2658.method_11054(class_2658.java:10) [intermediary-minecraft-1.16.5-client.jar:?]
	at net.minecraft.class_2535.method_10759(class_2535.java:156) [intermediary-minecraft-1.16.5-client.jar:?]
	at net.minecraft.class_2535.method_10770(class_2535.java:147) [intermediary-minecraft-1.16.5-client.jar:?]
	at net.minecraft.class_2535.channelRead0(class_2535.java:52) [intermediary-minecraft-1.16.5-client.jar:?]
	at io.netty.channel.SimpleChannelInboundHandler.channelRead(SimpleChannelInboundHandler.java:105) [netty-all-4.1.25.Final.jar:4.1.25.Final]
	at io.netty.channel.AbstractChannelHandlerContext.invokeChannelRead(AbstractChannelHandlerContext.java:362) [netty-all-4.1.25.Final.jar:4.1.25.Final]
	at io.netty.channel.AbstractChannelHandlerContext.invokeChannelRead(AbstractChannelHandlerContext.java:348) [netty-all-4.1.25.Final.jar:4.1.25.Final]
	at io.netty.channel.AbstractChannelHandlerContext.fireChannelRead(AbstractChannelHandlerContext.java:340) [netty-all-4.1.25.Final.jar:4.1.25.Final]
	at io.netty.handler.codec.ByteToMessageDecoder.fireChannelRead(ByteToMessageDecoder.java:310) [netty-all-4.1.25.Final.jar:4.1.25.Final]
	at io.netty.handler.codec.ByteToMessageDecoder.channelRead(ByteToMessageDecoder.java:284) [netty-all-4.1.25.Final.jar:4.1.25.Final]
	at io.netty.channel.AbstractChannelHandlerContext.invokeChannelRead(AbstractChannelHandlerContext.java:362) [netty-all-4.1.25.Final.jar:4.1.25.Final]
	at io.netty.channel.AbstractChannelHandlerContext.invokeChannelRead(AbstractChannelHandlerContext.java:348) [netty-all-4.1.25.Final.jar:4.1.25.Final]
	at io.netty.channel.AbstractChannelHandlerContext.fireChannelRead(AbstractChannelHandlerContext.java:340) [netty-all-4.1.25.Final.jar:4.1.25.Final]
	at io.netty.handler.codec.ByteToMessageDecoder.fireChannelRead(ByteToMessageDecoder.java:310) [netty-all-4.1.25.Final.jar:4.1.25.Final]
	at io.netty.handler.codec.ByteToMessageDecoder.channelRead(ByteToMessageDecoder.java:284) [netty-all-4.1.25.Final.jar:4.1.25.Final]
	at io.netty.channel.AbstractChannelHandlerContext.invokeChannelRead(AbstractChannelHandlerContext.java:362) [netty-all-4.1.25.Final.jar:4.1.25.Final]
	at io.netty.channel.AbstractChannelHandlerContext.invokeChannelRead(AbstractChannelHandlerContext.java:348) [netty-all-4.1.25.Final.jar:4.1.25.Final]
	at io.netty.channel.AbstractChannelHandlerContext.fireChannelRead(AbstractChannelHandlerContext.java:340) [netty-all-4.1.25.Final.jar:4.1.25.Final]
	at io.netty.handler.codec.ByteToMessageDecoder.fireChannelRead(ByteToMessageDecoder.java:310) [netty-all-4.1.25.Final.jar:4.1.25.Final]
	at io.netty.handler.codec.ByteToMessageDecoder.channelRead(ByteToMessageDecoder.java:284) [netty-all-4.1.25.Final.jar:4.1.25.Final]
	at io.netty.channel.AbstractChannelHandlerContext.invokeChannelRead(AbstractChannelHandlerContext.java:362) [netty-all-4.1.25.Final.jar:4.1.25.Final]
	at io.netty.channel.AbstractChannelHandlerContext.invokeChannelRead(AbstractChannelHandlerContext.java:348) [netty-all-4.1.25.Final.jar:4.1.25.Final]
	at io.netty.channel.AbstractChannelHandlerContext.fireChannelRead(AbstractChannelHandlerContext.java:340) [netty-all-4.1.25.Final.jar:4.1.25.Final]
	at io.netty.handler.codec.MessageToMessageDecoder.channelRead(MessageToMessageDecoder.java:102) [netty-all-4.1.25.Final.jar:4.1.25.Final]
	at io.netty.channel.AbstractChannelHandlerContext.invokeChannelRead(AbstractChannelHandlerContext.java:362) [netty-all-4.1.25.Final.jar:4.1.25.Final]
	at io.netty.channel.AbstractChannelHandlerContext.invokeChannelRead(AbstractChannelHandlerContext.java:348) [netty-all-4.1.25.Final.jar:4.1.25.Final]
	at io.netty.channel.AbstractChannelHandlerContext.fireChannelRead(AbstractChannelHandlerContext.java:340) [netty-all-4.1.25.Final.jar:4.1.25.Final]
	at io.netty.handler.timeout.IdleStateHandler.channelRead(IdleStateHandler.java:286) [netty-all-4.1.25.Final.jar:4.1.25.Final]
	at io.netty.channel.AbstractChannelHandlerContext.invokeChannelRead(AbstractChannelHandlerContext.java:362) [netty-all-4.1.25.Final.jar:4.1.25.Final]
	at io.netty.channel.AbstractChannelHandlerContext.invokeChannelRead(AbstractChannelHandlerContext.java:348) [netty-all-4.1.25.Final.jar:4.1.25.Final]
	at io.netty.channel.AbstractChannelHandlerContext.fireChannelRead(AbstractChannelHandlerContext.java:340) [netty-all-4.1.25.Final.jar:4.1.25.Final]
	at io.netty.channel.DefaultChannelPipeline$HeadContext.channelRead(DefaultChannelPipeline.java:1434) [netty-all-4.1.25.Final.jar:4.1.25.Final]
	at io.netty.channel.AbstractChannelHandlerContext.invokeChannelRead(AbstractChannelHandlerContext.java:362) [netty-all-4.1.25.Final.jar:4.1.25.Final]
	at io.netty.channel.AbstractChannelHandlerContext.invokeChannelRead(AbstractChannelHandlerContext.java:348) [netty-all-4.1.25.Final.jar:4.1.25.Final]
	at io.netty.channel.DefaultChannelPipeline.fireChannelRead(DefaultChannelPipeline.java:965) [netty-all-4.1.25.Final.jar:4.1.25.Final]
	at io.netty.channel.epoll.AbstractEpollStreamChannel$EpollStreamUnsafe.epollInReady(AbstractEpollStreamChannel.java:808) [netty-all-4.1.25.Final.jar:4.1.25.Final]
	at io.netty.channel.epoll.EpollEventLoop.processReady(EpollEventLoop.java:408) [netty-all-4.1.25.Final.jar:4.1.25.Final]
	at io.netty.channel.epoll.EpollEventLoop.run(EpollEventLoop.java:308) [netty-all-4.1.25.Final.jar:4.1.25.Final]
	at io.netty.util.concurrent.SingleThreadEventExecutor$5.run(SingleThreadEventExecutor.java:884) [netty-all-4.1.25.Final.jar:4.1.25.Final]
	at java.lang.Thread.run(Thread.java:748) [?:1.8.0_291]
[10:53:23] [main/INFO]: Started 12 worker threads
[10:53:23] [main/INFO]: Environment: authHost='https://authserver.mojang.com', accountsHost='https://api.mojang.com', sessionHost='https://sessionserver.mojang.com', servicesHost='https://api.minecraftservices.com', name='PROD'
[10:53:24] [main/INFO]: Requested config sync for mousewheelie
[10:53:24] [REI-SyncRecipes/INFO]: Reloading REI, registered 2 plugins: roughlyenoughitems:default_runtime_plugin, roughlyenoughitems:default_plugin
[10:53:24] [REI-SyncRecipes/INFO]: Applied Check Tags for potion in 13ms.
[10:53:24] [REI-SyncRecipes/INFO]: Reloaded 1247 stack entries, 846 recipes displays, 3 exclusion zones suppliers, 5 overlay deciders, 1 visibility handlers and 16 categories (Crafting, Smelting, Smoking, Blasting, Campfire, Stone Cutting, Fuel, Brewing, Composting, Stripping, Smithing, Beacon Base, Beacon Payment, Tilling, Pathing, Information) in 153ms.
[10:53:24] [pool-12-thread-1/INFO]: [STDERR]: java.io.IOException: Server returned HTTP response code: 403 for URL: https://api.hypixel.net/skyblock/profiles?key=&uuid=ac6a720ebb894ff8a77df7f0a8a641c7
[10:53:24] [pool-12-thread-1/INFO]: [STDERR]: 	at sun.net.www.protocol.http.HttpURLConnection.getInputStream0(HttpURLConnection.java:1900)
[10:53:24] [pool-12-thread-1/INFO]: [STDERR]: 	at sun.net.www.protocol.http.HttpURLConnection.getInputStream(HttpURLConnection.java:1498)
[10:53:24] [pool-12-thread-1/INFO]: [STDERR]: 	at sun.net.www.protocol.https.HttpsURLConnectionImpl.getInputStream(HttpsURLConnectionImpl.java:268)
[10:53:24] [pool-12-thread-1/INFO]: [STDERR]: 	at com.stevekung.skyblockcatia.utils.skyblock.api.PetStats.scheduleDownloadPetStats(PetStats.java:56)
[10:53:24] [pool-12-thread-1/INFO]: [STDERR]: 	at java.util.concurrent.Executors$RunnableAdapter.call(Executors.java:511)
[10:53:24] [pool-12-thread-1/INFO]: [STDERR]: 	at java.util.concurrent.FutureTask.runAndReset(FutureTask.java:308)
[10:53:24] [pool-12-thread-1/INFO]: [STDERR]: 	at java.util.concurrent.ScheduledThreadPoolExecutor$ScheduledFutureTask.access$301(ScheduledThreadPoolExecutor.java:180)
[10:53:24] [pool-12-thread-1/INFO]: [STDERR]: 	at java.util.concurrent.ScheduledThreadPoolExecutor$ScheduledFutureTask.run(ScheduledThreadPoolExecutor.java:294)
[10:53:24] [pool-12-thread-1/INFO]: [STDERR]: 	at java.util.concurrent.ThreadPoolExecutor.runWorker(ThreadPoolExecutor.java:1149)
[10:53:24] [pool-12-thread-1/INFO]: [STDERR]: 	at java.util.concurrent.ThreadPoolExecutor$Worker.run(ThreadPoolExecutor.java:624)
[10:53:24] [pool-12-thread-1/INFO]: [STDERR]: 	at java.lang.Thread.run(Thread.java:748)
[10:53:24] [main/INFO]: [CHAT]                                      
[10:53:25] [main/INFO]: [CHAT]                          
[10:53:25] [main/INFO]: [CHAT] §aYou have §b1 §aunclaimed leveling reward!
[10:53:25] [main/INFO]: [CHAT] §eClick here to view it!
[10:53:25] [main/WARN]: Unknown custom packed identifier: badlion:mods
[10:53:25] [main/WARN]: Unable to play unknown soundEvent: minecraft:
[10:53:25] [main/INFO]: DurabilityViewer did not find Trinkets API
[10:53:25] [main/INFO]: DurabilityViewer did not find Tech Reborn
[10:53:25] [main/INFO]: [CHAT] Jules_Itachi found a ✰✰✰✰✰ Mystery Box!
[10:53:30] [main/INFO]: [CHAT] Sending to server mini824H...
[10:53:31] [main/INFO]: Stopping worker threads
[10:53:31] [main/INFO]: Started 12 worker threads
[10:53:31] [main/INFO]: Stopping worker threads
[10:53:31] [main/INFO]: Started 12 worker threads
[10:53:31] [main/INFO]: Environment: authHost='https://authserver.mojang.com', accountsHost='https://api.mojang.com', sessionHost='https://sessionserver.mojang.com', servicesHost='https://api.minecraftservices.com', name='PROD'
[10:53:31] [main/INFO]: Requested config sync for mousewheelie
[10:53:31] [main/INFO]: Stopping worker threads
[10:53:31] [main/INFO]: Started 12 worker threads
[10:53:31] [main/INFO]: Stopping worker threads
[10:53:31] [main/INFO]: Started 12 worker threads
[10:53:31] [main/INFO]: Environment: authHost='https://authserver.mojang.com', accountsHost='https://api.mojang.com', sessionHost='https://sessionserver.mojang.com', servicesHost='https://api.minecraftservices.com', name='PROD'
[10:53:31] [main/INFO]: Stopping worker threads
[10:53:31] [main/INFO]: Started 12 worker threads
[10:53:31] [main/INFO]: Stopping worker threads
[10:53:31] [main/INFO]: Started 12 worker threads
[10:53:31] [main/INFO]: Environment: authHost='https://authserver.mojang.com', accountsHost='https://api.mojang.com', sessionHost='https://sessionserver.mojang.com', servicesHost='https://api.minecraftservices.com', name='PROD'
[10:53:31] [REI-SyncRecipes/INFO]: Reloading REI, registered 2 plugins: roughlyenoughitems:default_runtime_plugin, roughlyenoughitems:default_plugin
[10:53:31] [REI-SyncRecipes/INFO]: Applied Check Tags for potion in 2ms.
[10:53:31] [REI-SyncRecipes/INFO]: Reloaded 1247 stack entries, 846 recipes displays, 3 exclusion zones suppliers, 5 overlay deciders, 1 visibility handlers and 16 categories (Crafting, Smelting, Smoking, Blasting, Campfire, Stone Cutting, Fuel, Brewing, Composting, Stripping, Smithing, Beacon Base, Beacon Payment, Tilling, Pathing, Information) in 31ms.
[10:53:31] [pool-14-thread-1/INFO]: [STDERR]: java.io.IOException: Server returned HTTP response code: 403 for URL: https://api.hypixel.net/skyblock/profiles?key=&uuid=ac6a720ebb894ff8a77df7f0a8a641c7
[10:53:31] [pool-14-thread-1/INFO]: [STDERR]: 	at sun.net.www.protocol.http.HttpURLConnection.getInputStream0(HttpURLConnection.java:1900)
[10:53:31] [pool-14-thread-1/INFO]: [STDERR]: 	at sun.net.www.protocol.http.HttpURLConnection.getInputStream(HttpURLConnection.java:1498)
[10:53:31] [pool-14-thread-1/INFO]: [STDERR]: 	at sun.net.www.protocol.https.HttpsURLConnectionImpl.getInputStream(HttpsURLConnectionImpl.java:268)
[10:53:31] [pool-14-thread-1/INFO]: [STDERR]: 	at com.stevekung.skyblockcatia.utils.skyblock.api.PetStats.scheduleDownloadPetStats(PetStats.java:56)
[10:53:31] [pool-14-thread-1/INFO]: [STDERR]: 	at java.util.concurrent.Executors$RunnableAdapter.call(Executors.java:511)
[10:53:31] [pool-14-thread-1/INFO]: [STDERR]: 	at java.util.concurrent.FutureTask.runAndReset(FutureTask.java:308)
[10:53:31] [pool-14-thread-1/INFO]: [STDERR]: 	at java.util.concurrent.ScheduledThreadPoolExecutor$ScheduledFutureTask.access$301(ScheduledThreadPoolExecutor.java:180)
[10:53:31] [pool-14-thread-1/INFO]: [STDERR]: 	at java.util.concurrent.ScheduledThreadPoolExecutor$ScheduledFutureTask.run(ScheduledThreadPoolExecutor.java:294)
[10:53:31] [pool-14-thread-1/INFO]: [STDERR]: 	at java.util.concurrent.ThreadPoolExecutor.runWorker(ThreadPoolExecutor.java:1149)
[10:53:31] [pool-14-thread-1/INFO]: [STDERR]: 	at java.util.concurrent.ThreadPoolExecutor$Worker.run(ThreadPoolExecutor.java:624)
[10:53:31] [pool-14-thread-1/INFO]: [STDERR]: 	at java.lang.Thread.run(Thread.java:748)
[10:53:31] [main/INFO]: [CHAT]        
[10:53:31] [main/INFO]: [CHAT] Since you've been away you earned 0 coins as interest in your personal bank account!
[10:53:31] [main/INFO]: [CHAT] -----------------------------------------------------
[10:53:31] [main/INFO]: [CHAT] You have just received 375,000 coins as interest in your co-op bank account!
[10:53:31] [main/INFO]: [CHAT] -----------------------------------------------------
[10:53:34] [main/INFO]: [CHAT] §aYou are playing on profile: §eBlueberry§b (Co-op)
[10:53:35] [main/INFO]: [CHAT] 
[10:53:35] [main/INFO]: [CHAT] Welcome to Hypixel SkyBlock!
[10:54:31] [main/INFO]: [CHAT] Mining Speed Boost is now available!
[10:54:59] [main/INFO]: [CHAT] Sending to server mini225W...
[10:54:59] [main/INFO]: Stopping worker threads
[10:54:59] [main/INFO]: Started 12 worker threads
[10:54:59] [main/INFO]: Stopping worker threads
[10:54:59] [main/INFO]: Started 12 worker threads
[10:54:59] [main/INFO]: Environment: authHost='https://authserver.mojang.com', accountsHost='https://api.mojang.com', sessionHost='https://sessionserver.mojang.com', servicesHost='https://api.minecraftservices.com', name='PROD'
[10:54:59] [main/INFO]: Requested config sync for mousewheelie
[10:54:59] [main/INFO]: Stopping worker threads
[10:54:59] [main/INFO]: Started 12 worker threads
[10:54:59] [main/INFO]: Stopping worker threads
[10:54:59] [main/INFO]: Started 12 worker threads
[10:54:59] [main/INFO]: Environment: authHost='https://authserver.mojang.com', accountsHost='https://api.mojang.com', sessionHost='https://sessionserver.mojang.com', servicesHost='https://api.minecraftservices.com', name='PROD'
[10:54:59] [main/INFO]: Stopping worker threads
[10:54:59] [main/INFO]: Started 12 worker threads
[10:54:59] [main/INFO]: Stopping worker threads
[10:54:59] [main/INFO]: Started 12 worker threads
[10:54:59] [main/INFO]: Environment: authHost='https://authserver.mojang.com', accountsHost='https://api.mojang.com', sessionHost='https://sessionserver.mojang.com', servicesHost='https://api.minecraftservices.com', name='PROD'
[10:54:59] [REI-SyncRecipes/INFO]: Reloading REI, registered 2 plugins: roughlyenoughitems:default_runtime_plugin, roughlyenoughitems:default_plugin
[10:54:59] [REI-SyncRecipes/INFO]: Applied Check Tags for potion in 1ms.
[10:54:59] [REI-SyncRecipes/INFO]: Reloaded 1247 stack entries, 846 recipes displays, 3 exclusion zones suppliers, 5 overlay deciders, 1 visibility handlers and 16 categories (Crafting, Smelting, Smoking, Blasting, Campfire, Stone Cutting, Fuel, Brewing, Composting, Stripping, Smithing, Beacon Base, Beacon Payment, Tilling, Pathing, Information) in 25ms.
[10:54:59] [main/INFO]: [CHAT]        
[10:55:02] [main/INFO]: [CHAT] §aYou are playing on profile: §eBlueberry§b (Co-op)
[10:55:06] [main/INFO]: [CHAT] Depositing coins...
[10:55:06] [main/INFO]: [CHAT] You have deposited 19M coins! You now have 20M coins in your account!
[10:55:22] [main/INFO]: [CHAT] Withdrawing coins...
[10:55:22] [main/INFO]: [CHAT] You have withdrawn 20M coins! You now have 0 coins in your account!
[10:55:24] [pool-12-thread-1/INFO]: [STDERR]: java.io.IOException: Server returned HTTP response code: 403 for URL: https://api.hypixel.net/skyblock/profiles?key=&uuid=ac6a720ebb894ff8a77df7f0a8a641c7
[10:55:24] [pool-12-thread-1/INFO]: [STDERR]: 	at sun.net.www.protocol.http.HttpURLConnection.getInputStream0(HttpURLConnection.java:1900)
[10:55:24] [pool-12-thread-1/INFO]: [STDERR]: 	at sun.net.www.protocol.http.HttpURLConnection.getInputStream(HttpURLConnection.java:1498)
[10:55:24] [pool-12-thread-1/INFO]: [STDERR]: 	at sun.net.www.protocol.https.HttpsURLConnectionImpl.getInputStream(HttpsURLConnectionImpl.java:268)
[10:55:24] [pool-12-thread-1/INFO]: [STDERR]: 	at com.stevekung.skyblockcatia.utils.skyblock.api.PetStats.scheduleDownloadPetStats(PetStats.java:56)
[10:55:24] [pool-12-thread-1/INFO]: [STDERR]: 	at java.util.concurrent.Executors$RunnableAdapter.call(Executors.java:511)
[10:55:24] [pool-12-thread-1/INFO]: [STDERR]: 	at java.util.concurrent.FutureTask.runAndReset(FutureTask.java:308)
[10:55:24] [pool-12-thread-1/INFO]: [STDERR]: 	at java.util.concurrent.ScheduledThreadPoolExecutor$ScheduledFutureTask.access$301(ScheduledThreadPoolExecutor.java:180)
[10:55:24] [pool-12-thread-1/INFO]: [STDERR]: 	at java.util.concurrent.ScheduledThreadPoolExecutor$ScheduledFutureTask.run(ScheduledThreadPoolExecutor.java:294)
[10:55:24] [pool-12-thread-1/INFO]: [STDERR]: 	at java.util.concurrent.ThreadPoolExecutor.runWorker(ThreadPoolExecutor.java:1149)
[10:55:24] [pool-12-thread-1/INFO]: [STDERR]: 	at java.util.concurrent.ThreadPoolExecutor$Worker.run(ThreadPoolExecutor.java:624)
[10:55:24] [pool-12-thread-1/INFO]: [STDERR]: 	at java.lang.Thread.run(Thread.java:748)
[10:55:31] [pool-14-thread-1/INFO]: [STDERR]: java.io.IOException: Server returned HTTP response code: 403 for URL: https://api.hypixel.net/skyblock/profiles?key=&uuid=ac6a720ebb894ff8a77df7f0a8a641c7
[10:55:31] [pool-14-thread-1/INFO]: [STDERR]: 	at sun.net.www.protocol.http.HttpURLConnection.getInputStream0(HttpURLConnection.java:1900)
[10:55:31] [pool-14-thread-1/INFO]: [STDERR]: 	at sun.net.www.protocol.http.HttpURLConnection.getInputStream(HttpURLConnection.java:1498)
[10:55:31] [pool-14-thread-1/INFO]: [STDERR]: 	at sun.net.www.protocol.https.HttpsURLConnectionImpl.getInputStream(HttpsURLConnectionImpl.java:268)
[10:55:31] [pool-14-thread-1/INFO]: [STDERR]: 	at com.stevekung.skyblockcatia.utils.skyblock.api.PetStats.scheduleDownloadPetStats(PetStats.java:56)
[10:55:31] [pool-14-thread-1/INFO]: [STDERR]: 	at java.util.concurrent.Executors$RunnableAdapter.call(Executors.java:511)
[10:55:31] [pool-14-thread-1/INFO]: [STDERR]: 	at java.util.concurrent.FutureTask.runAndReset(FutureTask.java:308)
[10:55:31] [pool-14-thread-1/INFO]: [STDERR]: 	at java.util.concurrent.ScheduledThreadPoolExecutor$ScheduledFutureTask.access$301(ScheduledThreadPoolExecutor.java:180)
[10:55:31] [pool-14-thread-1/INFO]: [STDERR]: 	at java.util.concurrent.ScheduledThreadPoolExecutor$ScheduledFutureTask.run(ScheduledThreadPoolExecutor.java:294)
[10:55:31] [pool-14-thread-1/INFO]: [STDERR]: 	at java.util.concurrent.ThreadPoolExecutor.runWorker(ThreadPoolExecutor.java:1149)
[10:55:31] [pool-14-thread-1/INFO]: [STDERR]: 	at java.util.concurrent.ThreadPoolExecutor$Worker.run(ThreadPoolExecutor.java:624)
[10:55:31] [pool-14-thread-1/INFO]: [STDERR]: 	at java.lang.Thread.run(Thread.java:748)
[10:55:35] [main/INFO]: [CHAT] §7CitrusGuy§7: --cheapest hardened diamond armour on my ah--
[10:55:59] [main/INFO]: [CHAT] Mining Speed Boost is now available!
[10:57:16] [main/INFO]: [CHAT] Warped to Election Room!
[10:57:24] [pool-12-thread-1/INFO]: [STDERR]: java.io.IOException: Server returned HTTP response code: 403 for URL: https://api.hypixel.net/skyblock/profiles?key=&uuid=ac6a720ebb894ff8a77df7f0a8a641c7
[10:57:24] [pool-12-thread-1/INFO]: [STDERR]: 	at sun.net.www.protocol.http.HttpURLConnection.getInputStream0(HttpURLConnection.java:1900)
[10:57:24] [pool-12-thread-1/INFO]: [STDERR]: 	at sun.net.www.protocol.http.HttpURLConnection.getInputStream(HttpURLConnection.java:1498)
[10:57:24] [pool-12-thread-1/INFO]: [STDERR]: 	at sun.net.www.protocol.https.HttpsURLConnectionImpl.getInputStream(HttpsURLConnectionImpl.java:268)
[10:57:24] [pool-12-thread-1/INFO]: [STDERR]: 	at com.stevekung.skyblockcatia.utils.skyblock.api.PetStats.scheduleDownloadPetStats(PetStats.java:56)
[10:57:24] [pool-12-thread-1/INFO]: [STDERR]: 	at java.util.concurrent.Executors$RunnableAdapter.call(Executors.java:511)
[10:57:24] [pool-12-thread-1/INFO]: [STDERR]: 	at java.util.concurrent.FutureTask.runAndReset(FutureTask.java:308)
[10:57:24] [pool-12-thread-1/INFO]: [STDERR]: 	at java.util.concurrent.ScheduledThreadPoolExecutor$ScheduledFutureTask.access$301(ScheduledThreadPoolExecutor.java:180)
[10:57:24] [pool-12-thread-1/INFO]: [STDERR]: 	at java.util.concurrent.ScheduledThreadPoolExecutor$ScheduledFutureTask.run(ScheduledThreadPoolExecutor.java:294)
[10:57:24] [pool-12-thread-1/INFO]: [STDERR]: 	at java.util.concurrent.ThreadPoolExecutor.runWorker(ThreadPoolExecutor.java:1149)
[10:57:24] [pool-12-thread-1/INFO]: [STDERR]: 	at java.util.concurrent.ThreadPoolExecutor$Worker.run(ThreadPoolExecutor.java:624)
[10:57:24] [pool-12-thread-1/INFO]: [STDERR]: 	at java.lang.Thread.run(Thread.java:748)
[10:57:28] [main/INFO]: [CHAT] -----------------------------------------------------
[10:57:28] [main/INFO]: [CHAT] You voted for Aatrox in the Year 146 Elections!
[10:57:28] [main/INFO]: [CHAT] §eAs a §bCitizen§e, your vote counts for §a2§e.
[10:57:28] [main/INFO]: [CHAT] Aatrox now has 13.7% of votes with 48,226 votes!
[10:57:28] [main/INFO]: [CHAT] -----------------------------------------------------
[10:57:31] [pool-14-thread-1/INFO]: [STDERR]: java.io.IOException: Server returned HTTP response code: 403 for URL: https://api.hypixel.net/skyblock/profiles?key=&uuid=ac6a720ebb894ff8a77df7f0a8a641c7
[10:57:31] [pool-14-thread-1/INFO]: [STDERR]: 	at sun.net.www.protocol.http.HttpURLConnection.getInputStream0(HttpURLConnection.java:1900)
[10:57:31] [pool-14-thread-1/INFO]: [STDERR]: 	at sun.net.www.protocol.http.HttpURLConnection.getInputStream(HttpURLConnection.java:1498)
[10:57:31] [pool-14-thread-1/INFO]: [STDERR]: 	at sun.net.www.protocol.https.HttpsURLConnectionImpl.getInputStream(HttpsURLConnectionImpl.java:268)
[10:57:31] [pool-14-thread-1/INFO]: [STDERR]: 	at com.stevekung.skyblockcatia.utils.skyblock.api.PetStats.scheduleDownloadPetStats(PetStats.java:56)
[10:57:31] [pool-14-thread-1/INFO]: [STDERR]: 	at java.util.concurrent.Executors$RunnableAdapter.call(Executors.java:511)
[10:57:31] [pool-14-thread-1/INFO]: [STDERR]: 	at java.util.concurrent.FutureTask.runAndReset(FutureTask.java:308)
[10:57:31] [pool-14-thread-1/INFO]: [STDERR]: 	at java.util.concurrent.ScheduledThreadPoolExecutor$ScheduledFutureTask.access$301(ScheduledThreadPoolExecutor.java:180)
[10:57:31] [pool-14-thread-1/INFO]: [STDERR]: 	at java.util.concurrent.ScheduledThreadPoolExecutor$ScheduledFutureTask.run(ScheduledThreadPoolExecutor.java:294)
[10:57:31] [pool-14-thread-1/INFO]: [STDERR]: 	at java.util.concurrent.ThreadPoolExecutor.runWorker(ThreadPoolExecutor.java:1149)
[10:57:31] [pool-14-thread-1/INFO]: [STDERR]: 	at java.util.concurrent.ThreadPoolExecutor$Worker.run(ThreadPoolExecutor.java:624)
[10:57:31] [pool-14-thread-1/INFO]: [STDERR]: 	at java.lang.Thread.run(Thread.java:748)
[10:57:51] [main/INFO]: [CHAT] Warped to Community Center!
[10:58:09] [main/INFO]: [CHAT] Saved screenshot as 2021-07-03_10.58.08.png
[10:58:26] [main/ERROR]: gimp-2.10: GEGL-VAROVÁNÍ: (../gegl/gegl/buffer/gegl-tile-handler-cache.c:1076):gegl_tile_cache_destroy: runtime check failed: (g_queue_is_empty (&cache_queue))
[10:59:24] [pool-12-thread-1/INFO]: [STDERR]: java.io.IOException: Server returned HTTP response code: 403 for URL: https://api.hypixel.net/skyblock/profiles?key=&uuid=ac6a720ebb894ff8a77df7f0a8a641c7
[10:59:24] [pool-12-thread-1/INFO]: [STDERR]: 	at sun.net.www.protocol.http.HttpURLConnection.getInputStream0(HttpURLConnection.java:1900)
[10:59:24] [pool-12-thread-1/INFO]: [STDERR]: 	at sun.net.www.protocol.http.HttpURLConnection.getInputStream(HttpURLConnection.java:1498)
[10:59:24] [pool-12-thread-1/INFO]: [STDERR]: 	at sun.net.www.protocol.https.HttpsURLConnectionImpl.getInputStream(HttpsURLConnectionImpl.java:268)
[10:59:24] [pool-12-thread-1/INFO]: [STDERR]: 	at com.stevekung.skyblockcatia.utils.skyblock.api.PetStats.scheduleDownloadPetStats(PetStats.java:56)
[10:59:24] [pool-12-thread-1/INFO]: [STDERR]: 	at java.util.concurrent.Executors$RunnableAdapter.call(Executors.java:511)
[10:59:24] [pool-12-thread-1/INFO]: [STDERR]: 	at java.util.concurrent.FutureTask.runAndReset(FutureTask.java:308)
[10:59:24] [pool-12-thread-1/INFO]: [STDERR]: 	at java.util.concurrent.ScheduledThreadPoolExecutor$ScheduledFutureTask.access$301(ScheduledThreadPoolExecutor.java:180)
[10:59:24] [pool-12-thread-1/INFO]: [STDERR]: 	at java.util.concurrent.ScheduledThreadPoolExecutor$ScheduledFutureTask.run(ScheduledThreadPoolExecutor.java:294)
[10:59:24] [pool-12-thread-1/INFO]: [STDERR]: 	at java.util.concurrent.ThreadPoolExecutor.runWorker(ThreadPoolExecutor.java:1149)
[10:59:24] [pool-12-thread-1/INFO]: [STDERR]: 	at java.util.concurrent.ThreadPoolExecutor$Worker.run(ThreadPoolExecutor.java:624)
[10:59:24] [pool-12-thread-1/INFO]: [STDERR]: 	at java.lang.Thread.run(Thread.java:748)
[10:59:29] [main/INFO]: [CHAT]  ☠ PuppyGal0118 was killed by Zombie Villager.
[10:59:31] [pool-14-thread-1/INFO]: [STDERR]: java.io.IOException: Server returned HTTP response code: 403 for URL: https://api.hypixel.net/skyblock/profiles?key=&uuid=ac6a720ebb894ff8a77df7f0a8a641c7
[10:59:31] [pool-14-thread-1/INFO]: [STDERR]: 	at sun.net.www.protocol.http.HttpURLConnection.getInputStream0(HttpURLConnection.java:1900)
[10:59:31] [pool-14-thread-1/INFO]: [STDERR]: 	at sun.net.www.protocol.http.HttpURLConnection.getInputStream(HttpURLConnection.java:1498)
[10:59:31] [pool-14-thread-1/INFO]: [STDERR]: 	at sun.net.www.protocol.https.HttpsURLConnectionImpl.getInputStream(HttpsURLConnectionImpl.java:268)
[10:59:31] [pool-14-thread-1/INFO]: [STDERR]: 	at com.stevekung.skyblockcatia.utils.skyblock.api.PetStats.scheduleDownloadPetStats(PetStats.java:56)
[10:59:31] [pool-14-thread-1/INFO]: [STDERR]: 	at java.util.concurrent.Executors$RunnableAdapter.call(Executors.java:511)
[10:59:31] [pool-14-thread-1/INFO]: [STDERR]: 	at java.util.concurrent.FutureTask.runAndReset(FutureTask.java:308)
[10:59:31] [pool-14-thread-1/INFO]: [STDERR]: 	at java.util.concurrent.ScheduledThreadPoolExecutor$ScheduledFutureTask.access$301(ScheduledThreadPoolExecutor.java:180)
[10:59:31] [pool-14-thread-1/INFO]: [STDERR]: 	at java.util.concurrent.ScheduledThreadPoolExecutor$ScheduledFutureTask.run(ScheduledThreadPoolExecutor.java:294)
[10:59:31] [pool-14-thread-1/INFO]: [STDERR]: 	at java.util.concurrent.ThreadPoolExecutor.runWorker(ThreadPoolExecutor.java:1149)
[10:59:31] [pool-14-thread-1/INFO]: [STDERR]: 	at java.util.concurrent.ThreadPoolExecutor$Worker.run(ThreadPoolExecutor.java:624)
[10:59:31] [pool-14-thread-1/INFO]: [STDERR]: 	at java.lang.Thread.run(Thread.java:748)
[11:01:24] [pool-12-thread-1/INFO]: [STDERR]: java.io.IOException: Server returned HTTP response code: 403 for URL: https://api.hypixel.net/skyblock/profiles?key=&uuid=ac6a720ebb894ff8a77df7f0a8a641c7
[11:01:24] [pool-12-thread-1/INFO]: [STDERR]: 	at sun.net.www.protocol.http.HttpURLConnection.getInputStream0(HttpURLConnection.java:1900)
[11:01:24] [pool-12-thread-1/INFO]: [STDERR]: 	at sun.net.www.protocol.http.HttpURLConnection.getInputStream(HttpURLConnection.java:1498)
[11:01:24] [pool-12-thread-1/INFO]: [STDERR]: 	at sun.net.www.protocol.https.HttpsURLConnectionImpl.getInputStream(HttpsURLConnectionImpl.java:268)
[11:01:24] [pool-12-thread-1/INFO]: [STDERR]: 	at com.stevekung.skyblockcatia.utils.skyblock.api.PetStats.scheduleDownloadPetStats(PetStats.java:56)
[11:01:24] [pool-12-thread-1/INFO]: [STDERR]: 	at java.util.concurrent.Executors$RunnableAdapter.call(Executors.java:511)
[11:01:24] [pool-12-thread-1/INFO]: [STDERR]: 	at java.util.concurrent.FutureTask.runAndReset(FutureTask.java:308)
[11:01:24] [pool-12-thread-1/INFO]: [STDERR]: 	at java.util.concurrent.ScheduledThreadPoolExecutor$ScheduledFutureTask.access$301(ScheduledThreadPoolExecutor.java:180)
[11:01:24] [pool-12-thread-1/INFO]: [STDERR]: 	at java.util.concurrent.ScheduledThreadPoolExecutor$ScheduledFutureTask.run(ScheduledThreadPoolExecutor.java:294)
[11:01:24] [pool-12-thread-1/INFO]: [STDERR]: 	at java.util.concurrent.ThreadPoolExecutor.runWorker(ThreadPoolExecutor.java:1149)
[11:01:24] [pool-12-thread-1/INFO]: [STDERR]: 	at java.util.concurrent.ThreadPoolExecutor$Worker.run(ThreadPoolExecutor.java:624)
[11:01:24] [pool-12-thread-1/INFO]: [STDERR]: 	at java.lang.Thread.run(Thread.java:748)
[11:01:31] [pool-14-thread-1/INFO]: [STDERR]: java.io.IOException: Server returned HTTP response code: 403 for URL: https://api.hypixel.net/skyblock/profiles?key=&uuid=ac6a720ebb894ff8a77df7f0a8a641c7
[11:01:31] [pool-14-thread-1/INFO]: [STDERR]: 	at sun.net.www.protocol.http.HttpURLConnection.getInputStream0(HttpURLConnection.java:1900)
[11:01:31] [pool-14-thread-1/INFO]: [STDERR]: 	at sun.net.www.protocol.http.HttpURLConnection.getInputStream(HttpURLConnection.java:1498)
[11:01:31] [pool-14-thread-1/INFO]: [STDERR]: 	at sun.net.www.protocol.https.HttpsURLConnectionImpl.getInputStream(HttpsURLConnectionImpl.java:268)
[11:01:31] [pool-14-thread-1/INFO]: [STDERR]: 	at com.stevekung.skyblockcatia.utils.skyblock.api.PetStats.scheduleDownloadPetStats(PetStats.java:56)
[11:01:31] [pool-14-thread-1/INFO]: [STDERR]: 	at java.util.concurrent.Executors$RunnableAdapter.call(Executors.java:511)
[11:01:31] [pool-14-thread-1/INFO]: [STDERR]: 	at java.util.concurrent.FutureTask.runAndReset(FutureTask.java:308)
[11:01:31] [pool-14-thread-1/INFO]: [STDERR]: 	at java.util.concurrent.ScheduledThreadPoolExecutor$ScheduledFutureTask.access$301(ScheduledThreadPoolExecutor.java:180)
[11:01:31] [pool-14-thread-1/INFO]: [STDERR]: 	at java.util.concurrent.ScheduledThreadPoolExecutor$ScheduledFutureTask.run(ScheduledThreadPoolExecutor.java:294)
[11:01:31] [pool-14-thread-1/INFO]: [STDERR]: 	at java.util.concurrent.ThreadPoolExecutor.runWorker(ThreadPoolExecutor.java:1149)
[11:01:31] [pool-14-thread-1/INFO]: [STDERR]: 	at java.util.concurrent.ThreadPoolExecutor$Worker.run(ThreadPoolExecutor.java:624)
[11:01:31] [pool-14-thread-1/INFO]: [STDERR]: 	at java.lang.Thread.run(Thread.java:748)
[11:01:55] [main/INFO]: [CHAT] §a[VIP] UnknownTedy§f: TICTACTOE AT THE MAP i give u 1m for win but if i win u give me 250k
[11:02:17] [main/INFO]: Setting an API Key
[11:02:17] [main/INFO]: [CHAT] Setting a new API Key!
[11:02:17] [main/INFO]: Setting an API Key
[11:02:17] [main/INFO]: [CHAT] Setting a new API Key!
[11:02:17] [main/INFO]: [CHAT] Your new API key is 6e9f1f71-6f8a-491f-9868-acdf92b392bd
[11:02:23] [main/WARN]: Warning! Mod confabricate has a broken icon, loading default icon
[11:02:27] [main/WARN]: Warning! Mod confabricate has a broken icon, loading default icon
[11:02:29] [main/WARN]: Warning! Mod respackopts has a broken icon, loading default icon
[11:02:30] [main/ERROR]: Invalid mod icon for icon source advanced_runtime_resource_pack: assets/stated/icon.png
java.nio.file.NoSuchFileException: assets/stated/icon.png
	at com.sun.nio.zipfs.ZipFileSystem.newInputStream(ZipFileSystem.java:544) ~[zipfs.jar:1.8.0_291]
	at com.sun.nio.zipfs.ZipPath.newInputStream(ZipPath.java:708) ~[zipfs.jar:1.8.0_291]
	at com.sun.nio.zipfs.ZipFileSystemProvider.newInputStream(ZipFileSystemProvider.java:278) ~[zipfs.jar:1.8.0_291]
	at java.nio.file.Files.newInputStream(Files.java:152) ~[?:1.8.0_291]
	at com.terraformersmc.modmenu.util.mod.ModIconHandler.createIcon(ModIconHandler.java:33) [modmenu-1.16.9%20(1).jar:?]
	at com.terraformersmc.modmenu.util.mod.fabric.FabricMod.getIcon(FabricMod.java:166) [modmenu-1.16.9%20(1).jar:?]
	at com.terraformersmc.modmenu.gui.widget.entries.ModListEntry.bindIconTexture(ModListEntry.java:95) [modmenu-1.16.9%20(1).jar:?]
	at com.terraformersmc.modmenu.gui.widget.entries.ModListEntry.method_25343(ModListEntry.java:51) [modmenu-1.16.9%20(1).jar:?]
	at com.terraformersmc.modmenu.gui.widget.ModListWidget.method_25311(ModListWidget.java:225) [modmenu-1.16.9%20(1).jar:?]
	at net.minecraft.class_350.method_25394(class_350.java:206) [intermediary-minecraft-1.16.5-client.jar:?]
	at com.terraformersmc.modmenu.gui.ModsScreen.method_25394(ModsScreen.java:274) [modmenu-1.16.9%20(1).jar:?]
	at net.minecraft.class_757.method_3192(class_757.java:616) [intermediary-minecraft-1.16.5-client.jar:?]
	at net.minecraft.class_310.method_1523(class_310.java:1048) [intermediary-minecraft-1.16.5-client.jar:?]
	at net.minecraft.class_310.method_1514(class_310.java:681) [intermediary-minecraft-1.16.5-client.jar:?]
	at net.minecraft.client.main.Main.main(Main.java:215) [intermediary-minecraft-1.16.5-client.jar:?]
	at sun.reflect.NativeMethodAccessorImpl.invoke0(Native Method) ~[?:1.8.0_291]
	at sun.reflect.NativeMethodAccessorImpl.invoke(NativeMethodAccessorImpl.java:62) ~[?:1.8.0_291]
	at sun.reflect.DelegatingMethodAccessorImpl.invoke(DelegatingMethodAccessorImpl.java:43) ~[?:1.8.0_291]
	at java.lang.reflect.Method.invoke(Method.java:498) ~[?:1.8.0_291]
	at net.fabricmc.loader.game.MinecraftGameProvider.launch(MinecraftGameProvider.java:234) [fabric-loader-0.11.6.jar:?]
	at net.fabricmc.loader.launch.knot.Knot.launch(Knot.java:153) [fabric-loader-0.11.6.jar:?]
	at net.fabricmc.loader.launch.knot.KnotClient.main(KnotClient.java:28) [fabric-loader-0.11.6.jar:?]
	at sun.reflect.NativeMethodAccessorImpl.invoke0(Native Method) ~[?:1.8.0_291]
	at sun.reflect.NativeMethodAccessorImpl.invoke(NativeMethodAccessorImpl.java:62) ~[?:1.8.0_291]
	at sun.reflect.DelegatingMethodAccessorImpl.invoke(DelegatingMethodAccessorImpl.java:43) ~[?:1.8.0_291]
	at java.lang.reflect.Method.invoke(Method.java:498) ~[?:1.8.0_291]
	at org.multimc.onesix.OneSixLauncher.launchWithMainClass(OneSixLauncher.java:196) [NewLaunch.jar:?]
	at org.multimc.onesix.OneSixLauncher.launch(OneSixLauncher.java:231) [NewLaunch.jar:?]
	at org.multimc.EntryPoint.listen(EntryPoint.java:143) [NewLaunch.jar:?]
	at org.multimc.EntryPoint.main(EntryPoint.java:34) [NewLaunch.jar:?]
[11:02:30] [main/WARN]: Warning! Mod advanced_runtime_resource_pack has a broken icon, loading default icon
[11:02:34] [main/ERROR]: Invalid mod icon for icon source advanced_runtime_resource_pack: assets/stated/icon.png
java.nio.file.NoSuchFileException: assets/stated/icon.png
	at com.sun.nio.zipfs.ZipFileSystem.newInputStream(ZipFileSystem.java:544) ~[zipfs.jar:1.8.0_291]
	at com.sun.nio.zipfs.ZipPath.newInputStream(ZipPath.java:708) ~[zipfs.jar:1.8.0_291]
	at com.sun.nio.zipfs.ZipFileSystemProvider.newInputStream(ZipFileSystemProvider.java:278) ~[zipfs.jar:1.8.0_291]
	at java.nio.file.Files.newInputStream(Files.java:152) ~[?:1.8.0_291]
	at com.terraformersmc.modmenu.util.mod.ModIconHandler.createIcon(ModIconHandler.java:33) [modmenu-1.16.9%20(1).jar:?]
	at com.terraformersmc.modmenu.util.mod.fabric.FabricMod.getIcon(FabricMod.java:166) [modmenu-1.16.9%20(1).jar:?]
	at com.terraformersmc.modmenu.gui.widget.entries.ModListEntry.bindIconTexture(ModListEntry.java:95) [modmenu-1.16.9%20(1).jar:?]
	at com.terraformersmc.modmenu.gui.widget.entries.ModListEntry.method_25343(ModListEntry.java:51) [modmenu-1.16.9%20(1).jar:?]
	at com.terraformersmc.modmenu.gui.widget.ModListWidget.method_25311(ModListWidget.java:225) [modmenu-1.16.9%20(1).jar:?]
	at net.minecraft.class_350.method_25394(class_350.java:206) [intermediary-minecraft-1.16.5-client.jar:?]
	at com.terraformersmc.modmenu.gui.ModsScreen.method_25394(ModsScreen.java:274) [modmenu-1.16.9%20(1).jar:?]
	at net.minecraft.class_757.method_3192(class_757.java:616) [intermediary-minecraft-1.16.5-client.jar:?]
	at net.minecraft.class_310.method_1523(class_310.java:1048) [intermediary-minecraft-1.16.5-client.jar:?]
	at net.minecraft.class_310.method_1514(class_310.java:681) [intermediary-minecraft-1.16.5-client.jar:?]
	at net.minecraft.client.main.Main.main(Main.java:215) [intermediary-minecraft-1.16.5-client.jar:?]
	at sun.reflect.NativeMethodAccessorImpl.invoke0(Native Method) ~[?:1.8.0_291]
	at sun.reflect.NativeMethodAccessorImpl.invoke(NativeMethodAccessorImpl.java:62) ~[?:1.8.0_291]
	at sun.reflect.DelegatingMethodAccessorImpl.invoke(DelegatingMethodAccessorImpl.java:43) ~[?:1.8.0_291]
	at java.lang.reflect.Method.invoke(Method.java:498) ~[?:1.8.0_291]
	at net.fabricmc.loader.game.MinecraftGameProvider.launch(MinecraftGameProvider.java:234) [fabric-loader-0.11.6.jar:?]
	at net.fabricmc.loader.launch.knot.Knot.launch(Knot.java:153) [fabric-loader-0.11.6.jar:?]
	at net.fabricmc.loader.launch.knot.KnotClient.main(KnotClient.java:28) [fabric-loader-0.11.6.jar:?]
	at sun.reflect.NativeMethodAccessorImpl.invoke0(Native Method) ~[?:1.8.0_291]
	at sun.reflect.NativeMethodAccessorImpl.invoke(NativeMethodAccessorImpl.java:62) ~[?:1.8.0_291]
	at sun.reflect.DelegatingMethodAccessorImpl.invoke(DelegatingMethodAccessorImpl.java:43) ~[?:1.8.0_291]
	at java.lang.reflect.Method.invoke(Method.java:498) ~[?:1.8.0_291]
	at org.multimc.onesix.OneSixLauncher.launchWithMainClass(OneSixLauncher.java:196) [NewLaunch.jar:?]
	at org.multimc.onesix.OneSixLauncher.launch(OneSixLauncher.java:231) [NewLaunch.jar:?]
	at org.multimc.EntryPoint.listen(EntryPoint.java:143) [NewLaunch.jar:?]
	at org.multimc.EntryPoint.main(EntryPoint.java:34) [NewLaunch.jar:?]
[11:02:34] [main/WARN]: Warning! Mod advanced_runtime_resource_pack has a broken icon, loading default icon
[11:03:04] [main/INFO]: [CHAT] Sending to server mini730R...
[11:03:04] [main/INFO]: Stopping worker threads
[11:03:04] [main/INFO]: Started 12 worker threads
[11:03:04] [main/INFO]: Stopping worker threads
[11:03:04] [main/INFO]: Started 12 worker threads
[11:03:04] [main/INFO]: Environment: authHost='https://authserver.mojang.com', accountsHost='https://api.mojang.com', sessionHost='https://sessionserver.mojang.com', servicesHost='https://api.minecraftservices.com', name='PROD'
[11:03:04] [main/INFO]: Requested config sync for mousewheelie
[11:03:04] [main/INFO]: Stopping worker threads
[11:03:04] [main/INFO]: Started 12 worker threads
[11:03:04] [main/INFO]: Stopping worker threads
[11:03:04] [main/INFO]: Started 12 worker threads
[11:03:04] [main/INFO]: Environment: authHost='https://authserver.mojang.com', accountsHost='https://api.mojang.com', sessionHost='https://sessionserver.mojang.com', servicesHost='https://api.minecraftservices.com', name='PROD'
[11:03:04] [main/INFO]: Stopping worker threads
[11:03:04] [main/INFO]: Started 12 worker threads
[11:03:04] [main/INFO]: Stopping worker threads
[11:03:04] [main/INFO]: Started 12 worker threads
[11:03:04] [main/INFO]: Environment: authHost='https://authserver.mojang.com', accountsHost='https://api.mojang.com', sessionHost='https://sessionserver.mojang.com', servicesHost='https://api.minecraftservices.com', name='PROD'
[11:03:04] [REI-SyncRecipes/INFO]: Reloading REI, registered 2 plugins: roughlyenoughitems:default_runtime_plugin, roughlyenoughitems:default_plugin
[11:03:04] [REI-SyncRecipes/INFO]: Applied Check Tags for potion in 1ms.
[11:03:04] [REI-SyncRecipes/INFO]: Reloaded 1247 stack entries, 846 recipes displays, 3 exclusion zones suppliers, 5 overlay deciders, 1 visibility handlers and 16 categories (Crafting, Smelting, Smoking, Blasting, Campfire, Stone Cutting, Fuel, Brewing, Composting, Stripping, Smithing, Beacon Base, Beacon Payment, Tilling, Pathing, Information) in 14ms.
[11:03:04] [main/INFO]: [CHAT]        
[11:03:07] [main/INFO]: [CHAT] §aYou are playing on profile: §eBlueberry§b (Co-op)
[11:03:12] [main/INFO]: [CHAT] You summoned your Guardian!
[11:03:50] [main/INFO]: [CHAT] You claimed the Chronomatron rewards!
[11:03:50] [main/INFO]: [CHAT]  +30,000 Enchanting Exp
[11:03:50] [main/INFO]: [CHAT]  +1 Superpairs click
[11:04:04] [main/INFO]: [CHAT] Mining Speed Boost is now available!
[11:04:05] [main/INFO]: [CHAT] You claimed the Ultrasequencer rewards!
[11:04:05] [main/INFO]: [CHAT]  +0 Enchanting Exp
[11:04:05] [main/INFO]: [CHAT]  +0 Superpairs clicks
[11:05:44] [main/INFO]: [CHAT] You summoned your Baby Yeti!
[11:05:46] [main/INFO]: [CHAT] Sending to server mini74S...
[11:05:46] [main/INFO]: Stopping worker threads
[11:05:46] [main/INFO]: Started 12 worker threads
[11:05:46] [main/INFO]: Stopping worker threads
[11:05:46] [main/INFO]: Started 12 worker threads
[11:05:46] [main/INFO]: Environment: authHost='https://authserver.mojang.com', accountsHost='https://api.mojang.com', sessionHost='https://sessionserver.mojang.com', servicesHost='https://api.minecraftservices.com', name='PROD'
[11:05:46] [main/INFO]: Requested config sync for mousewheelie
[11:05:46] [main/INFO]: Stopping worker threads
[11:05:46] [main/INFO]: Started 12 worker threads
[11:05:46] [main/INFO]: Stopping worker threads
[11:05:46] [main/INFO]: Started 12 worker threads
[11:05:46] [main/INFO]: Environment: authHost='https://authserver.mojang.com', accountsHost='https://api.mojang.com', sessionHost='https://sessionserver.mojang.com', servicesHost='https://api.minecraftservices.com', name='PROD'
[11:05:46] [main/INFO]: Stopping worker threads
[11:05:46] [main/INFO]: Started 12 worker threads
[11:05:46] [main/INFO]: Stopping worker threads
[11:05:46] [main/INFO]: Started 12 worker threads
[11:05:46] [main/INFO]: Environment: authHost='https://authserver.mojang.com', accountsHost='https://api.mojang.com', sessionHost='https://sessionserver.mojang.com', servicesHost='https://api.minecraftservices.com', name='PROD'
[11:05:46] [REI-SyncRecipes/INFO]: Reloading REI, registered 2 plugins: roughlyenoughitems:default_runtime_plugin, roughlyenoughitems:default_plugin
[11:05:46] [REI-SyncRecipes/INFO]: Applied Check Tags for potion in 1ms.
[11:05:46] [REI-SyncRecipes/INFO]: Reloaded 1247 stack entries, 846 recipes displays, 3 exclusion zones suppliers, 5 overlay deciders, 1 visibility handlers and 16 categories (Crafting, Smelting, Smoking, Blasting, Campfire, Stone Cutting, Fuel, Brewing, Composting, Stripping, Smithing, Beacon Base, Beacon Payment, Tilling, Pathing, Information) in 15ms.
[11:05:46] [main/INFO]: [CHAT]        
[11:05:49] [main/INFO]: [CHAT] §aYou are playing on profile: §eBlueberry§b (Co-op)
[11:06:47] [main/INFO]: [CHAT] Mining Speed Boost is now available!
[11:07:31] [main/INFO]: [CHAT] §7RedLavaa§7: ris spooky festival on no way
[11:07:52] [main/INFO]: [CHAT] §7RedLavaa§7: is it on now or has it ended
[11:08:00] [main/INFO]: [CHAT] §a[VIP] _EinherOF_§f: ended
[11:08:04] [main/INFO]: [CHAT] §7RedLavaa§7: dang
[11:09:13] [main/INFO]: [CHAT] Putting coins in escrow...
[11:09:13] [main/INFO]: [CHAT] Executing instant buy...
[11:09:13] [main/INFO]: [CHAT] Bazaar! Bought 1x Booster Cookie for 1,775,982 coins!
[11:09:16] [main/INFO]: [CHAT] You consumed a Booster Cookie! Scrumptious!
[11:11:01] [main/INFO]: [CHAT] Putting coins in escrow...
[11:11:01] [main/INFO]: [CHAT] Processing purchase...
[11:11:01] [main/INFO]: [CHAT] You purchased Sharp Emerald Blade for 6,600,000 coins!
[11:11:01] [main/INFO]: [CHAT] Claiming BIN auction...
[11:11:01] [main/INFO]: [CHAT] You claimed Sharp Emerald Blade from [VIP] 1SM4ILL's auction!
[11:11:32] [main/INFO]: [CHAT] Withdrawing coins...
[11:11:32] [main/INFO]: [CHAT] Withdrew 53M coins! There's now 0 coins left in the account!
[11:12:22] [main/INFO]: [CHAT] Sending to server mini8E...
[11:12:22] [main/INFO]: Stopping worker threads
[11:12:22] [main/INFO]: Started 12 worker threads
[11:12:22] [main/INFO]: Stopping worker threads
[11:12:22] [main/INFO]: Started 12 worker threads
[11:12:22] [main/INFO]: Environment: authHost='https://authserver.mojang.com', accountsHost='https://api.mojang.com', sessionHost='https://sessionserver.mojang.com', servicesHost='https://api.minecraftservices.com', name='PROD'
[11:12:22] [main/INFO]: Requested config sync for mousewheelie
[11:12:22] [main/INFO]: Stopping worker threads
[11:12:22] [main/INFO]: Started 12 worker threads
[11:12:22] [main/INFO]: Stopping worker threads
[11:12:22] [main/INFO]: Started 12 worker threads
[11:12:22] [main/INFO]: Environment: authHost='https://authserver.mojang.com', accountsHost='https://api.mojang.com', sessionHost='https://sessionserver.mojang.com', servicesHost='https://api.minecraftservices.com', name='PROD'
[11:12:22] [main/INFO]: Stopping worker threads
[11:12:22] [main/INFO]: Started 12 worker threads
[11:12:22] [main/INFO]: Stopping worker threads
[11:12:22] [main/INFO]: Started 12 worker threads
[11:12:22] [main/INFO]: Environment: authHost='https://authserver.mojang.com', accountsHost='https://api.mojang.com', sessionHost='https://sessionserver.mojang.com', servicesHost='https://api.minecraftservices.com', name='PROD'
[11:12:22] [REI-SyncRecipes/INFO]: Reloading REI, registered 2 plugins: roughlyenoughitems:default_runtime_plugin, roughlyenoughitems:default_plugin
[11:12:22] [REI-SyncRecipes/INFO]: Applied Check Tags for potion in 1ms.
[11:12:22] [REI-SyncRecipes/INFO]: Reloaded 1247 stack entries, 846 recipes displays, 3 exclusion zones suppliers, 5 overlay deciders, 1 visibility handlers and 16 categories (Crafting, Smelting, Smoking, Blasting, Campfire, Stone Cutting, Fuel, Brewing, Composting, Stripping, Smithing, Beacon Base, Beacon Payment, Tilling, Pathing, Information) in 13ms.
[11:12:22] [main/INFO]: [CHAT]        
[11:12:25] [main/INFO]: [CHAT] §aYou are playing on profile: §eBlueberry§b (Co-op)
[11:12:28] [main/INFO]: [CHAT] Telekinesis has been successfully applied to your Sharp Emerald Blade!
[11:12:37] [main/INFO]: [CHAT] Sending to server mini224Q...
[11:12:37] [main/INFO]: Stopping worker threads
[11:12:37] [main/INFO]: Started 12 worker threads
[11:12:37] [main/INFO]: Stopping worker threads
[11:12:37] [main/INFO]: Started 12 worker threads
[11:12:37] [main/INFO]: Environment: authHost='https://authserver.mojang.com', accountsHost='https://api.mojang.com', sessionHost='https://sessionserver.mojang.com', servicesHost='https://api.minecraftservices.com', name='PROD'
[11:12:37] [main/INFO]: Requested config sync for mousewheelie
[11:12:37] [main/INFO]: Stopping worker threads
[11:12:37] [main/INFO]: Started 12 worker threads
[11:12:37] [main/INFO]: Stopping worker threads
[11:12:37] [main/INFO]: Started 12 worker threads
[11:12:37] [main/INFO]: Environment: authHost='https://authserver.mojang.com', accountsHost='https://api.mojang.com', sessionHost='https://sessionserver.mojang.com', servicesHost='https://api.minecraftservices.com', name='PROD'
[11:12:37] [main/INFO]: Stopping worker threads
[11:12:37] [main/INFO]: Started 12 worker threads
[11:12:37] [main/INFO]: Stopping worker threads
[11:12:37] [main/INFO]: Started 12 worker threads
[11:12:37] [main/INFO]: Environment: authHost='https://authserver.mojang.com', accountsHost='https://api.mojang.com', sessionHost='https://sessionserver.mojang.com', servicesHost='https://api.minecraftservices.com', name='PROD'
[11:12:37] [REI-SyncRecipes/INFO]: Reloading REI, registered 2 plugins: roughlyenoughitems:default_runtime_plugin, roughlyenoughitems:default_plugin
[11:12:37] [REI-SyncRecipes/INFO]: Applied Check Tags for potion in 1ms.
[11:12:37] [REI-SyncRecipes/INFO]: Reloaded 1247 stack entries, 846 recipes displays, 3 exclusion zones suppliers, 5 overlay deciders, 1 visibility handlers and 16 categories (Crafting, Smelting, Smoking, Blasting, Campfire, Stone Cutting, Fuel, Brewing, Composting, Stripping, Smithing, Beacon Base, Beacon Payment, Tilling, Pathing, Information) in 13ms.
[11:12:37] [main/INFO]: [CHAT]        
[11:12:40] [main/INFO]: [CHAT] §aYou are playing on profile: §eBlueberry§b (Co-op)
[11:12:46] [main/INFO]: [CHAT] DanielGGs has spawned the Headless Horseman boss in the Graveyard!
[11:13:24] [main/INFO]: [CHAT] Putting coins in escrow...
[11:13:24] [main/INFO]: [CHAT] Processing purchase...
[11:13:24] [main/INFO]: [CHAT] You purchased Dragon Claw for 1,200,000 coins!
[11:13:24] [main/INFO]: [CHAT] Claiming BIN auction...
[11:13:24] [main/INFO]: [CHAT] You claimed Dragon Claw from [MVP+] xMaybeCRowN's auction!
[11:13:26] [main/INFO]: [CHAT] ▬▬▬▬▬▬▬▬▬▬▬▬▬▬▬▬▬▬▬▬▬▬▬▬▬▬▬▬▬▬▬▬▬▬▬▬▬▬▬▬▬▬▬▬▬▬▬▬▬▬▬▬▬▬▬▬▬▬▬▬▬▬▬▬
[11:13:26] [main/INFO]: [CHAT]                         HORSEMAN HORSE DOWN!
[11:13:26] [main/INFO]: [CHAT] 
[11:13:26] [main/INFO]: [CHAT]                 [VIP] PlacidCreator dealt the final blow.
[11:13:26] [main/INFO]: [CHAT] 
[11:13:26] [main/INFO]: [CHAT]              1st Damager - DeadEnder779 - 1,069,492
[11:13:26] [main/INFO]: [CHAT]                 2nd Damager - zombie660 - 836,871
[11:13:26] [main/INFO]: [CHAT]            3rd Damager - [VIP] PlacidCreator - 767,301
[11:13:26] [main/INFO]: [CHAT] 
[11:13:26] [main/INFO]: [CHAT]                       Your Damage: 0 (Position #19)
[11:13:26] [main/INFO]: [CHAT]                        Runecrafting: +0 XP Bits: +6
[11:13:26] [main/INFO]: [CHAT] 
[11:13:26] [main/INFO]: [CHAT] ▬▬▬▬▬▬▬▬▬▬▬▬▬▬▬▬▬▬▬▬▬▬▬▬▬▬▬▬▬▬▬▬▬▬▬▬▬▬▬▬▬▬▬▬▬▬▬▬▬▬▬▬▬▬▬▬▬▬▬▬▬▬▬▬
[11:13:37] [main/INFO]: [CHAT] Mining Speed Boost is now available!
[11:13:50] [main/INFO]: [CHAT] You applied the Fabled reforge to your Fabled Emerald Blade!
[11:13:52] [main/INFO]: [CHAT] §7DanielGGs§7: agian
[11:13:54] [main/INFO]: [CHAT] §a[VIP§6+§a] PenguinBoop§f: Selling Ivory Black Cat Skin [15M LOWEST BIN] on my ah for 10m coins, 15M FLIP
[11:14:09] [main/INFO]: [CHAT] +5 Kill Combo +3% ✯ Magic Find
[11:14:18] [main/INFO]: [CHAT] Your Kill Combo has expired! You reached a 6 Kill Combo!
[11:14:31] [main/INFO]: [CHAT] zombie660 has spawned the Headless Horseman boss in the Graveyard!
[11:14:57] [main/INFO]: [CHAT] ▬▬▬▬▬▬▬▬▬▬▬▬▬▬▬▬▬▬▬▬▬▬▬▬▬▬▬▬▬▬▬▬▬▬▬▬▬▬▬▬▬▬▬▬▬▬▬▬▬▬▬▬▬▬▬▬▬▬▬▬▬▬▬▬
[11:14:57] [main/INFO]: [CHAT]                         HORSEMAN HORSE DOWN!
[11:14:57] [main/INFO]: [CHAT] 
[11:14:57] [main/INFO]: [CHAT]                    DeadEnder779 dealt the final blow.
[11:14:57] [main/INFO]: [CHAT] 
[11:14:57] [main/INFO]: [CHAT]              1st Damager - DeadEnder779 - 1,256,209
[11:14:57] [main/INFO]: [CHAT]                 2nd Damager - zombie660 - 645,895
[11:14:57] [main/INFO]: [CHAT]            3rd Damager - [VIP] PlacidCreator - 550,849
[11:14:57] [main/INFO]: [CHAT] 
[11:14:57] [main/INFO]: [CHAT]                       Your Damage: 0 (Position #14)
[11:14:57] [main/INFO]: [CHAT]                        Runecrafting: +0 XP Bits: +6
[11:14:57] [main/INFO]: [CHAT] 
[11:14:57] [main/INFO]: [CHAT] ▬▬▬▬▬▬▬▬▬▬▬▬▬▬▬▬▬▬▬▬▬▬▬▬▬▬▬▬▬▬▬▬▬▬▬▬▬▬▬▬▬▬▬▬▬▬▬▬▬▬▬▬▬▬▬▬▬▬▬▬▬▬▬▬
[11:15:43] [main/INFO]: [CHAT] zombie660 has spawned the Headless Horseman boss in the Graveyard!
[11:15:55] [main/WARN]: Received passengers for unknown entity
[11:16:03] [main/INFO]: [CHAT] +5 Kill Combo +3% ✯ Magic Find
[11:16:11] [main/WARN]: Received passengers for unknown entity
[11:16:11] [main/WARN]: Received passengers for unknown entity
[11:16:11] [main/WARN]: Received passengers for unknown entity
[11:16:11] [main/WARN]: Received passengers for unknown entity
[11:16:11] [main/WARN]: Received passengers for unknown entity
[11:16:11] [main/WARN]: Received passengers for unknown entity
[11:16:11] [main/WARN]: Received passengers for unknown entity
[11:16:11] [main/WARN]: Received passengers for unknown entity
[11:16:11] [main/WARN]: Received passengers for unknown entity
[11:16:11] [main/WARN]: Received passengers for unknown entity
[11:16:11] [main/WARN]: Received passengers for unknown entity
[11:16:11] [main/WARN]: Received passengers for unknown entity
[11:16:11] [main/WARN]: Received passengers for unknown entity
[11:16:11] [main/WARN]: Received passengers for unknown entity
[11:16:11] [main/WARN]: Received passengers for unknown entity
[11:16:11] [main/WARN]: Received passengers for unknown entity
[11:16:11] [main/WARN]: Received passengers for unknown entity
[11:16:11] [main/WARN]: Received passengers for unknown entity
[11:16:16] [main/INFO]: [CHAT] Your Kill Combo has expired! You reached a 9 Kill Combo!
[11:16:20] [main/WARN]: Received passengers for unknown entity
[11:16:24] [main/INFO]: [CHAT] ▬▬▬▬▬▬▬▬▬▬▬▬▬▬▬▬▬▬▬▬▬▬▬▬▬▬▬▬▬▬▬▬▬▬▬▬▬▬▬▬▬▬▬▬▬▬▬▬▬▬▬▬▬▬▬▬▬▬▬▬▬▬▬▬
[11:16:24] [main/INFO]: [CHAT]                         HORSEMAN HORSE DOWN!
[11:16:24] [main/INFO]: [CHAT] 
[11:16:24] [main/INFO]: [CHAT]                   Man_with_1_plan dealt the final blow.
[11:16:24] [main/INFO]: [CHAT] 
[11:16:24] [main/INFO]: [CHAT]            1st Damager - [VIP] gute_trainer - 756,882
[11:16:24] [main/INFO]: [CHAT]            2nd Damager - [VIP] PlacidCreator - 646,692
[11:16:24] [main/INFO]: [CHAT]                 3rd Damager - zombie660 - 617,582
[11:16:24] [main/INFO]: [CHAT] 
[11:16:24] [main/INFO]: [CHAT]                       Your Damage: 0 (Position #13)
[11:16:24] [main/INFO]: [CHAT]                        Runecrafting: +0 XP Bits: +6
[11:16:24] [main/INFO]: [CHAT] 
[11:16:24] [main/INFO]: [CHAT] ▬▬▬▬▬▬▬▬▬▬▬▬▬▬▬▬▬▬▬▬▬▬▬▬▬▬▬▬▬▬▬▬▬▬▬▬▬▬▬▬▬▬▬▬▬▬▬▬▬▬▬▬▬▬▬▬▬▬▬▬▬▬▬▬
[11:16:25] [main/WARN]: Received passengers for unknown entity
[11:16:34] [main/INFO]: [CHAT] §7zombie660§7: no more
[11:16:42] [main/INFO]: [CHAT] §7DanielGGs§7: why
[11:16:46] [main/INFO]: [CHAT] §7zombie660§7: ran out
[11:16:50] [main/INFO]: [CHAT] §7DanielGGs§7: yes
[11:17:06] [main/INFO]: [CHAT] §a[VIP§6+§a] IDN279§f: Where is the graveyard?
[11:17:11] [main/INFO]: [CHAT] §7Man_with_1_plan§7: lol
[11:17:16] [main/INFO]: [CHAT] §a[VIP] AGamerNamedNoah§f: bruh
[11:17:25] [main/INFO]: [CHAT] §a[VIP] PlacidCreator§f: bruv
[11:18:59] [main/INFO]: [CHAT] You sold Glass Bottle x1 for 2 Coins!
[11:19:04] [main/INFO]: [CHAT]  ☠ Death16387 was killed by Phantom Fisher.
[11:19:46] [main/INFO]: [CHAT]   SLAYER QUEST STARTED!
[11:19:46] [main/INFO]: [CHAT]    §5§l» §7Slay §c2,750 Combat XP §7worth of Endermen§7.
[11:19:47] [main/INFO]: [CHAT]  ☠ Death16387 was killed by Phantom Fisher.
[11:20:05] [main/INFO]: [CHAT] Warping...
[11:20:05] [main/INFO]: [CHAT] Sending to server mini632T...
[11:20:05] [main/INFO]: Stopping worker threads
[11:20:05] [main/INFO]: Started 12 worker threads
[11:20:05] [main/INFO]: Stopping worker threads
[11:20:05] [main/INFO]: Started 12 worker threads
[11:20:05] [main/INFO]: Environment: authHost='https://authserver.mojang.com', accountsHost='https://api.mojang.com', sessionHost='https://sessionserver.mojang.com', servicesHost='https://api.minecraftservices.com', name='PROD'
[11:20:05] [main/INFO]: Requested config sync for mousewheelie
[11:20:05] [main/INFO]: Stopping worker threads
[11:20:05] [main/INFO]: Started 12 worker threads
[11:20:05] [main/INFO]: Stopping worker threads
[11:20:05] [main/INFO]: Started 12 worker threads
[11:20:05] [main/INFO]: Environment: authHost='https://authserver.mojang.com', accountsHost='https://api.mojang.com', sessionHost='https://sessionserver.mojang.com', servicesHost='https://api.minecraftservices.com', name='PROD'
[11:20:05] [main/INFO]: Stopping worker threads
[11:20:05] [main/INFO]: Started 12 worker threads
[11:20:05] [main/INFO]: Stopping worker threads
[11:20:05] [main/INFO]: Started 12 worker threads
[11:20:05] [main/INFO]: Environment: authHost='https://authserver.mojang.com', accountsHost='https://api.mojang.com', sessionHost='https://sessionserver.mojang.com', servicesHost='https://api.minecraftservices.com', name='PROD'
[11:20:05] [REI-SyncRecipes/INFO]: Reloading REI, registered 2 plugins: roughlyenoughitems:default_runtime_plugin, roughlyenoughitems:default_plugin
[11:20:05] [REI-SyncRecipes/INFO]: Applied Check Tags for potion in 1ms.
[11:20:05] [REI-SyncRecipes/INFO]: Reloaded 1247 stack entries, 846 recipes displays, 3 exclusion zones suppliers, 5 overlay deciders, 1 visibility handlers and 16 categories (Crafting, Smelting, Smoking, Blasting, Campfire, Stone Cutting, Fuel, Brewing, Composting, Stripping, Smithing, Beacon Base, Beacon Payment, Tilling, Pathing, Information) in 11ms.
[11:20:05] [main/INFO]: [CHAT]        
[11:20:08] [main/INFO]: [CHAT] §aYou are playing on profile: §eBlueberry§b (Co-op)
[11:20:15] [main/INFO]: [CHAT] +5 Kill Combo +3% ✯ Magic Find
[11:20:20] [main/INFO]: [CHAT] +10 Kill Combo +10 coins per kill
[11:20:30] [main/INFO]: [CHAT] +15 Kill Combo +3% ✯ Magic Find
[11:20:31] [main/INFO]: [CHAT] RARE DROP! Enchanted Ender Pearl (+131% Magic Find!)
[11:20:35] [main/INFO]: [CHAT] Your Kill Combo has expired! You reached a 16 Kill Combo!
[11:20:41] [main/INFO]: [CHAT] +5 Kill Combo +3% ✯ Magic Find
[11:20:50] [main/INFO]: [CHAT] +10 Kill Combo +10 coins per kill
[11:20:57] [main/INFO]: [CHAT] +15 Kill Combo +3% ✯ Magic Find
[11:20:59] [main/INFO]: [CHAT]  ☠ FRTN_Dragon was killed by Zealot.
[11:21:04] [main/INFO]: [CHAT] Your Kill Combo has expired! You reached a 16 Kill Combo!
[11:21:07] [main/INFO]: [CHAT] Mining Speed Boost is now available!
[11:21:12] [main/INFO]: [CHAT] +5 Kill Combo +3% ✯ Magic Find
[11:21:15] [main/INFO]: [CHAT] RARE DROP! Enchanted Ender Pearl (+128% Magic Find!)
[11:21:18] [main/WARN]: Unable to play unknown soundEvent: minecraft:entity.zombie.unfect
[11:21:24] [main/INFO]: [CHAT] Your Kill Combo has expired! You reached a 8 Kill Combo!
[11:21:25] [main/WARN]: Unable to play unknown soundEvent: minecraft:entity.zombie.cure
[11:21:37] [main/INFO]: [CHAT]   SLAYER QUEST COMPLETE!
[11:21:37] [main/INFO]: [CHAT]    Enderman Slayer LVL 0 - Next LVL in 5 XP!
[11:21:37] [main/INFO]: [CHAT]   SLAYER QUEST STARTED!
[11:21:37] [main/INFO]: [CHAT]    §5§l» §7Slay §c2,750 Combat XP §7worth of Endermen§7.
[11:22:04] [main/INFO]: [CHAT] +5 Kill Combo +3% ✯ Magic Find
[11:22:16] [main/INFO]: [CHAT] +10 Kill Combo +10 coins per kill
[11:22:23] [main/INFO]: [CHAT] +15 Kill Combo +3% ✯ Magic Find
[11:22:27] [main/INFO]: [CHAT] RARE DROP! Enchanted Ender Pearl (+131% Magic Find!)
[11:22:28] [main/INFO]: [CHAT] +20 Kill Combo +15% Combat Exp
[11:22:37] [main/INFO]: [CHAT]  ☠ momsbelt was killed by Voidgloom Seraph.
[11:22:38] [main/INFO]: [CHAT] +25 Kill Combo +3% ✯ Magic Find
[11:22:40] [main/INFO]: [CHAT] Your Kill Combo has expired! You reached a 25 Kill Combo!
[11:22:51] [main/INFO]: [CHAT] Warped to Void Sepulture!
[11:22:52] [main/INFO]: [CHAT] ▬▬▬▬▬▬▬▬▬▬▬▬▬▬▬▬▬▬▬▬▬▬▬▬▬▬▬▬▬▬▬▬▬▬▬▬▬▬▬▬▬▬▬▬▬▬▬▬▬▬▬▬▬▬▬▬▬▬▬▬▬▬▬▬
[11:22:52] [main/INFO]: [CHAT]   NEW ZONE - Void Sepulture
[11:22:52] [main/INFO]: [CHAT] 
[11:22:52] [main/INFO]: [CHAT]   ➤ Defeat fanatics for Enderman Slayer
[11:22:52] [main/INFO]: [CHAT]   ➤ Be careful
[11:22:52] [main/INFO]: [CHAT] 
[11:22:52] [main/INFO]: [CHAT] ▬▬▬▬▬▬▬▬▬▬▬▬▬▬▬▬▬▬▬▬▬▬▬▬▬▬▬▬▬▬▬▬▬▬▬▬▬▬▬▬▬▬▬▬▬▬▬▬▬▬▬▬▬▬▬▬▬▬▬▬▬▬▬▬
[11:23:02] [main/WARN]: Received passengers for unknown entity
[11:23:02] [main/INFO]: [CHAT]  ☠ 201ms was killed by Enderman.
[11:23:26] [main/INFO]: [CHAT]  ☠ You were killed by Voidling Extremist.
[11:23:26] [main/INFO]: [CHAT] You died!
[11:23:33] [main/INFO]: [CHAT] §a[VIP] ve1ocity_§f: what are the changes of getting an summon eye
[11:23:44] [main/INFO]: [CHAT] +5 Kill Combo +3% ✯ Magic Find
[11:23:47] [main/INFO]: [CHAT] §7Angusdude123§7: it has one its its hands
[11:23:49] [main/INFO]: [CHAT] Your previous Mana Flux Power Orb was removed!
[11:23:51] [main/INFO]: [CHAT] §7Angusdude123§7: zealots
[11:23:51] [main/INFO]: [CHAT] You feel a tremor from beneath the earth!
[11:23:54] [main/INFO]: [CHAT] Your Kill Combo has expired! You reached a 6 Kill Combo!
[11:24:03] [main/INFO]: [CHAT]   SLAYER QUEST COMPLETE!
[11:24:03] [main/INFO]: [CHAT]   LVL UP! ➜ Enderman Slayer LVL 1!
[11:24:03] [main/INFO]: [CHAT]   REWARDS AVAILABLE
[11:24:03] [main/INFO]: [CHAT]     §7§cPermanent +1 HP
[11:24:03] [main/INFO]: [CHAT]     §7§aVoidwalker Katana §7Recipe
[11:24:03] [main/INFO]: [CHAT]    §6§lCLICK TO COLLECT
[11:24:03] [main/INFO]: [CHAT]   SLAYER QUEST STARTED!
[11:24:03] [main/INFO]: [CHAT]    §5§l» §7Slay §c2,750 Combat XP §7worth of Endermen§7.
[11:24:08] [main/INFO]: [CHAT] §b[MVP§a+§b] ExremeO§f: 1 in 400 chance i think
[11:24:09] [main/INFO]: [CHAT] ✆ Ring... 
[11:24:10] [main/INFO]: [CHAT] ✆ Ring... Ring... 
[11:24:11] [main/INFO]: [CHAT] ✆ Ring... Ring... Ring... 
[11:24:12] [main/INFO]: [CHAT] §a✆ You again? What do you want this time? §2§l[OPEN MENU]
[11:24:15] [main/INFO]: [CHAT] Your Slayer Quest has been cancelled!
[11:24:34] [main/INFO]: [CHAT] You are too low level to claim this reward!
[11:24:39] [main/INFO]: [CHAT]   SLAYER REWARDS CLAIMED!
[11:24:39] [main/INFO]: [CHAT]    » Enderman Slayer LVL 1
[11:24:39] [main/INFO]: [CHAT]   REWARDS
[11:24:39] [main/INFO]: [CHAT]     §7§cPermanent +1 HP
[11:24:39] [main/INFO]: [CHAT]     §7§aVoidwalker Katana §7Recipe
[11:24:59] [main/INFO]: [CHAT] Warped to Void Sepulture!
[11:25:27] [main/INFO]: [CHAT] §7Angusdude123§7: if u have one early just sell it cuz the chances you will get sometthing good is low if you dont have good stuff
[11:25:43] [main/WARN]: Received passengers for unknown entity
[11:25:49] [main/INFO]: [CHAT]  ☠ momsbelt was killed by Voidgloom Seraph.
[11:26:05] [main/WARN]: Unable to play unknown soundEvent: minecraft:mob.guardian.curse
[11:26:13] [main/WARN]: Received passengers for unknown entity
[11:26:26] [main/INFO]: [CHAT]  ☠ Fizz0 was killed by Voidgloom Seraph.
[11:26:33] [main/INFO]: [CHAT] Warping...
[11:26:33] [main/INFO]: [CHAT] Sending to server mini474N...
[11:26:33] [main/INFO]: Stopping worker threads
[11:26:33] [main/INFO]: Started 12 worker threads
[11:26:33] [main/INFO]: Stopping worker threads
[11:26:33] [main/INFO]: Started 12 worker threads
[11:26:33] [main/INFO]: Environment: authHost='https://authserver.mojang.com', accountsHost='https://api.mojang.com', sessionHost='https://sessionserver.mojang.com', servicesHost='https://api.minecraftservices.com', name='PROD'
[11:26:33] [main/INFO]: Requested config sync for mousewheelie
[11:26:33] [main/INFO]: Stopping worker threads
[11:26:33] [main/INFO]: Started 12 worker threads
[11:26:33] [main/INFO]: Stopping worker threads
[11:26:33] [main/INFO]: Started 12 worker threads
[11:26:33] [main/INFO]: Environment: authHost='https://authserver.mojang.com', accountsHost='https://api.mojang.com', sessionHost='https://sessionserver.mojang.com', servicesHost='https://api.minecraftservices.com', name='PROD'
[11:26:33] [main/INFO]: Stopping worker threads
[11:26:33] [main/INFO]: Started 12 worker threads
[11:26:33] [main/INFO]: Stopping worker threads
[11:26:33] [main/INFO]: Started 12 worker threads
[11:26:33] [main/INFO]: Environment: authHost='https://authserver.mojang.com', accountsHost='https://api.mojang.com', sessionHost='https://sessionserver.mojang.com', servicesHost='https://api.minecraftservices.com', name='PROD'
[11:26:33] [REI-SyncRecipes/INFO]: Reloading REI, registered 2 plugins: roughlyenoughitems:default_runtime_plugin, roughlyenoughitems:default_plugin
[11:26:33] [REI-SyncRecipes/INFO]: Applied Check Tags for potion in 1ms.
[11:26:33] [REI-SyncRecipes/INFO]: Reloaded 1247 stack entries, 846 recipes displays, 3 exclusion zones suppliers, 5 overlay deciders, 1 visibility handlers and 16 categories (Crafting, Smelting, Smoking, Blasting, Campfire, Stone Cutting, Fuel, Brewing, Composting, Stripping, Smithing, Beacon Base, Beacon Payment, Tilling, Pathing, Information) in 11ms.
[11:26:33] [main/INFO]: [CHAT]        
[11:26:36] [main/INFO]: [CHAT] §aYou are playing on profile: §eBlueberry§b (Co-op)
[11:26:43] [main/INFO]: Stopping worker threads
[11:26:45] [main/INFO]: Stopping!
[11:26:45] [main/INFO]: closing rrp ebe:pack
