[13:54:45] [Client thread/INFO]: Setting user: catforcuddle
[13:54:48] [Client thread/INFO]: LWJGL Version: 2.9.4
[13:54:54] [Client thread/INFO]: Reloading ResourceManager: Default, FMLFileResourcePack:Forge Mod Loader, FMLFileResourcePack:Minecraft Forge, FMLFileResourcePack:ModCore, FMLFileResourcePack:Danker's Skyblock Mod, FMLFileResourcePack:Better FPS Limiter, FMLFileResourcePack:Cowlection, FMLFileResourcePack:NotEnoughUpdates, FMLFileResourcePack:orangesimplemod, FMLFileResourcePack:Patcher, FMLFileResourcePack:Scrollable Tooltips, FMLFileResourcePack:SkyBlock Addons, FMLFileResourcePack:SkyBlockcatia, FMLFileResourcePack:Skytils, §r§lFurfSky §6§lReborn §8§lFL §8§l[§71.3.1§8§l].zip
[13:54:54] [Client thread/WARN]: ResourcePack: ignored non-lowercase namespace: .DS_Store in /home/archy/.local/share/multimc/instances/HPSB 1.8/.minecraft/resourcepacks/§r§lFurfSky §6§lReborn §8§lFL §8§l[§71.3.1§8§l].zip
[13:54:55] [Client thread/ERROR]: Couldn't initialize twitch stream
[13:54:55] [Sound Library Loader/INFO]: Starting up SoundSystem...
[13:54:56] [Thread-14/INFO]: Initializing LWJGL OpenAL
[13:54:56] [Thread-14/INFO]: (The LWJGL binding of OpenAL.  For more information, see http://www.lwjgl.org)
[13:54:56] [Thread-14/INFO]: OpenAL initialized.
[13:54:56] [Sound Library Loader/INFO]: Sound engine started
[13:54:57] [Client thread/INFO]: Created: 16x16 textures-atlas
[13:55:02] [Client thread/INFO]: Reloading ResourceManager: Default, FMLFileResourcePack:Forge Mod Loader, FMLFileResourcePack:Minecraft Forge, FMLFileResourcePack:ModCore, FMLFileResourcePack:Danker's Skyblock Mod, FMLFileResourcePack:Better FPS Limiter, FMLFileResourcePack:Cowlection, FMLFileResourcePack:NotEnoughUpdates, FMLFileResourcePack:orangesimplemod, FMLFileResourcePack:Patcher, FMLFileResourcePack:Scrollable Tooltips, FMLFileResourcePack:SkyBlock Addons, FMLFileResourcePack:SkyBlockcatia, FMLFileResourcePack:Skytils, §r§lFurfSky §6§lReborn §8§lFL §8§l[§71.3.1§8§l].zip
[13:55:02] [Client thread/WARN]: ResourcePack: ignored non-lowercase namespace: .DS_Store in /home/archy/.local/share/multimc/instances/HPSB 1.8/.minecraft/resourcepacks/§r§lFurfSky §6§lReborn §8§lFL §8§l[§71.3.1§8§l].zip
[13:55:02] [Client thread/ERROR]: Using missing texture, unable to load minecraft:mcpatcher/cit/armor/armor/mineral/icons/boots.png, java.io.FileNotFoundException
[13:55:02] [Client thread/ERROR]: Using missing texture, unable to load minecraft:custom_skull_textures/blocks/grass_side.png, java.io.FileNotFoundException
[13:55:02] [Client thread/ERROR]: Using missing texture, unable to load minecraft:mcpatcher/cit/armor/armor_icons/dragon_armor/young_dragon/legs.png, java.io.FileNotFoundException
[13:55:02] [Client thread/ERROR]: Using missing texture, unable to load minecraft:mcpatcher/cit/armor/armor_icons/dragon_armor/strong_dragon/chest.png, java.io.FileNotFoundException
[13:55:02] [Client thread/ERROR]: Using missing texture, unable to load minecraft:mcpatcher/cit/armor/armor_icons/salmon/salmon_chestplate_new.png, java.io.FileNotFoundException
[13:55:02] [Client thread/ERROR]: Using missing texture, unable to load minecraft:mcpatcher/cit/uielements/skyblock_menu/skills_progress/extra/h/2550.png, java.io.FileNotFoundException
[13:55:02] [Client thread/ERROR]: Using missing texture, unable to load minecraft:custom_skull_textures/blocks/dirt_podzol_top.png, java.io.FileNotFoundException
[13:55:02] [Client thread/ERROR]: Using missing texture, unable to load minecraft:mcpatcher/cit/armor/armor_icons/dragon_armor/superior_dragon/chest.png, java.io.FileNotFoundException
[13:55:02] [Client thread/ERROR]: Using missing texture, unable to load minecraft:mcpatcher/cit/armor/armor_icons/shadow_assassin_fragged/shadow_assassin_boots.png, java.io.FileNotFoundException
[13:55:02] [Client thread/ERROR]: Using missing texture, unable to load minecraft:custom_skull_textures/blocks/wool_colored_gray.png, java.io.FileNotFoundException
[13:55:02] [Client thread/ERROR]: Using missing texture, unable to load minecraft:mcpatcher/cit/armor/armor_icons/dragon_armor/old_dragon/chest.png, java.io.FileNotFoundException
[13:55:02] [Client thread/ERROR]: Using missing texture, unable to load minecraft:mcpatcher/cit/armor/armor_icons/dragon_armor/unstable_dragon/chest.png, java.io.FileNotFoundException
[13:55:02] [Client thread/ERROR]: Using missing texture, unable to load minecraft:mcpatcher/cit/armor/armor_icons/salmon/salmon_helmet_new.png, java.io.FileNotFoundException
[13:55:02] [Client thread/ERROR]: Using missing texture, unable to load minecraft:mcpatcher/cit/armor/armor_icons/dragon_armor/protector_dragon/chest.png, java.io.FileNotFoundException
[13:55:02] [Client thread/ERROR]: Using missing texture, unable to load minecraft:mcpatcher/cit/armor/armor_icons/shadow_assassin_fragged/shadow_assassin_leggings.png, java.io.FileNotFoundException
[13:55:02] [Client thread/ERROR]: Using missing texture, unable to load minecraft:custom_skull_textures/blocks/prismarine_dark.png, java.io.FileNotFoundException
[13:55:02] [Client thread/ERROR]: Using missing texture, unable to load minecraft:mcpatcher/cit/armor/armor_icons/frozen_blaze/chest.png, java.io.FileNotFoundException
[13:55:02] [Client thread/ERROR]: Using missing texture, unable to load minecraft:mcpatcher/cit/armor/armor_icons/dragon_armor/wise_dragon/chest.png, java.io.FileNotFoundException
[13:55:02] [Client thread/ERROR]: Using missing texture, unable to load minecraft:mcpatcher/cit/armor/armor_icons/frozen_blaze/legs.png, java.io.FileNotFoundException
[13:55:02] [Client thread/ERROR]: Using missing texture, unable to load minecraft:mcpatcher/cit/armor/armor_icons/rising_sun/resistance_leggings_general.png, java.io.FileNotFoundException
[13:55:02] [Client thread/ERROR]: Using missing texture, unable to load minecraft:mcpatcher/cit/armor/armor_icons/dragon_armor/superior_dragon/legs.png, java.io.FileNotFoundException
[13:55:02] [Client thread/ERROR]: Using missing texture, unable to load minecraft:custom_skull_textures/blocks/mycelium_top.png, java.io.FileNotFoundException
[13:55:02] [Client thread/ERROR]: Using missing texture, unable to load minecraft:mcpatcher/cit/armor/armor_icons/dragon_armor/unstable_dragon/legs.png, java.io.FileNotFoundException
[13:55:02] [Client thread/ERROR]: Using missing texture, unable to load minecraft:mcpatcher/cit/armor/armor_icons/salmon/salmon_boots_new.png, java.io.FileNotFoundException
[13:55:02] [Client thread/ERROR]: Using missing texture, unable to load minecraft:custom_skull_textures/blocks/grass_top.png, java.io.FileNotFoundException
[13:55:02] [Client thread/ERROR]: Using missing texture, unable to load minecraft:custom_skull_textures/blocks/snow.png, java.io.FileNotFoundException
[13:55:02] [Client thread/ERROR]: Using missing texture, unable to load minecraft:mcpatcher/cit/armor/armor/mineral/icons/chest.png, java.io.FileNotFoundException
[13:55:02] [Client thread/ERROR]: Using missing texture, unable to load minecraft:mcpatcher/cit/uielements/skyblock_menu/skills_progress/extra/t/2550.png, java.io.FileNotFoundException
[13:55:02] [Client thread/ERROR]: Using missing texture, unable to load minecraft:mcpatcher/cit/armor/armor_icons/dragon_armor/wise_dragon/legs.png, java.io.FileNotFoundException
[13:55:02] [Client thread/ERROR]: Using missing texture, unable to load minecraft:mcpatcher/cit/item/other/quests/romero_and_juliette/mushroom_and_warts_stew/wart_stew.png, java.io.FileNotFoundException
[13:55:02] [Client thread/ERROR]: Using missing texture, unable to load minecraft:mcpatcher/cit/armor/armor_icons/dragon_armor/young_dragon/chest.png, java.io.FileNotFoundException
[13:55:02] [Client thread/ERROR]: Using missing texture, unable to load minecraft:custom_skull_textures/blocks/hardened_clay_stained_cyan.png, java.io.FileNotFoundException
[13:55:02] [Client thread/ERROR]: Using missing texture, unable to load minecraft:mcpatcher/cit/armor/armor_icons/dragon_armor/old_dragon/legs.png, java.io.FileNotFoundException
[13:55:02] [Client thread/ERROR]: Using missing texture, unable to load minecraft:mcpatcher/cit/armor/armor_icons/shadow_assassin_fragged/shadow_assassin_chestplate.png, java.io.FileNotFoundException
[13:55:02] [Client thread/ERROR]: Using missing texture, unable to load minecraft:mcpatcher/cit/item/other/quests/romero_and_juliette/poem_of_true_love/love_poem.png, java.io.FileNotFoundException
[13:55:02] [Client thread/ERROR]: Using missing texture, unable to load minecraft:mcpatcher/cit/armor/armor_icons/salmon/salmon_leggings_new.png, java.io.FileNotFoundException
[13:55:02] [Client thread/ERROR]: Using missing texture, unable to load minecraft:mcpatcher/cit/armor/armor/mineral/icons/legs.png, java.io.FileNotFoundException
[13:55:02] [Client thread/ERROR]: Using missing texture, unable to load minecraft:mcpatcher/cit/armor/armor_icons/rising_sun/resistance_boots_general.png, java.io.FileNotFoundException
[13:55:02] [Client thread/ERROR]: Using missing texture, unable to load minecraft:mcpatcher/cit/armor/armor_icons/frozen_blaze/boots.png, java.io.FileNotFoundException
[13:55:02] [Client thread/ERROR]: Using missing texture, unable to load minecraft:mcpatcher/cit/armor/armor_icons/dragon_armor/strong_dragon/legs.png, java.io.FileNotFoundException
[13:55:02] [Client thread/ERROR]: Using missing texture, unable to load minecraft:mcpatcher/cit/armor/armor_icons/dragon_armor/protector_dragon/legs.png, java.io.FileNotFoundException
[13:55:02] [Client thread/INFO]: Created: 1024x512 custom_skull_textures-atlas
[13:55:02] [Client thread/INFO]: SoundSystem shutting down...
[13:55:02] [Client thread/WARN]: Author: Paul Lamb, www.paulscode.com
[13:55:02] [Sound Library Loader/INFO]: Starting up SoundSystem...
[13:55:03] [Thread-26/INFO]: Initializing LWJGL OpenAL
[13:55:03] [Thread-26/INFO]: (The LWJGL binding of OpenAL.  For more information, see http://www.lwjgl.org)
[13:55:03] [Thread-26/INFO]: OpenAL initialized.
[13:55:03] [Sound Library Loader/INFO]: Sound engine started
[13:55:04] [Client thread/ERROR]: Using missing texture, unable to load minecraft:mcpatcher/cit/uielements/bid_history/graph.png, java.io.FileNotFoundException
[13:55:04] [Client thread/ERROR]: Using missing texture, unable to load minecraft:mcpatcher/cit/armor/armor_icons/dragon_armor/young_dragon/legs.png, java.io.FileNotFoundException
[13:55:04] [Client thread/ERROR]: Using missing texture, unable to load minecraft:mcpatcher/cit/armor/armor_icons/salmon/salmon_chestplate_new.png, java.io.FileNotFoundException
[13:55:04] [Client thread/ERROR]: Using missing texture, unable to load minecraft:mcpatcher/cit/armor/armor_icons/dragon_armor/superior_dragon/chest.png, java.io.FileNotFoundException
[13:55:04] [Client thread/ERROR]: Using missing texture, unable to load minecraft:mcpatcher/cit/armor/armor_icons/shadow_assassin_fragged/shadow_assassin_boots.png, java.io.FileNotFoundException
[13:55:04] [Client thread/ERROR]: Using missing texture, unable to load minecraft:mcpatcher/cit/armor/armor_icons/dragon_armor/old_dragon/chest.png, java.io.FileNotFoundException
[13:55:04] [Client thread/ERROR]: Using missing texture, unable to load minecraft:mcpatcher/cit/armor/armor_icons/dragon_armor/unstable_dragon/chest.png, java.io.FileNotFoundException
[13:55:04] [Client thread/ERROR]: Using missing texture, unable to load minecraft:mcpatcher/cit/armor/armor_icons/salmon/salmon_helmet_new.png, java.io.FileNotFoundException
[13:55:04] [Client thread/ERROR]: Using missing texture, unable to load minecraft:mcpatcher/cit/armor/armor_icons/frozen_blaze/chest.png, java.io.FileNotFoundException
[13:55:04] [Client thread/ERROR]: Using missing texture, unable to load minecraft:mcpatcher/cit/armor/armor_icons/rising_sun/resistance_leggings_general.png, java.io.FileNotFoundException
[13:55:04] [Client thread/ERROR]: Using missing texture, unable to load minecraft:mcpatcher/cit/armor/armor_icons/dragon_armor/superior_dragon/legs.png, java.io.FileNotFoundException
[13:55:04] [Client thread/ERROR]: Using missing texture, unable to load minecraft:mcpatcher/cit/armor/armor_icons/dragon_armor/wise_dragon/legs.png, java.io.FileNotFoundException
[13:55:04] [Client thread/ERROR]: Using missing texture, unable to load minecraft:mcpatcher/cit/armor/armor_icons/dragon_armor/old_dragon/legs.png, java.io.FileNotFoundException
[13:55:04] [Client thread/ERROR]: Using missing texture, unable to load minecraft:mcpatcher/cit/armor/armor_icons/shadow_assassin_fragged/shadow_assassin_chestplate.png, java.io.FileNotFoundException
[13:55:04] [Client thread/ERROR]: Using missing texture, unable to load minecraft:mcpatcher/cit/armor/armor_icons/salmon/salmon_leggings_new.png, java.io.FileNotFoundException
[13:55:04] [Client thread/ERROR]: Using missing texture, unable to load minecraft:mcpatcher/cit/armor/armor/mineral/icons/legs.png, java.io.FileNotFoundException
[13:55:04] [Client thread/ERROR]: Using missing texture, unable to load minecraft:mcpatcher/cit/armor/armor_icons/frozen_blaze/boots.png, java.io.FileNotFoundException
[13:55:04] [Client thread/ERROR]: Using missing texture, unable to load minecraft:mcpatcher/cit/armor/armor_icons/dragon_armor/strong_dragon/legs.png, java.io.FileNotFoundException
[13:55:04] [Client thread/ERROR]: Using missing texture, unable to load minecraft:mcpatcher/cit/uielements/skills/end.png, java.io.FileNotFoundException
[13:55:04] [Client thread/ERROR]: Using missing texture, unable to load minecraft:mcpatcher/cit/armor/armor_icons/dragon_armor/protector_dragon/legs.png, java.io.FileNotFoundException
[13:55:04] [Client thread/ERROR]: Using missing texture, unable to load minecraft:mcpatcher/cit/uielements/skills_progress/corner_rd.png, java.io.FileNotFoundException
[13:55:04] [Client thread/ERROR]: Using missing texture, unable to load minecraft:mcpatcher/cit/armor/armor/mineral/icons/boots.png, java.io.FileNotFoundException
[13:55:04] [Client thread/ERROR]: Using missing texture, unable to load minecraft:mcpatcher/cit/uielements/skills_progress/corner_lu.png, java.io.FileNotFoundException
[13:55:04] [Client thread/ERROR]: Using missing texture, unable to load minecraft:mcpatcher/cit/armor/armor_icons/dragon_armor/strong_dragon/chest.png, java.io.FileNotFoundException
[13:55:04] [Client thread/ERROR]: Using missing texture, unable to load minecraft:mcpatcher/cit/uielements/skyblock_menu/skills_progress/extra/h/2550.png, java.io.FileNotFoundException
[13:55:04] [Client thread/ERROR]: Using missing texture, unable to load minecraft:mcpatcher/cit/armor/armor_icons/dragon_armor/protector_dragon/chest.png, java.io.FileNotFoundException
[13:55:04] [Client thread/ERROR]: Using missing texture, unable to load minecraft:mcpatcher/cit/armor/armor_icons/shadow_assassin_fragged/shadow_assassin_leggings.png, java.io.FileNotFoundException
[13:55:04] [Client thread/ERROR]: Using missing texture, unable to load minecraft:mcpatcher/cit/armor/armor_icons/dragon_armor/wise_dragon/chest.png, java.io.FileNotFoundException
[13:55:04] [Client thread/ERROR]: Using missing texture, unable to load minecraft:mcpatcher/cit/armor/armor_icons/frozen_blaze/legs.png, java.io.FileNotFoundException
[13:55:04] [Client thread/ERROR]: Using missing texture, unable to load minecraft:mcpatcher/cit/armor/armor_icons/dragon_armor/unstable_dragon/legs.png, java.io.FileNotFoundException
[13:55:04] [Client thread/ERROR]: Using missing texture, unable to load minecraft:mcpatcher/cit/armor/armor_icons/salmon/salmon_boots_new.png, java.io.FileNotFoundException
[13:55:04] [Client thread/ERROR]: Using missing texture, unable to load minecraft:mcpatcher/cit/armor/armor/mineral/icons/chest.png, java.io.FileNotFoundException
[13:55:04] [Client thread/ERROR]: Using missing texture, unable to load minecraft:mcpatcher/cit/uielements/skyblock_menu/skills_progress/extra/t/2550.png, java.io.FileNotFoundException
[13:55:04] [Client thread/ERROR]: Using missing texture, unable to load minecraft:mcpatcher/cit/item/other/quests/romero_and_juliette/mushroom_and_warts_stew/wart_stew.png, java.io.FileNotFoundException
[13:55:04] [Client thread/ERROR]: Using missing texture, unable to load minecraft:mcpatcher/cit/armor/armor_icons/dragon_armor/young_dragon/chest.png, java.io.FileNotFoundException
[13:55:04] [Client thread/ERROR]: Using missing texture, unable to load minecraft:mcpatcher/cit/item/other/quests/romero_and_juliette/poem_of_true_love/love_poem.png, java.io.FileNotFoundException
[13:55:04] [Client thread/ERROR]: Using missing texture, unable to load minecraft:mcpatcher/cit/armor/armor_icons/rising_sun/resistance_boots_general.png, java.io.FileNotFoundException
[13:55:04] [Client thread/ERROR]: Using missing texture, unable to load minecraft:mcpatcher/cit/uielements/skyblock_menu/skills_progress/extra/h/null.png, java.io.FileNotFoundException
[13:55:05] [Client thread/INFO]: Created: 1024x1024 textures-atlas
[13:55:23] [Client thread/INFO]: Connecting to mc.hypixel.net., 25565
[13:55:25] [Client thread/INFO]: [CHAT]                                      
[13:55:25] [Client thread/INFO]: [CHAT]                          
[13:55:26] [Client thread/INFO]: [CHAT] §aYou have §b1 §aunclaimed leveling reward!
[13:55:26] [Client thread/INFO]: [CHAT] §eClick here to view it!
[13:55:29] [Client thread/INFO]: [CHAT] §b[MVP§6+§b] S0niT§f §6joined the lobby!
[13:55:44] [Client thread/INFO]: Reloading ResourceManager: Default, FMLFileResourcePack:Forge Mod Loader, FMLFileResourcePack:Minecraft Forge, FMLFileResourcePack:ModCore, FMLFileResourcePack:Danker's Skyblock Mod, FMLFileResourcePack:Better FPS Limiter, FMLFileResourcePack:Cowlection, FMLFileResourcePack:NotEnoughUpdates, FMLFileResourcePack:orangesimplemod, FMLFileResourcePack:Patcher, FMLFileResourcePack:Scrollable Tooltips, FMLFileResourcePack:SkyBlock Addons, FMLFileResourcePack:SkyBlockcatia, FMLFileResourcePack:Skytils, §r§lFurfSky §6§lReborn §8§lFL §8§l[§71.3.1§8§l].zip
[13:55:44] [Client thread/WARN]: ResourcePack: ignored non-lowercase namespace: .DS_Store in /home/archy/.local/share/multimc/instances/HPSB 1.8/.minecraft/resourcepacks/§r§lFurfSky §6§lReborn §8§lFL §8§l[§71.3.1§8§l].zip
[13:55:44] [Client thread/ERROR]: Using missing texture, unable to load minecraft:mcpatcher/cit/armor/armor/mineral/icons/boots.png, java.io.FileNotFoundException
[13:55:44] [Client thread/ERROR]: Using missing texture, unable to load minecraft:custom_skull_textures/blocks/grass_side.png, java.io.FileNotFoundException
[13:55:44] [Client thread/ERROR]: Using missing texture, unable to load minecraft:mcpatcher/cit/armor/armor_icons/dragon_armor/young_dragon/legs.png, java.io.FileNotFoundException
[13:55:44] [Client thread/ERROR]: Using missing texture, unable to load minecraft:mcpatcher/cit/armor/armor_icons/dragon_armor/strong_dragon/chest.png, java.io.FileNotFoundException
[13:55:44] [Client thread/ERROR]: Using missing texture, unable to load minecraft:mcpatcher/cit/armor/armor_icons/salmon/salmon_chestplate_new.png, java.io.FileNotFoundException
[13:55:44] [Client thread/ERROR]: Using missing texture, unable to load minecraft:mcpatcher/cit/uielements/skyblock_menu/skills_progress/extra/h/2550.png, java.io.FileNotFoundException
[13:55:44] [Client thread/ERROR]: Using missing texture, unable to load minecraft:custom_skull_textures/blocks/dirt_podzol_top.png, java.io.FileNotFoundException
[13:55:44] [Client thread/ERROR]: Using missing texture, unable to load minecraft:mcpatcher/cit/armor/armor_icons/dragon_armor/superior_dragon/chest.png, java.io.FileNotFoundException
[13:55:44] [Client thread/ERROR]: Using missing texture, unable to load minecraft:mcpatcher/cit/armor/armor_icons/shadow_assassin_fragged/shadow_assassin_boots.png, java.io.FileNotFoundException
[13:55:44] [Client thread/ERROR]: Using missing texture, unable to load minecraft:custom_skull_textures/blocks/wool_colored_gray.png, java.io.FileNotFoundException
[13:55:44] [Client thread/ERROR]: Using missing texture, unable to load minecraft:mcpatcher/cit/armor/armor_icons/dragon_armor/old_dragon/chest.png, java.io.FileNotFoundException
[13:55:44] [Client thread/ERROR]: Using missing texture, unable to load minecraft:mcpatcher/cit/armor/armor_icons/dragon_armor/unstable_dragon/chest.png, java.io.FileNotFoundException
[13:55:44] [Client thread/ERROR]: Using missing texture, unable to load minecraft:mcpatcher/cit/armor/armor_icons/salmon/salmon_helmet_new.png, java.io.FileNotFoundException
[13:55:44] [Client thread/ERROR]: Using missing texture, unable to load minecraft:mcpatcher/cit/armor/armor_icons/dragon_armor/protector_dragon/chest.png, java.io.FileNotFoundException
[13:55:44] [Client thread/ERROR]: Using missing texture, unable to load minecraft:mcpatcher/cit/armor/armor_icons/shadow_assassin_fragged/shadow_assassin_leggings.png, java.io.FileNotFoundException
[13:55:44] [Client thread/ERROR]: Using missing texture, unable to load minecraft:custom_skull_textures/blocks/prismarine_dark.png, java.io.FileNotFoundException
[13:55:44] [Client thread/ERROR]: Using missing texture, unable to load minecraft:mcpatcher/cit/armor/armor_icons/frozen_blaze/chest.png, java.io.FileNotFoundException
[13:55:44] [Client thread/ERROR]: Using missing texture, unable to load minecraft:mcpatcher/cit/armor/armor_icons/dragon_armor/wise_dragon/chest.png, java.io.FileNotFoundException
[13:55:44] [Client thread/ERROR]: Using missing texture, unable to load minecraft:mcpatcher/cit/armor/armor_icons/frozen_blaze/legs.png, java.io.FileNotFoundException
[13:55:44] [Client thread/ERROR]: Using missing texture, unable to load minecraft:mcpatcher/cit/armor/armor_icons/rising_sun/resistance_leggings_general.png, java.io.FileNotFoundException
[13:55:44] [Client thread/ERROR]: Using missing texture, unable to load minecraft:mcpatcher/cit/armor/armor_icons/dragon_armor/superior_dragon/legs.png, java.io.FileNotFoundException
[13:55:44] [Client thread/ERROR]: Using missing texture, unable to load minecraft:custom_skull_textures/blocks/mycelium_top.png, java.io.FileNotFoundException
[13:55:44] [Client thread/ERROR]: Using missing texture, unable to load minecraft:mcpatcher/cit/armor/armor_icons/dragon_armor/unstable_dragon/legs.png, java.io.FileNotFoundException
[13:55:44] [Client thread/ERROR]: Using missing texture, unable to load minecraft:mcpatcher/cit/armor/armor_icons/salmon/salmon_boots_new.png, java.io.FileNotFoundException
[13:55:44] [Client thread/ERROR]: Using missing texture, unable to load minecraft:custom_skull_textures/blocks/grass_top.png, java.io.FileNotFoundException
[13:55:44] [Client thread/ERROR]: Using missing texture, unable to load minecraft:custom_skull_textures/blocks/snow.png, java.io.FileNotFoundException
[13:55:44] [Client thread/ERROR]: Using missing texture, unable to load minecraft:mcpatcher/cit/armor/armor/mineral/icons/chest.png, java.io.FileNotFoundException
[13:55:44] [Client thread/ERROR]: Using missing texture, unable to load minecraft:mcpatcher/cit/uielements/skyblock_menu/skills_progress/extra/t/2550.png, java.io.FileNotFoundException
[13:55:44] [Client thread/ERROR]: Using missing texture, unable to load minecraft:mcpatcher/cit/armor/armor_icons/dragon_armor/wise_dragon/legs.png, java.io.FileNotFoundException
[13:55:44] [Client thread/ERROR]: Using missing texture, unable to load minecraft:mcpatcher/cit/item/other/quests/romero_and_juliette/mushroom_and_warts_stew/wart_stew.png, java.io.FileNotFoundException
[13:55:44] [Client thread/ERROR]: Using missing texture, unable to load minecraft:mcpatcher/cit/armor/armor_icons/dragon_armor/young_dragon/chest.png, java.io.FileNotFoundException
[13:55:44] [Client thread/ERROR]: Using missing texture, unable to load minecraft:custom_skull_textures/blocks/hardened_clay_stained_cyan.png, java.io.FileNotFoundException
[13:55:44] [Client thread/ERROR]: Using missing texture, unable to load minecraft:mcpatcher/cit/armor/armor_icons/dragon_armor/old_dragon/legs.png, java.io.FileNotFoundException
[13:55:44] [Client thread/ERROR]: Using missing texture, unable to load minecraft:mcpatcher/cit/armor/armor_icons/shadow_assassin_fragged/shadow_assassin_chestplate.png, java.io.FileNotFoundException
[13:55:44] [Client thread/ERROR]: Using missing texture, unable to load minecraft:mcpatcher/cit/item/other/quests/romero_and_juliette/poem_of_true_love/love_poem.png, java.io.FileNotFoundException
[13:55:44] [Client thread/ERROR]: Using missing texture, unable to load minecraft:mcpatcher/cit/armor/armor_icons/salmon/salmon_leggings_new.png, java.io.FileNotFoundException
[13:55:44] [Client thread/ERROR]: Using missing texture, unable to load minecraft:mcpatcher/cit/armor/armor/mineral/icons/legs.png, java.io.FileNotFoundException
[13:55:44] [Client thread/ERROR]: Using missing texture, unable to load minecraft:mcpatcher/cit/armor/armor_icons/rising_sun/resistance_boots_general.png, java.io.FileNotFoundException
[13:55:44] [Client thread/ERROR]: Using missing texture, unable to load minecraft:mcpatcher/cit/armor/armor_icons/frozen_blaze/boots.png, java.io.FileNotFoundException
[13:55:44] [Client thread/ERROR]: Using missing texture, unable to load minecraft:mcpatcher/cit/armor/armor_icons/dragon_armor/strong_dragon/legs.png, java.io.FileNotFoundException
[13:55:44] [Client thread/ERROR]: Using missing texture, unable to load minecraft:mcpatcher/cit/armor/armor_icons/dragon_armor/protector_dragon/legs.png, java.io.FileNotFoundException
[13:55:44] [Client thread/INFO]: Created: 1024x512 custom_skull_textures-atlas
[13:55:44] [Client thread/INFO]: SoundSystem shutting down...
[13:55:45] [Client thread/WARN]: Author: Paul Lamb, www.paulscode.com
[13:55:45] [Sound Library Loader/INFO]: Starting up SoundSystem...
[13:55:45] [Thread-46/INFO]: Initializing LWJGL OpenAL
[13:55:45] [Thread-46/INFO]: (The LWJGL binding of OpenAL.  For more information, see http://www.lwjgl.org)
[13:55:45] [Thread-46/INFO]: OpenAL initialized.
[13:55:45] [Sound Library Loader/INFO]: Sound engine started
[13:55:46] [Client thread/ERROR]: Using missing texture, unable to load minecraft:mcpatcher/cit/uielements/bid_history/graph.png, java.io.FileNotFoundException
[13:55:46] [Client thread/ERROR]: Using missing texture, unable to load minecraft:mcpatcher/cit/armor/armor_icons/dragon_armor/young_dragon/legs.png, java.io.FileNotFoundException
[13:55:46] [Client thread/ERROR]: Using missing texture, unable to load minecraft:mcpatcher/cit/armor/armor_icons/salmon/salmon_chestplate_new.png, java.io.FileNotFoundException
[13:55:46] [Client thread/ERROR]: Using missing texture, unable to load minecraft:mcpatcher/cit/armor/armor_icons/dragon_armor/superior_dragon/chest.png, java.io.FileNotFoundException
[13:55:46] [Client thread/ERROR]: Using missing texture, unable to load minecraft:mcpatcher/cit/armor/armor_icons/shadow_assassin_fragged/shadow_assassin_boots.png, java.io.FileNotFoundException
[13:55:46] [Client thread/ERROR]: Using missing texture, unable to load minecraft:mcpatcher/cit/armor/armor_icons/dragon_armor/old_dragon/chest.png, java.io.FileNotFoundException
[13:55:46] [Client thread/ERROR]: Using missing texture, unable to load minecraft:mcpatcher/cit/armor/armor_icons/dragon_armor/unstable_dragon/chest.png, java.io.FileNotFoundException
[13:55:46] [Client thread/ERROR]: Using missing texture, unable to load minecraft:mcpatcher/cit/armor/armor_icons/salmon/salmon_helmet_new.png, java.io.FileNotFoundException
[13:55:46] [Client thread/ERROR]: Using missing texture, unable to load minecraft:mcpatcher/cit/armor/armor_icons/frozen_blaze/chest.png, java.io.FileNotFoundException
[13:55:46] [Client thread/ERROR]: Using missing texture, unable to load minecraft:mcpatcher/cit/armor/armor_icons/rising_sun/resistance_leggings_general.png, java.io.FileNotFoundException
[13:55:46] [Client thread/ERROR]: Using missing texture, unable to load minecraft:mcpatcher/cit/armor/armor_icons/dragon_armor/superior_dragon/legs.png, java.io.FileNotFoundException
[13:55:46] [Client thread/ERROR]: Using missing texture, unable to load minecraft:mcpatcher/cit/armor/armor_icons/dragon_armor/wise_dragon/legs.png, java.io.FileNotFoundException
[13:55:46] [Client thread/ERROR]: Using missing texture, unable to load minecraft:mcpatcher/cit/armor/armor_icons/dragon_armor/old_dragon/legs.png, java.io.FileNotFoundException
[13:55:46] [Client thread/ERROR]: Using missing texture, unable to load minecraft:mcpatcher/cit/armor/armor_icons/shadow_assassin_fragged/shadow_assassin_chestplate.png, java.io.FileNotFoundException
[13:55:46] [Client thread/ERROR]: Using missing texture, unable to load minecraft:mcpatcher/cit/armor/armor_icons/salmon/salmon_leggings_new.png, java.io.FileNotFoundException
[13:55:46] [Client thread/ERROR]: Using missing texture, unable to load minecraft:mcpatcher/cit/armor/armor/mineral/icons/legs.png, java.io.FileNotFoundException
[13:55:46] [Client thread/ERROR]: Using missing texture, unable to load minecraft:mcpatcher/cit/armor/armor_icons/frozen_blaze/boots.png, java.io.FileNotFoundException
[13:55:46] [Client thread/ERROR]: Using missing texture, unable to load minecraft:mcpatcher/cit/armor/armor_icons/dragon_armor/strong_dragon/legs.png, java.io.FileNotFoundException
[13:55:46] [Client thread/ERROR]: Using missing texture, unable to load minecraft:mcpatcher/cit/uielements/skills/end.png, java.io.FileNotFoundException
[13:55:46] [Client thread/ERROR]: Using missing texture, unable to load minecraft:mcpatcher/cit/armor/armor_icons/dragon_armor/protector_dragon/legs.png, java.io.FileNotFoundException
[13:55:46] [Client thread/ERROR]: Using missing texture, unable to load minecraft:mcpatcher/cit/uielements/skills_progress/corner_rd.png, java.io.FileNotFoundException
[13:55:46] [Client thread/ERROR]: Using missing texture, unable to load minecraft:mcpatcher/cit/armor/armor/mineral/icons/boots.png, java.io.FileNotFoundException
[13:55:46] [Client thread/ERROR]: Using missing texture, unable to load minecraft:mcpatcher/cit/uielements/skills_progress/corner_lu.png, java.io.FileNotFoundException
[13:55:46] [Client thread/ERROR]: Using missing texture, unable to load minecraft:mcpatcher/cit/armor/armor_icons/dragon_armor/strong_dragon/chest.png, java.io.FileNotFoundException
[13:55:46] [Client thread/ERROR]: Using missing texture, unable to load minecraft:mcpatcher/cit/uielements/skyblock_menu/skills_progress/extra/h/2550.png, java.io.FileNotFoundException
[13:55:46] [Client thread/ERROR]: Using missing texture, unable to load minecraft:mcpatcher/cit/armor/armor_icons/dragon_armor/protector_dragon/chest.png, java.io.FileNotFoundException
[13:55:46] [Client thread/ERROR]: Using missing texture, unable to load minecraft:mcpatcher/cit/armor/armor_icons/shadow_assassin_fragged/shadow_assassin_leggings.png, java.io.FileNotFoundException
[13:55:46] [Client thread/ERROR]: Using missing texture, unable to load minecraft:mcpatcher/cit/armor/armor_icons/dragon_armor/wise_dragon/chest.png, java.io.FileNotFoundException
[13:55:46] [Client thread/ERROR]: Using missing texture, unable to load minecraft:mcpatcher/cit/armor/armor_icons/frozen_blaze/legs.png, java.io.FileNotFoundException
[13:55:46] [Client thread/ERROR]: Using missing texture, unable to load minecraft:mcpatcher/cit/armor/armor_icons/dragon_armor/unstable_dragon/legs.png, java.io.FileNotFoundException
[13:55:46] [Client thread/ERROR]: Using missing texture, unable to load minecraft:mcpatcher/cit/armor/armor_icons/salmon/salmon_boots_new.png, java.io.FileNotFoundException
[13:55:46] [Client thread/ERROR]: Using missing texture, unable to load minecraft:mcpatcher/cit/armor/armor/mineral/icons/chest.png, java.io.FileNotFoundException
[13:55:46] [Client thread/ERROR]: Using missing texture, unable to load minecraft:mcpatcher/cit/uielements/skyblock_menu/skills_progress/extra/t/2550.png, java.io.FileNotFoundException
[13:55:46] [Client thread/ERROR]: Using missing texture, unable to load minecraft:mcpatcher/cit/item/other/quests/romero_and_juliette/mushroom_and_warts_stew/wart_stew.png, java.io.FileNotFoundException
[13:55:46] [Client thread/ERROR]: Using missing texture, unable to load minecraft:mcpatcher/cit/armor/armor_icons/dragon_armor/young_dragon/chest.png, java.io.FileNotFoundException
[13:55:47] [Client thread/ERROR]: Using missing texture, unable to load minecraft:mcpatcher/cit/item/other/quests/romero_and_juliette/poem_of_true_love/love_poem.png, java.io.FileNotFoundException
[13:55:47] [Client thread/ERROR]: Using missing texture, unable to load minecraft:mcpatcher/cit/armor/armor_icons/rising_sun/resistance_boots_general.png, java.io.FileNotFoundException
[13:55:47] [Client thread/ERROR]: Using missing texture, unable to load minecraft:mcpatcher/cit/uielements/skyblock_menu/skills_progress/extra/h/null.png, java.io.FileNotFoundException
[13:55:47] [Client thread/INFO]: Created: 1024x1024 textures-atlas
[13:55:48] [Client thread/INFO]: Reloading ResourceManager: Default, FMLFileResourcePack:Forge Mod Loader, FMLFileResourcePack:Minecraft Forge, FMLFileResourcePack:ModCore, FMLFileResourcePack:Danker's Skyblock Mod, FMLFileResourcePack:Better FPS Limiter, FMLFileResourcePack:Cowlection, FMLFileResourcePack:NotEnoughUpdates, FMLFileResourcePack:orangesimplemod, FMLFileResourcePack:Patcher, FMLFileResourcePack:Scrollable Tooltips, FMLFileResourcePack:SkyBlock Addons, FMLFileResourcePack:SkyBlockcatia, FMLFileResourcePack:Skytils, §r§lFurfSky §6§lReborn §8§lFL §8§l[§71.3.1§8§l].zip
[13:55:48] [Client thread/WARN]: ResourcePack: ignored non-lowercase namespace: .DS_Store in /home/archy/.local/share/multimc/instances/HPSB 1.8/.minecraft/resourcepacks/§r§lFurfSky §6§lReborn §8§lFL §8§l[§71.3.1§8§l].zip
[13:55:48] [Client thread/ERROR]: Using missing texture, unable to load minecraft:mcpatcher/cit/armor/armor/mineral/icons/boots.png, java.io.FileNotFoundException
[13:55:48] [Client thread/ERROR]: Using missing texture, unable to load minecraft:custom_skull_textures/blocks/grass_side.png, java.io.FileNotFoundException
[13:55:48] [Client thread/ERROR]: Using missing texture, unable to load minecraft:mcpatcher/cit/armor/armor_icons/dragon_armor/young_dragon/legs.png, java.io.FileNotFoundException
[13:55:48] [Client thread/ERROR]: Using missing texture, unable to load minecraft:mcpatcher/cit/armor/armor_icons/dragon_armor/strong_dragon/chest.png, java.io.FileNotFoundException
[13:55:48] [Client thread/ERROR]: Using missing texture, unable to load minecraft:mcpatcher/cit/armor/armor_icons/salmon/salmon_chestplate_new.png, java.io.FileNotFoundException
[13:55:48] [Client thread/ERROR]: Using missing texture, unable to load minecraft:mcpatcher/cit/uielements/skyblock_menu/skills_progress/extra/h/2550.png, java.io.FileNotFoundException
[13:55:48] [Client thread/ERROR]: Using missing texture, unable to load minecraft:custom_skull_textures/blocks/dirt_podzol_top.png, java.io.FileNotFoundException
[13:55:48] [Client thread/ERROR]: Using missing texture, unable to load minecraft:mcpatcher/cit/armor/armor_icons/dragon_armor/superior_dragon/chest.png, java.io.FileNotFoundException
[13:55:48] [Client thread/ERROR]: Using missing texture, unable to load minecraft:mcpatcher/cit/armor/armor_icons/shadow_assassin_fragged/shadow_assassin_boots.png, java.io.FileNotFoundException
[13:55:48] [Client thread/ERROR]: Using missing texture, unable to load minecraft:custom_skull_textures/blocks/wool_colored_gray.png, java.io.FileNotFoundException
[13:55:48] [Client thread/ERROR]: Using missing texture, unable to load minecraft:mcpatcher/cit/armor/armor_icons/dragon_armor/old_dragon/chest.png, java.io.FileNotFoundException
[13:55:48] [Client thread/ERROR]: Using missing texture, unable to load minecraft:mcpatcher/cit/armor/armor_icons/dragon_armor/unstable_dragon/chest.png, java.io.FileNotFoundException
[13:55:48] [Client thread/ERROR]: Using missing texture, unable to load minecraft:mcpatcher/cit/armor/armor_icons/salmon/salmon_helmet_new.png, java.io.FileNotFoundException
[13:55:48] [Client thread/ERROR]: Using missing texture, unable to load minecraft:mcpatcher/cit/armor/armor_icons/dragon_armor/protector_dragon/chest.png, java.io.FileNotFoundException
[13:55:48] [Client thread/ERROR]: Using missing texture, unable to load minecraft:mcpatcher/cit/armor/armor_icons/shadow_assassin_fragged/shadow_assassin_leggings.png, java.io.FileNotFoundException
[13:55:48] [Client thread/ERROR]: Using missing texture, unable to load minecraft:custom_skull_textures/blocks/prismarine_dark.png, java.io.FileNotFoundException
[13:55:48] [Client thread/ERROR]: Using missing texture, unable to load minecraft:mcpatcher/cit/armor/armor_icons/frozen_blaze/chest.png, java.io.FileNotFoundException
[13:55:48] [Client thread/ERROR]: Using missing texture, unable to load minecraft:mcpatcher/cit/armor/armor_icons/dragon_armor/wise_dragon/chest.png, java.io.FileNotFoundException
[13:55:48] [Client thread/ERROR]: Using missing texture, unable to load minecraft:mcpatcher/cit/armor/armor_icons/frozen_blaze/legs.png, java.io.FileNotFoundException
[13:55:48] [Client thread/ERROR]: Using missing texture, unable to load minecraft:mcpatcher/cit/armor/armor_icons/rising_sun/resistance_leggings_general.png, java.io.FileNotFoundException
[13:55:48] [Client thread/ERROR]: Using missing texture, unable to load minecraft:mcpatcher/cit/armor/armor_icons/dragon_armor/superior_dragon/legs.png, java.io.FileNotFoundException
[13:55:48] [Client thread/ERROR]: Using missing texture, unable to load minecraft:custom_skull_textures/blocks/mycelium_top.png, java.io.FileNotFoundException
[13:55:48] [Client thread/ERROR]: Using missing texture, unable to load minecraft:mcpatcher/cit/armor/armor_icons/dragon_armor/unstable_dragon/legs.png, java.io.FileNotFoundException
[13:55:48] [Client thread/ERROR]: Using missing texture, unable to load minecraft:mcpatcher/cit/armor/armor_icons/salmon/salmon_boots_new.png, java.io.FileNotFoundException
[13:55:48] [Client thread/ERROR]: Using missing texture, unable to load minecraft:custom_skull_textures/blocks/grass_top.png, java.io.FileNotFoundException
[13:55:48] [Client thread/ERROR]: Using missing texture, unable to load minecraft:custom_skull_textures/blocks/snow.png, java.io.FileNotFoundException
[13:55:48] [Client thread/ERROR]: Using missing texture, unable to load minecraft:mcpatcher/cit/armor/armor/mineral/icons/chest.png, java.io.FileNotFoundException
[13:55:48] [Client thread/ERROR]: Using missing texture, unable to load minecraft:mcpatcher/cit/uielements/skyblock_menu/skills_progress/extra/t/2550.png, java.io.FileNotFoundException
[13:55:48] [Client thread/ERROR]: Using missing texture, unable to load minecraft:mcpatcher/cit/armor/armor_icons/dragon_armor/wise_dragon/legs.png, java.io.FileNotFoundException
[13:55:48] [Client thread/ERROR]: Using missing texture, unable to load minecraft:mcpatcher/cit/item/other/quests/romero_and_juliette/mushroom_and_warts_stew/wart_stew.png, java.io.FileNotFoundException
[13:55:48] [Client thread/ERROR]: Using missing texture, unable to load minecraft:mcpatcher/cit/armor/armor_icons/dragon_armor/young_dragon/chest.png, java.io.FileNotFoundException
[13:55:48] [Client thread/ERROR]: Using missing texture, unable to load minecraft:custom_skull_textures/blocks/hardened_clay_stained_cyan.png, java.io.FileNotFoundException
[13:55:48] [Client thread/ERROR]: Using missing texture, unable to load minecraft:mcpatcher/cit/armor/armor_icons/dragon_armor/old_dragon/legs.png, java.io.FileNotFoundException
[13:55:48] [Client thread/ERROR]: Using missing texture, unable to load minecraft:mcpatcher/cit/armor/armor_icons/shadow_assassin_fragged/shadow_assassin_chestplate.png, java.io.FileNotFoundException
[13:55:48] [Client thread/ERROR]: Using missing texture, unable to load minecraft:mcpatcher/cit/item/other/quests/romero_and_juliette/poem_of_true_love/love_poem.png, java.io.FileNotFoundException
[13:55:48] [Client thread/ERROR]: Using missing texture, unable to load minecraft:mcpatcher/cit/armor/armor_icons/salmon/salmon_leggings_new.png, java.io.FileNotFoundException
[13:55:48] [Client thread/ERROR]: Using missing texture, unable to load minecraft:mcpatcher/cit/armor/armor/mineral/icons/legs.png, java.io.FileNotFoundException
[13:55:48] [Client thread/ERROR]: Using missing texture, unable to load minecraft:mcpatcher/cit/armor/armor_icons/rising_sun/resistance_boots_general.png, java.io.FileNotFoundException
[13:55:48] [Client thread/ERROR]: Using missing texture, unable to load minecraft:mcpatcher/cit/armor/armor_icons/frozen_blaze/boots.png, java.io.FileNotFoundException
[13:55:48] [Client thread/ERROR]: Using missing texture, unable to load minecraft:mcpatcher/cit/armor/armor_icons/dragon_armor/strong_dragon/legs.png, java.io.FileNotFoundException
[13:55:48] [Client thread/ERROR]: Using missing texture, unable to load minecraft:mcpatcher/cit/armor/armor_icons/dragon_armor/protector_dragon/legs.png, java.io.FileNotFoundException
[13:55:49] [Client thread/INFO]: Created: 1024x512 custom_skull_textures-atlas
[13:55:49] [Client thread/INFO]: SoundSystem shutting down...
[13:55:49] [Client thread/WARN]: Author: Paul Lamb, www.paulscode.com
[13:55:49] [Sound Library Loader/INFO]: Starting up SoundSystem...
[13:55:49] [Thread-49/INFO]: Initializing LWJGL OpenAL
[13:55:49] [Thread-49/INFO]: (The LWJGL binding of OpenAL.  For more information, see http://www.lwjgl.org)
[13:55:49] [Thread-49/INFO]: OpenAL initialized.
[13:55:50] [Sound Library Loader/INFO]: Sound engine started
[13:55:51] [Client thread/ERROR]: Using missing texture, unable to load minecraft:mcpatcher/cit/uielements/bid_history/graph.png, java.io.FileNotFoundException
[13:55:51] [Client thread/ERROR]: Using missing texture, unable to load minecraft:mcpatcher/cit/armor/armor_icons/dragon_armor/young_dragon/legs.png, java.io.FileNotFoundException
[13:55:51] [Client thread/ERROR]: Using missing texture, unable to load minecraft:mcpatcher/cit/armor/armor_icons/salmon/salmon_chestplate_new.png, java.io.FileNotFoundException
[13:55:51] [Client thread/ERROR]: Using missing texture, unable to load minecraft:mcpatcher/cit/armor/armor_icons/dragon_armor/superior_dragon/chest.png, java.io.FileNotFoundException
[13:55:51] [Client thread/ERROR]: Using missing texture, unable to load minecraft:mcpatcher/cit/armor/armor_icons/shadow_assassin_fragged/shadow_assassin_boots.png, java.io.FileNotFoundException
[13:55:51] [Client thread/ERROR]: Using missing texture, unable to load minecraft:mcpatcher/cit/armor/armor_icons/dragon_armor/old_dragon/chest.png, java.io.FileNotFoundException
[13:55:51] [Client thread/ERROR]: Using missing texture, unable to load minecraft:mcpatcher/cit/armor/armor_icons/dragon_armor/unstable_dragon/chest.png, java.io.FileNotFoundException
[13:55:51] [Client thread/ERROR]: Using missing texture, unable to load minecraft:mcpatcher/cit/armor/armor_icons/salmon/salmon_helmet_new.png, java.io.FileNotFoundException
[13:55:51] [Client thread/ERROR]: Using missing texture, unable to load minecraft:mcpatcher/cit/armor/armor_icons/frozen_blaze/chest.png, java.io.FileNotFoundException
[13:55:51] [Client thread/ERROR]: Using missing texture, unable to load minecraft:mcpatcher/cit/armor/armor_icons/rising_sun/resistance_leggings_general.png, java.io.FileNotFoundException
[13:55:51] [Client thread/ERROR]: Using missing texture, unable to load minecraft:mcpatcher/cit/armor/armor_icons/dragon_armor/superior_dragon/legs.png, java.io.FileNotFoundException
[13:55:51] [Client thread/ERROR]: Using missing texture, unable to load minecraft:mcpatcher/cit/armor/armor_icons/dragon_armor/wise_dragon/legs.png, java.io.FileNotFoundException
[13:55:51] [Client thread/ERROR]: Using missing texture, unable to load minecraft:mcpatcher/cit/armor/armor_icons/dragon_armor/old_dragon/legs.png, java.io.FileNotFoundException
[13:55:51] [Client thread/ERROR]: Using missing texture, unable to load minecraft:mcpatcher/cit/armor/armor_icons/shadow_assassin_fragged/shadow_assassin_chestplate.png, java.io.FileNotFoundException
[13:55:51] [Client thread/ERROR]: Using missing texture, unable to load minecraft:mcpatcher/cit/armor/armor_icons/salmon/salmon_leggings_new.png, java.io.FileNotFoundException
[13:55:51] [Client thread/ERROR]: Using missing texture, unable to load minecraft:mcpatcher/cit/armor/armor/mineral/icons/legs.png, java.io.FileNotFoundException
[13:55:51] [Client thread/ERROR]: Using missing texture, unable to load minecraft:mcpatcher/cit/armor/armor_icons/frozen_blaze/boots.png, java.io.FileNotFoundException
[13:55:51] [Client thread/ERROR]: Using missing texture, unable to load minecraft:mcpatcher/cit/armor/armor_icons/dragon_armor/strong_dragon/legs.png, java.io.FileNotFoundException
[13:55:51] [Client thread/ERROR]: Using missing texture, unable to load minecraft:mcpatcher/cit/uielements/skills/end.png, java.io.FileNotFoundException
[13:55:51] [Client thread/ERROR]: Using missing texture, unable to load minecraft:mcpatcher/cit/armor/armor_icons/dragon_armor/protector_dragon/legs.png, java.io.FileNotFoundException
[13:55:51] [Client thread/ERROR]: Using missing texture, unable to load minecraft:mcpatcher/cit/uielements/skills_progress/corner_rd.png, java.io.FileNotFoundException
[13:55:51] [Client thread/ERROR]: Using missing texture, unable to load minecraft:mcpatcher/cit/armor/armor/mineral/icons/boots.png, java.io.FileNotFoundException
[13:55:51] [Client thread/ERROR]: Using missing texture, unable to load minecraft:mcpatcher/cit/uielements/skills_progress/corner_lu.png, java.io.FileNotFoundException
[13:55:51] [Client thread/ERROR]: Using missing texture, unable to load minecraft:mcpatcher/cit/armor/armor_icons/dragon_armor/strong_dragon/chest.png, java.io.FileNotFoundException
[13:55:51] [Client thread/ERROR]: Using missing texture, unable to load minecraft:mcpatcher/cit/uielements/skyblock_menu/skills_progress/extra/h/2550.png, java.io.FileNotFoundException
[13:55:51] [Client thread/ERROR]: Using missing texture, unable to load minecraft:mcpatcher/cit/armor/armor_icons/dragon_armor/protector_dragon/chest.png, java.io.FileNotFoundException
[13:55:51] [Client thread/ERROR]: Using missing texture, unable to load minecraft:mcpatcher/cit/armor/armor_icons/shadow_assassin_fragged/shadow_assassin_leggings.png, java.io.FileNotFoundException
[13:55:51] [Client thread/ERROR]: Using missing texture, unable to load minecraft:mcpatcher/cit/armor/armor_icons/dragon_armor/wise_dragon/chest.png, java.io.FileNotFoundException
[13:55:51] [Client thread/ERROR]: Using missing texture, unable to load minecraft:mcpatcher/cit/armor/armor_icons/frozen_blaze/legs.png, java.io.FileNotFoundException
[13:55:51] [Client thread/ERROR]: Using missing texture, unable to load minecraft:mcpatcher/cit/armor/armor_icons/dragon_armor/unstable_dragon/legs.png, java.io.FileNotFoundException
[13:55:51] [Client thread/ERROR]: Using missing texture, unable to load minecraft:mcpatcher/cit/armor/armor_icons/salmon/salmon_boots_new.png, java.io.FileNotFoundException
[13:55:51] [Client thread/ERROR]: Using missing texture, unable to load minecraft:mcpatcher/cit/armor/armor/mineral/icons/chest.png, java.io.FileNotFoundException
[13:55:51] [Client thread/ERROR]: Using missing texture, unable to load minecraft:mcpatcher/cit/uielements/skyblock_menu/skills_progress/extra/t/2550.png, java.io.FileNotFoundException
[13:55:51] [Client thread/ERROR]: Using missing texture, unable to load minecraft:mcpatcher/cit/item/other/quests/romero_and_juliette/mushroom_and_warts_stew/wart_stew.png, java.io.FileNotFoundException
[13:55:51] [Client thread/ERROR]: Using missing texture, unable to load minecraft:mcpatcher/cit/armor/armor_icons/dragon_armor/young_dragon/chest.png, java.io.FileNotFoundException
[13:55:51] [Client thread/ERROR]: Using missing texture, unable to load minecraft:mcpatcher/cit/item/other/quests/romero_and_juliette/poem_of_true_love/love_poem.png, java.io.FileNotFoundException
[13:55:51] [Client thread/ERROR]: Using missing texture, unable to load minecraft:mcpatcher/cit/armor/armor_icons/rising_sun/resistance_boots_general.png, java.io.FileNotFoundException
[13:55:51] [Client thread/ERROR]: Using missing texture, unable to load minecraft:mcpatcher/cit/uielements/skyblock_menu/skills_progress/extra/h/null.png, java.io.FileNotFoundException
[13:55:51] [Client thread/INFO]: Created: 1024x1024 textures-atlas
[13:55:57] [Client thread/INFO]: Reloading ResourceManager: Default, FMLFileResourcePack:Forge Mod Loader, FMLFileResourcePack:Minecraft Forge, FMLFileResourcePack:ModCore, FMLFileResourcePack:Danker's Skyblock Mod, FMLFileResourcePack:Better FPS Limiter, FMLFileResourcePack:Cowlection, FMLFileResourcePack:NotEnoughUpdates, FMLFileResourcePack:orangesimplemod, FMLFileResourcePack:Patcher, FMLFileResourcePack:Scrollable Tooltips, FMLFileResourcePack:SkyBlock Addons, FMLFileResourcePack:SkyBlockcatia, FMLFileResourcePack:Skytils, §r§lFurfSky §6§lReborn §8§lFL §8§l[§71.3.1§8§l].zip
[13:55:57] [Client thread/WARN]: ResourcePack: ignored non-lowercase namespace: .DS_Store in /home/archy/.local/share/multimc/instances/HPSB 1.8/.minecraft/resourcepacks/§r§lFurfSky §6§lReborn §8§lFL §8§l[§71.3.1§8§l].zip
[13:55:57] [Client thread/ERROR]: Using missing texture, unable to load minecraft:mcpatcher/cit/armor/armor/mineral/icons/boots.png, java.io.FileNotFoundException
[13:55:57] [Client thread/ERROR]: Using missing texture, unable to load minecraft:custom_skull_textures/blocks/grass_side.png, java.io.FileNotFoundException
[13:55:57] [Client thread/ERROR]: Using missing texture, unable to load minecraft:mcpatcher/cit/armor/armor_icons/dragon_armor/young_dragon/legs.png, java.io.FileNotFoundException
[13:55:57] [Client thread/ERROR]: Using missing texture, unable to load minecraft:mcpatcher/cit/armor/armor_icons/dragon_armor/strong_dragon/chest.png, java.io.FileNotFoundException
[13:55:57] [Client thread/ERROR]: Using missing texture, unable to load minecraft:mcpatcher/cit/armor/armor_icons/salmon/salmon_chestplate_new.png, java.io.FileNotFoundException
[13:55:57] [Client thread/ERROR]: Using missing texture, unable to load minecraft:mcpatcher/cit/uielements/skyblock_menu/skills_progress/extra/h/2550.png, java.io.FileNotFoundException
[13:55:57] [Client thread/ERROR]: Using missing texture, unable to load minecraft:custom_skull_textures/blocks/dirt_podzol_top.png, java.io.FileNotFoundException
[13:55:57] [Client thread/ERROR]: Using missing texture, unable to load minecraft:mcpatcher/cit/armor/armor_icons/dragon_armor/superior_dragon/chest.png, java.io.FileNotFoundException
[13:55:57] [Client thread/ERROR]: Using missing texture, unable to load minecraft:mcpatcher/cit/armor/armor_icons/shadow_assassin_fragged/shadow_assassin_boots.png, java.io.FileNotFoundException
[13:55:57] [Client thread/ERROR]: Using missing texture, unable to load minecraft:custom_skull_textures/blocks/wool_colored_gray.png, java.io.FileNotFoundException
[13:55:57] [Client thread/ERROR]: Using missing texture, unable to load minecraft:mcpatcher/cit/armor/armor_icons/dragon_armor/old_dragon/chest.png, java.io.FileNotFoundException
[13:55:57] [Client thread/ERROR]: Using missing texture, unable to load minecraft:mcpatcher/cit/armor/armor_icons/dragon_armor/unstable_dragon/chest.png, java.io.FileNotFoundException
[13:55:57] [Client thread/ERROR]: Using missing texture, unable to load minecraft:mcpatcher/cit/armor/armor_icons/salmon/salmon_helmet_new.png, java.io.FileNotFoundException
[13:55:57] [Client thread/ERROR]: Using missing texture, unable to load minecraft:mcpatcher/cit/armor/armor_icons/dragon_armor/protector_dragon/chest.png, java.io.FileNotFoundException
[13:55:57] [Client thread/ERROR]: Using missing texture, unable to load minecraft:mcpatcher/cit/armor/armor_icons/shadow_assassin_fragged/shadow_assassin_leggings.png, java.io.FileNotFoundException
[13:55:57] [Client thread/ERROR]: Using missing texture, unable to load minecraft:custom_skull_textures/blocks/prismarine_dark.png, java.io.FileNotFoundException
[13:55:57] [Client thread/ERROR]: Using missing texture, unable to load minecraft:mcpatcher/cit/armor/armor_icons/frozen_blaze/chest.png, java.io.FileNotFoundException
[13:55:57] [Client thread/ERROR]: Using missing texture, unable to load minecraft:mcpatcher/cit/armor/armor_icons/dragon_armor/wise_dragon/chest.png, java.io.FileNotFoundException
[13:55:57] [Client thread/ERROR]: Using missing texture, unable to load minecraft:mcpatcher/cit/armor/armor_icons/frozen_blaze/legs.png, java.io.FileNotFoundException
[13:55:57] [Client thread/ERROR]: Using missing texture, unable to load minecraft:mcpatcher/cit/armor/armor_icons/rising_sun/resistance_leggings_general.png, java.io.FileNotFoundException
[13:55:57] [Client thread/ERROR]: Using missing texture, unable to load minecraft:mcpatcher/cit/armor/armor_icons/dragon_armor/superior_dragon/legs.png, java.io.FileNotFoundException
[13:55:57] [Client thread/ERROR]: Using missing texture, unable to load minecraft:custom_skull_textures/blocks/mycelium_top.png, java.io.FileNotFoundException
[13:55:57] [Client thread/ERROR]: Using missing texture, unable to load minecraft:mcpatcher/cit/armor/armor_icons/dragon_armor/unstable_dragon/legs.png, java.io.FileNotFoundException
[13:55:57] [Client thread/ERROR]: Using missing texture, unable to load minecraft:mcpatcher/cit/armor/armor_icons/salmon/salmon_boots_new.png, java.io.FileNotFoundException
[13:55:57] [Client thread/ERROR]: Using missing texture, unable to load minecraft:custom_skull_textures/blocks/grass_top.png, java.io.FileNotFoundException
[13:55:57] [Client thread/ERROR]: Using missing texture, unable to load minecraft:custom_skull_textures/blocks/snow.png, java.io.FileNotFoundException
[13:55:57] [Client thread/ERROR]: Using missing texture, unable to load minecraft:mcpatcher/cit/armor/armor/mineral/icons/chest.png, java.io.FileNotFoundException
[13:55:57] [Client thread/ERROR]: Using missing texture, unable to load minecraft:mcpatcher/cit/uielements/skyblock_menu/skills_progress/extra/t/2550.png, java.io.FileNotFoundException
[13:55:57] [Client thread/ERROR]: Using missing texture, unable to load minecraft:mcpatcher/cit/armor/armor_icons/dragon_armor/wise_dragon/legs.png, java.io.FileNotFoundException
[13:55:57] [Client thread/ERROR]: Using missing texture, unable to load minecraft:mcpatcher/cit/item/other/quests/romero_and_juliette/mushroom_and_warts_stew/wart_stew.png, java.io.FileNotFoundException
[13:55:57] [Client thread/ERROR]: Using missing texture, unable to load minecraft:mcpatcher/cit/armor/armor_icons/dragon_armor/young_dragon/chest.png, java.io.FileNotFoundException
[13:55:57] [Client thread/ERROR]: Using missing texture, unable to load minecraft:custom_skull_textures/blocks/hardened_clay_stained_cyan.png, java.io.FileNotFoundException
[13:55:57] [Client thread/ERROR]: Using missing texture, unable to load minecraft:mcpatcher/cit/armor/armor_icons/dragon_armor/old_dragon/legs.png, java.io.FileNotFoundException
[13:55:57] [Client thread/ERROR]: Using missing texture, unable to load minecraft:mcpatcher/cit/armor/armor_icons/shadow_assassin_fragged/shadow_assassin_chestplate.png, java.io.FileNotFoundException
[13:55:57] [Client thread/ERROR]: Using missing texture, unable to load minecraft:mcpatcher/cit/item/other/quests/romero_and_juliette/poem_of_true_love/love_poem.png, java.io.FileNotFoundException
[13:55:57] [Client thread/ERROR]: Using missing texture, unable to load minecraft:mcpatcher/cit/armor/armor_icons/salmon/salmon_leggings_new.png, java.io.FileNotFoundException
[13:55:57] [Client thread/ERROR]: Using missing texture, unable to load minecraft:mcpatcher/cit/armor/armor/mineral/icons/legs.png, java.io.FileNotFoundException
[13:55:57] [Client thread/ERROR]: Using missing texture, unable to load minecraft:mcpatcher/cit/armor/armor_icons/rising_sun/resistance_boots_general.png, java.io.FileNotFoundException
[13:55:57] [Client thread/ERROR]: Using missing texture, unable to load minecraft:mcpatcher/cit/armor/armor_icons/frozen_blaze/boots.png, java.io.FileNotFoundException
[13:55:57] [Client thread/ERROR]: Using missing texture, unable to load minecraft:mcpatcher/cit/armor/armor_icons/dragon_armor/strong_dragon/legs.png, java.io.FileNotFoundException
[13:55:57] [Client thread/ERROR]: Using missing texture, unable to load minecraft:mcpatcher/cit/armor/armor_icons/dragon_armor/protector_dragon/legs.png, java.io.FileNotFoundException
[13:55:58] [Client thread/INFO]: Created: 1024x512 custom_skull_textures-atlas
[13:55:58] [Client thread/INFO]: SoundSystem shutting down...
[13:55:58] [Client thread/WARN]: Author: Paul Lamb, www.paulscode.com
[13:55:58] [Sound Library Loader/INFO]: Starting up SoundSystem...
[13:55:58] [Thread-53/INFO]: Initializing LWJGL OpenAL
[13:55:58] [Thread-53/INFO]: (The LWJGL binding of OpenAL.  For more information, see http://www.lwjgl.org)
[13:55:58] [Thread-53/INFO]: OpenAL initialized.
[13:55:59] [Sound Library Loader/INFO]: Sound engine started
[13:56:00] [Client thread/ERROR]: Using missing texture, unable to load minecraft:mcpatcher/cit/uielements/bid_history/graph.png, java.io.FileNotFoundException
[13:56:00] [Client thread/ERROR]: Using missing texture, unable to load minecraft:mcpatcher/cit/armor/armor_icons/dragon_armor/young_dragon/legs.png, java.io.FileNotFoundException
[13:56:00] [Client thread/ERROR]: Using missing texture, unable to load minecraft:mcpatcher/cit/armor/armor_icons/salmon/salmon_chestplate_new.png, java.io.FileNotFoundException
[13:56:00] [Client thread/ERROR]: Using missing texture, unable to load minecraft:mcpatcher/cit/armor/armor_icons/dragon_armor/superior_dragon/chest.png, java.io.FileNotFoundException
[13:56:00] [Client thread/ERROR]: Using missing texture, unable to load minecraft:mcpatcher/cit/armor/armor_icons/shadow_assassin_fragged/shadow_assassin_boots.png, java.io.FileNotFoundException
[13:56:00] [Client thread/ERROR]: Using missing texture, unable to load minecraft:mcpatcher/cit/armor/armor_icons/dragon_armor/old_dragon/chest.png, java.io.FileNotFoundException
[13:56:00] [Client thread/ERROR]: Using missing texture, unable to load minecraft:mcpatcher/cit/armor/armor_icons/dragon_armor/unstable_dragon/chest.png, java.io.FileNotFoundException
[13:56:00] [Client thread/ERROR]: Using missing texture, unable to load minecraft:mcpatcher/cit/armor/armor_icons/salmon/salmon_helmet_new.png, java.io.FileNotFoundException
[13:56:00] [Client thread/ERROR]: Using missing texture, unable to load minecraft:mcpatcher/cit/armor/armor_icons/frozen_blaze/chest.png, java.io.FileNotFoundException
[13:56:00] [Client thread/ERROR]: Using missing texture, unable to load minecraft:mcpatcher/cit/armor/armor_icons/rising_sun/resistance_leggings_general.png, java.io.FileNotFoundException
[13:56:00] [Client thread/ERROR]: Using missing texture, unable to load minecraft:mcpatcher/cit/armor/armor_icons/dragon_armor/superior_dragon/legs.png, java.io.FileNotFoundException
[13:56:00] [Client thread/ERROR]: Using missing texture, unable to load minecraft:mcpatcher/cit/armor/armor_icons/dragon_armor/wise_dragon/legs.png, java.io.FileNotFoundException
[13:56:00] [Client thread/ERROR]: Using missing texture, unable to load minecraft:mcpatcher/cit/armor/armor_icons/dragon_armor/old_dragon/legs.png, java.io.FileNotFoundException
[13:56:00] [Client thread/ERROR]: Using missing texture, unable to load minecraft:mcpatcher/cit/armor/armor_icons/shadow_assassin_fragged/shadow_assassin_chestplate.png, java.io.FileNotFoundException
[13:56:00] [Client thread/ERROR]: Using missing texture, unable to load minecraft:mcpatcher/cit/armor/armor_icons/salmon/salmon_leggings_new.png, java.io.FileNotFoundException
[13:56:00] [Client thread/ERROR]: Using missing texture, unable to load minecraft:mcpatcher/cit/armor/armor/mineral/icons/legs.png, java.io.FileNotFoundException
[13:56:00] [Client thread/ERROR]: Using missing texture, unable to load minecraft:mcpatcher/cit/armor/armor_icons/frozen_blaze/boots.png, java.io.FileNotFoundException
[13:56:00] [Client thread/ERROR]: Using missing texture, unable to load minecraft:mcpatcher/cit/armor/armor_icons/dragon_armor/strong_dragon/legs.png, java.io.FileNotFoundException
[13:56:00] [Client thread/ERROR]: Using missing texture, unable to load minecraft:mcpatcher/cit/uielements/skills/end.png, java.io.FileNotFoundException
[13:56:00] [Client thread/ERROR]: Using missing texture, unable to load minecraft:mcpatcher/cit/armor/armor_icons/dragon_armor/protector_dragon/legs.png, java.io.FileNotFoundException
[13:56:00] [Client thread/ERROR]: Using missing texture, unable to load minecraft:mcpatcher/cit/uielements/skills_progress/corner_rd.png, java.io.FileNotFoundException
[13:56:00] [Client thread/ERROR]: Using missing texture, unable to load minecraft:mcpatcher/cit/armor/armor/mineral/icons/boots.png, java.io.FileNotFoundException
[13:56:00] [Client thread/ERROR]: Using missing texture, unable to load minecraft:mcpatcher/cit/uielements/skills_progress/corner_lu.png, java.io.FileNotFoundException
[13:56:00] [Client thread/ERROR]: Using missing texture, unable to load minecraft:mcpatcher/cit/armor/armor_icons/dragon_armor/strong_dragon/chest.png, java.io.FileNotFoundException
[13:56:00] [Client thread/ERROR]: Using missing texture, unable to load minecraft:mcpatcher/cit/uielements/skyblock_menu/skills_progress/extra/h/2550.png, java.io.FileNotFoundException
[13:56:00] [Client thread/ERROR]: Using missing texture, unable to load minecraft:mcpatcher/cit/armor/armor_icons/dragon_armor/protector_dragon/chest.png, java.io.FileNotFoundException
[13:56:00] [Client thread/ERROR]: Using missing texture, unable to load minecraft:mcpatcher/cit/armor/armor_icons/shadow_assassin_fragged/shadow_assassin_leggings.png, java.io.FileNotFoundException
[13:56:00] [Client thread/ERROR]: Using missing texture, unable to load minecraft:mcpatcher/cit/armor/armor_icons/dragon_armor/wise_dragon/chest.png, java.io.FileNotFoundException
[13:56:00] [Client thread/ERROR]: Using missing texture, unable to load minecraft:mcpatcher/cit/armor/armor_icons/frozen_blaze/legs.png, java.io.FileNotFoundException
[13:56:00] [Client thread/ERROR]: Using missing texture, unable to load minecraft:mcpatcher/cit/armor/armor_icons/dragon_armor/unstable_dragon/legs.png, java.io.FileNotFoundException
[13:56:00] [Client thread/ERROR]: Using missing texture, unable to load minecraft:mcpatcher/cit/armor/armor_icons/salmon/salmon_boots_new.png, java.io.FileNotFoundException
[13:56:00] [Client thread/ERROR]: Using missing texture, unable to load minecraft:mcpatcher/cit/armor/armor/mineral/icons/chest.png, java.io.FileNotFoundException
[13:56:00] [Client thread/ERROR]: Using missing texture, unable to load minecraft:mcpatcher/cit/uielements/skyblock_menu/skills_progress/extra/t/2550.png, java.io.FileNotFoundException
[13:56:00] [Client thread/ERROR]: Using missing texture, unable to load minecraft:mcpatcher/cit/item/other/quests/romero_and_juliette/mushroom_and_warts_stew/wart_stew.png, java.io.FileNotFoundException
[13:56:00] [Client thread/ERROR]: Using missing texture, unable to load minecraft:mcpatcher/cit/armor/armor_icons/dragon_armor/young_dragon/chest.png, java.io.FileNotFoundException
[13:56:00] [Client thread/ERROR]: Using missing texture, unable to load minecraft:mcpatcher/cit/item/other/quests/romero_and_juliette/poem_of_true_love/love_poem.png, java.io.FileNotFoundException
[13:56:00] [Client thread/ERROR]: Using missing texture, unable to load minecraft:mcpatcher/cit/armor/armor_icons/rising_sun/resistance_boots_general.png, java.io.FileNotFoundException
[13:56:00] [Client thread/ERROR]: Using missing texture, unable to load minecraft:mcpatcher/cit/uielements/skyblock_menu/skills_progress/extra/h/null.png, java.io.FileNotFoundException
[13:56:00] [Client thread/INFO]: Created: 1024x1024 textures-atlas
[13:56:16] [Client thread/INFO]: [CHAT] Sending to server mini316W...
[13:56:16] [Client thread/INFO]: [CHAT]        
[13:56:16] [Client thread/INFO]: [CHAT] -----------------------------------------------------
[13:56:16] [Client thread/INFO]: [CHAT] You have just received 0 coins as interest in your co-op bank account!
[13:56:16] [Client thread/INFO]: [CHAT] -----------------------------------------------------
[13:56:17] [Client thread/INFO]: [CHAT] 
[13:56:17] [Client thread/INFO]: [CHAT] §9It seems this is your first time using NotEnoughUpdates.
[13:56:17] [Client thread/INFO]: [CHAT] §eClick this message if you would like to view a short tutorial.
[13:56:17] [Client thread/INFO]: [CHAT] 
[13:56:22] [Client thread/INFO]: [CHAT] §aYou are playing on profile: §eBlueberry§b (Co-op)
[13:56:22] [Client thread/INFO]: [CHAT] 
[13:56:22] [Client thread/INFO]: [CHAT] §bThank you for downloading Skytils!
[13:56:22] [Client thread/INFO]: [CHAT] §9➜ Skytils Commands and Info
 §2§l ❣ §7§oCommands marked with a §a§o✯ §7§orequire an §f§oAPI key§7§o to work correctly.
 §2§l ❣ §7§oThe current mod version is §f§o0.3.1§7§o.
§9§l➜ Setup:
 §3/skytils §l➡ §bOpens the main mod GUI. §7(Alias: §f/st§7)
 §3/skytils config §l➡ §bOpens the configuration GUI.
 §3/skytils setkey §l➡ §bSets your Hypixel API key.
 §3/skytils help §l➡ §bShows this help menu.
 §3/skytils reload <aliases/data> §l➡ §bForces a refresh of command aliases or solutions from the data repository.
 §3/skytils editlocations §l➡ §bOpens the location editing GUI.
 §3/skytils aliases §l➡ §bOpens the command alias editing GUI.
§9§l➜ Events:
 §3/skytils griffin refresh §l➡ §bForcefully refreshes Griffin Burrow waypoints. §a§o✯
 §3/skytils fetchur §l➡ §bShows the item that Fetchur wants.
§9§l➜ Color and Glint
 §3/armorcolor <set/clear/clearall> §l➡ §bChanges the color of an armor piece to the hexcode or decimal color. §7(Alias: §f/armourcolour§7)
 §3/glintcustomize override <on/off/clear/clearall> §l➡ §bEnables or disables the enchantment glint on an item.
 §3/glintcustomize color <set/clear/clearall> §l➡ §bChange the enchantment glint color for an item.
§9§l➜ Miscellaneous:
 §3/reparty §l➡ §bDisbands and re-invites everyone in your party. §7(Alias: §f/rp§7)
 §3/blockability <clearall> §l➡ §bDisables the ability for the item in your hand.
[13:56:22] [Client thread/INFO]: [CHAT] Welcome to Hypixel SkyBlock!
[13:57:16] [Client thread/INFO]: [CHAT] Mining Speed Boost is now available!
[13:57:30] [Client thread/INFO]: [CHAT]  ☠ RUSSELDinoPuppy was killed by Zombie Villager.
[13:57:59] [Client thread/INFO]: Reloading ResourceManager: Default, FMLFileResourcePack:Forge Mod Loader, FMLFileResourcePack:Minecraft Forge, FMLFileResourcePack:ModCore, FMLFileResourcePack:Danker's Skyblock Mod, FMLFileResourcePack:Better FPS Limiter, FMLFileResourcePack:Cowlection, FMLFileResourcePack:NotEnoughUpdates, FMLFileResourcePack:orangesimplemod, FMLFileResourcePack:Patcher, FMLFileResourcePack:Scrollable Tooltips, FMLFileResourcePack:SkyBlock Addons, FMLFileResourcePack:SkyBlockcatia, FMLFileResourcePack:Skytils, §r§lFurfSky §6§lReborn §8§lFL §8§l[§71.3.1§8§l].zip
[13:57:59] [Client thread/WARN]: ResourcePack: ignored non-lowercase namespace: .DS_Store in /home/archy/.local/share/multimc/instances/HPSB 1.8/.minecraft/resourcepacks/§r§lFurfSky §6§lReborn §8§lFL §8§l[§71.3.1§8§l].zip
[13:57:59] [Client thread/ERROR]: Using missing texture, unable to load minecraft:mcpatcher/cit/armor/armor/mineral/icons/boots.png, java.io.FileNotFoundException
[13:57:59] [Client thread/ERROR]: Using missing texture, unable to load minecraft:custom_skull_textures/blocks/grass_side.png, java.io.FileNotFoundException
[13:57:59] [Client thread/ERROR]: Using missing texture, unable to load minecraft:mcpatcher/cit/armor/armor_icons/dragon_armor/young_dragon/legs.png, java.io.FileNotFoundException
[13:57:59] [Client thread/ERROR]: Using missing texture, unable to load minecraft:mcpatcher/cit/armor/armor_icons/dragon_armor/strong_dragon/chest.png, java.io.FileNotFoundException
[13:57:59] [Client thread/ERROR]: Using missing texture, unable to load minecraft:mcpatcher/cit/armor/armor_icons/salmon/salmon_chestplate_new.png, java.io.FileNotFoundException
[13:57:59] [Client thread/ERROR]: Using missing texture, unable to load minecraft:mcpatcher/cit/uielements/skyblock_menu/skills_progress/extra/h/2550.png, java.io.FileNotFoundException
[13:57:59] [Client thread/ERROR]: Using missing texture, unable to load minecraft:custom_skull_textures/blocks/dirt_podzol_top.png, java.io.FileNotFoundException
[13:57:59] [Client thread/ERROR]: Using missing texture, unable to load minecraft:mcpatcher/cit/armor/armor_icons/dragon_armor/superior_dragon/chest.png, java.io.FileNotFoundException
[13:57:59] [Client thread/ERROR]: Using missing texture, unable to load minecraft:mcpatcher/cit/armor/armor_icons/shadow_assassin_fragged/shadow_assassin_boots.png, java.io.FileNotFoundException
[13:57:59] [Client thread/ERROR]: Using missing texture, unable to load minecraft:custom_skull_textures/blocks/wool_colored_gray.png, java.io.FileNotFoundException
[13:57:59] [Client thread/ERROR]: Using missing texture, unable to load minecraft:mcpatcher/cit/armor/armor_icons/dragon_armor/old_dragon/chest.png, java.io.FileNotFoundException
[13:57:59] [Client thread/ERROR]: Using missing texture, unable to load minecraft:mcpatcher/cit/armor/armor_icons/dragon_armor/unstable_dragon/chest.png, java.io.FileNotFoundException
[13:57:59] [Client thread/ERROR]: Using missing texture, unable to load minecraft:mcpatcher/cit/armor/armor_icons/salmon/salmon_helmet_new.png, java.io.FileNotFoundException
[13:57:59] [Client thread/ERROR]: Using missing texture, unable to load minecraft:mcpatcher/cit/armor/armor_icons/dragon_armor/protector_dragon/chest.png, java.io.FileNotFoundException
[13:57:59] [Client thread/ERROR]: Using missing texture, unable to load minecraft:mcpatcher/cit/armor/armor_icons/shadow_assassin_fragged/shadow_assassin_leggings.png, java.io.FileNotFoundException
[13:57:59] [Client thread/ERROR]: Using missing texture, unable to load minecraft:custom_skull_textures/blocks/prismarine_dark.png, java.io.FileNotFoundException
[13:57:59] [Client thread/ERROR]: Using missing texture, unable to load minecraft:mcpatcher/cit/armor/armor_icons/frozen_blaze/chest.png, java.io.FileNotFoundException
[13:57:59] [Client thread/ERROR]: Using missing texture, unable to load minecraft:mcpatcher/cit/armor/armor_icons/dragon_armor/wise_dragon/chest.png, java.io.FileNotFoundException
[13:57:59] [Client thread/ERROR]: Using missing texture, unable to load minecraft:mcpatcher/cit/armor/armor_icons/frozen_blaze/legs.png, java.io.FileNotFoundException
[13:57:59] [Client thread/ERROR]: Using missing texture, unable to load minecraft:mcpatcher/cit/armor/armor_icons/rising_sun/resistance_leggings_general.png, java.io.FileNotFoundException
[13:57:59] [Client thread/ERROR]: Using missing texture, unable to load minecraft:mcpatcher/cit/armor/armor_icons/dragon_armor/superior_dragon/legs.png, java.io.FileNotFoundException
[13:57:59] [Client thread/ERROR]: Using missing texture, unable to load minecraft:custom_skull_textures/blocks/mycelium_top.png, java.io.FileNotFoundException
[13:57:59] [Client thread/ERROR]: Using missing texture, unable to load minecraft:mcpatcher/cit/armor/armor_icons/dragon_armor/unstable_dragon/legs.png, java.io.FileNotFoundException
[13:57:59] [Client thread/ERROR]: Using missing texture, unable to load minecraft:mcpatcher/cit/armor/armor_icons/salmon/salmon_boots_new.png, java.io.FileNotFoundException
[13:57:59] [Client thread/ERROR]: Using missing texture, unable to load minecraft:custom_skull_textures/blocks/grass_top.png, java.io.FileNotFoundException
[13:57:59] [Client thread/ERROR]: Using missing texture, unable to load minecraft:custom_skull_textures/blocks/snow.png, java.io.FileNotFoundException
[13:57:59] [Client thread/ERROR]: Using missing texture, unable to load minecraft:mcpatcher/cit/armor/armor/mineral/icons/chest.png, java.io.FileNotFoundException
[13:57:59] [Client thread/ERROR]: Using missing texture, unable to load minecraft:mcpatcher/cit/uielements/skyblock_menu/skills_progress/extra/t/2550.png, java.io.FileNotFoundException
[13:57:59] [Client thread/ERROR]: Using missing texture, unable to load minecraft:mcpatcher/cit/armor/armor_icons/dragon_armor/wise_dragon/legs.png, java.io.FileNotFoundException
[13:57:59] [Client thread/ERROR]: Using missing texture, unable to load minecraft:mcpatcher/cit/item/other/quests/romero_and_juliette/mushroom_and_warts_stew/wart_stew.png, java.io.FileNotFoundException
[13:57:59] [Client thread/ERROR]: Using missing texture, unable to load minecraft:mcpatcher/cit/armor/armor_icons/dragon_armor/young_dragon/chest.png, java.io.FileNotFoundException
[13:57:59] [Client thread/ERROR]: Using missing texture, unable to load minecraft:custom_skull_textures/blocks/hardened_clay_stained_cyan.png, java.io.FileNotFoundException
[13:57:59] [Client thread/ERROR]: Using missing texture, unable to load minecraft:mcpatcher/cit/armor/armor_icons/dragon_armor/old_dragon/legs.png, java.io.FileNotFoundException
[13:57:59] [Client thread/ERROR]: Using missing texture, unable to load minecraft:mcpatcher/cit/armor/armor_icons/shadow_assassin_fragged/shadow_assassin_chestplate.png, java.io.FileNotFoundException
[13:57:59] [Client thread/ERROR]: Using missing texture, unable to load minecraft:mcpatcher/cit/item/other/quests/romero_and_juliette/poem_of_true_love/love_poem.png, java.io.FileNotFoundException
[13:57:59] [Client thread/ERROR]: Using missing texture, unable to load minecraft:mcpatcher/cit/armor/armor_icons/salmon/salmon_leggings_new.png, java.io.FileNotFoundException
[13:57:59] [Client thread/ERROR]: Using missing texture, unable to load minecraft:mcpatcher/cit/armor/armor/mineral/icons/legs.png, java.io.FileNotFoundException
[13:57:59] [Client thread/ERROR]: Using missing texture, unable to load minecraft:mcpatcher/cit/armor/armor_icons/rising_sun/resistance_boots_general.png, java.io.FileNotFoundException
[13:57:59] [Client thread/ERROR]: Using missing texture, unable to load minecraft:mcpatcher/cit/armor/armor_icons/frozen_blaze/boots.png, java.io.FileNotFoundException
[13:57:59] [Client thread/ERROR]: Using missing texture, unable to load minecraft:mcpatcher/cit/armor/armor_icons/dragon_armor/strong_dragon/legs.png, java.io.FileNotFoundException
[13:57:59] [Client thread/ERROR]: Using missing texture, unable to load minecraft:mcpatcher/cit/armor/armor_icons/dragon_armor/protector_dragon/legs.png, java.io.FileNotFoundException
[13:57:59] [Client thread/INFO]: Created: 1024x512 custom_skull_textures-atlas
[13:57:59] [Client thread/INFO]: SoundSystem shutting down...
[13:57:59] [Client thread/WARN]: Author: Paul Lamb, www.paulscode.com
[13:57:59] [Sound Library Loader/INFO]: Starting up SoundSystem...
[13:57:59] [Thread-121/INFO]: Initializing LWJGL OpenAL
[13:57:59] [Thread-121/INFO]: (The LWJGL binding of OpenAL.  For more information, see http://www.lwjgl.org)
[13:57:59] [Thread-121/INFO]: OpenAL initialized.
[13:58:00] [Sound Library Loader/INFO]: Sound engine started
[13:58:01] [Client thread/ERROR]: Using missing texture, unable to load minecraft:mcpatcher/cit/uielements/bid_history/graph.png, java.io.FileNotFoundException
[13:58:01] [Client thread/ERROR]: Using missing texture, unable to load minecraft:mcpatcher/cit/armor/armor_icons/dragon_armor/young_dragon/legs.png, java.io.FileNotFoundException
[13:58:01] [Client thread/ERROR]: Using missing texture, unable to load minecraft:mcpatcher/cit/armor/armor_icons/salmon/salmon_chestplate_new.png, java.io.FileNotFoundException
[13:58:01] [Client thread/ERROR]: Using missing texture, unable to load minecraft:mcpatcher/cit/armor/armor_icons/dragon_armor/superior_dragon/chest.png, java.io.FileNotFoundException
[13:58:01] [Client thread/ERROR]: Using missing texture, unable to load minecraft:mcpatcher/cit/armor/armor_icons/shadow_assassin_fragged/shadow_assassin_boots.png, java.io.FileNotFoundException
[13:58:01] [Client thread/ERROR]: Using missing texture, unable to load minecraft:mcpatcher/cit/armor/armor_icons/dragon_armor/old_dragon/chest.png, java.io.FileNotFoundException
[13:58:01] [Client thread/ERROR]: Using missing texture, unable to load minecraft:mcpatcher/cit/armor/armor_icons/dragon_armor/unstable_dragon/chest.png, java.io.FileNotFoundException
[13:58:01] [Client thread/ERROR]: Using missing texture, unable to load minecraft:mcpatcher/cit/armor/armor_icons/salmon/salmon_helmet_new.png, java.io.FileNotFoundException
[13:58:01] [Client thread/ERROR]: Using missing texture, unable to load minecraft:mcpatcher/cit/armor/armor_icons/frozen_blaze/chest.png, java.io.FileNotFoundException
[13:58:01] [Client thread/ERROR]: Using missing texture, unable to load minecraft:mcpatcher/cit/armor/armor_icons/rising_sun/resistance_leggings_general.png, java.io.FileNotFoundException
[13:58:01] [Client thread/ERROR]: Using missing texture, unable to load minecraft:mcpatcher/cit/armor/armor_icons/dragon_armor/superior_dragon/legs.png, java.io.FileNotFoundException
[13:58:01] [Client thread/ERROR]: Using missing texture, unable to load minecraft:mcpatcher/cit/armor/armor_icons/dragon_armor/wise_dragon/legs.png, java.io.FileNotFoundException
[13:58:01] [Client thread/ERROR]: Using missing texture, unable to load minecraft:mcpatcher/cit/armor/armor_icons/dragon_armor/old_dragon/legs.png, java.io.FileNotFoundException
[13:58:01] [Client thread/ERROR]: Using missing texture, unable to load minecraft:mcpatcher/cit/armor/armor_icons/shadow_assassin_fragged/shadow_assassin_chestplate.png, java.io.FileNotFoundException
[13:58:01] [Client thread/ERROR]: Using missing texture, unable to load minecraft:mcpatcher/cit/armor/armor_icons/salmon/salmon_leggings_new.png, java.io.FileNotFoundException
[13:58:01] [Client thread/ERROR]: Using missing texture, unable to load minecraft:mcpatcher/cit/armor/armor/mineral/icons/legs.png, java.io.FileNotFoundException
[13:58:01] [Client thread/ERROR]: Using missing texture, unable to load minecraft:mcpatcher/cit/armor/armor_icons/frozen_blaze/boots.png, java.io.FileNotFoundException
[13:58:01] [Client thread/ERROR]: Using missing texture, unable to load minecraft:mcpatcher/cit/armor/armor_icons/dragon_armor/strong_dragon/legs.png, java.io.FileNotFoundException
[13:58:01] [Client thread/ERROR]: Using missing texture, unable to load minecraft:mcpatcher/cit/uielements/skills/end.png, java.io.FileNotFoundException
[13:58:01] [Client thread/ERROR]: Using missing texture, unable to load minecraft:mcpatcher/cit/armor/armor_icons/dragon_armor/protector_dragon/legs.png, java.io.FileNotFoundException
[13:58:01] [Client thread/ERROR]: Using missing texture, unable to load minecraft:mcpatcher/cit/uielements/skills_progress/corner_rd.png, java.io.FileNotFoundException
[13:58:01] [Client thread/ERROR]: Using missing texture, unable to load minecraft:mcpatcher/cit/armor/armor/mineral/icons/boots.png, java.io.FileNotFoundException
[13:58:01] [Client thread/ERROR]: Using missing texture, unable to load minecraft:mcpatcher/cit/uielements/skills_progress/corner_lu.png, java.io.FileNotFoundException
[13:58:01] [Client thread/ERROR]: Using missing texture, unable to load minecraft:mcpatcher/cit/armor/armor_icons/dragon_armor/strong_dragon/chest.png, java.io.FileNotFoundException
[13:58:01] [Client thread/ERROR]: Using missing texture, unable to load minecraft:mcpatcher/cit/uielements/skyblock_menu/skills_progress/extra/h/2550.png, java.io.FileNotFoundException
[13:58:01] [Client thread/ERROR]: Using missing texture, unable to load minecraft:mcpatcher/cit/armor/armor_icons/dragon_armor/protector_dragon/chest.png, java.io.FileNotFoundException
[13:58:01] [Client thread/ERROR]: Using missing texture, unable to load minecraft:mcpatcher/cit/armor/armor_icons/shadow_assassin_fragged/shadow_assassin_leggings.png, java.io.FileNotFoundException
[13:58:01] [Client thread/ERROR]: Using missing texture, unable to load minecraft:mcpatcher/cit/armor/armor_icons/dragon_armor/wise_dragon/chest.png, java.io.FileNotFoundException
[13:58:01] [Client thread/ERROR]: Using missing texture, unable to load minecraft:mcpatcher/cit/armor/armor_icons/frozen_blaze/legs.png, java.io.FileNotFoundException
[13:58:01] [Client thread/ERROR]: Using missing texture, unable to load minecraft:mcpatcher/cit/armor/armor_icons/dragon_armor/unstable_dragon/legs.png, java.io.FileNotFoundException
[13:58:01] [Client thread/ERROR]: Using missing texture, unable to load minecraft:mcpatcher/cit/armor/armor_icons/salmon/salmon_boots_new.png, java.io.FileNotFoundException
[13:58:01] [Client thread/ERROR]: Using missing texture, unable to load minecraft:mcpatcher/cit/armor/armor/mineral/icons/chest.png, java.io.FileNotFoundException
[13:58:01] [Client thread/ERROR]: Using missing texture, unable to load minecraft:mcpatcher/cit/uielements/skyblock_menu/skills_progress/extra/t/2550.png, java.io.FileNotFoundException
[13:58:01] [Client thread/ERROR]: Using missing texture, unable to load minecraft:mcpatcher/cit/item/other/quests/romero_and_juliette/mushroom_and_warts_stew/wart_stew.png, java.io.FileNotFoundException
[13:58:01] [Client thread/ERROR]: Using missing texture, unable to load minecraft:mcpatcher/cit/armor/armor_icons/dragon_armor/young_dragon/chest.png, java.io.FileNotFoundException
[13:58:01] [Client thread/ERROR]: Using missing texture, unable to load minecraft:mcpatcher/cit/item/other/quests/romero_and_juliette/poem_of_true_love/love_poem.png, java.io.FileNotFoundException
[13:58:01] [Client thread/ERROR]: Using missing texture, unable to load minecraft:mcpatcher/cit/armor/armor_icons/rising_sun/resistance_boots_general.png, java.io.FileNotFoundException
[13:58:01] [Client thread/ERROR]: Using missing texture, unable to load minecraft:mcpatcher/cit/uielements/skyblock_menu/skills_progress/extra/h/null.png, java.io.FileNotFoundException
[13:58:01] [Client thread/INFO]: Created: 1024x1024 textures-atlas
[13:58:04] [Client thread/INFO]: Reloading ResourceManager: Default, FMLFileResourcePack:Forge Mod Loader, FMLFileResourcePack:Minecraft Forge, FMLFileResourcePack:ModCore, FMLFileResourcePack:Danker's Skyblock Mod, FMLFileResourcePack:Better FPS Limiter, FMLFileResourcePack:Cowlection, FMLFileResourcePack:NotEnoughUpdates, FMLFileResourcePack:orangesimplemod, FMLFileResourcePack:Patcher, FMLFileResourcePack:Scrollable Tooltips, FMLFileResourcePack:SkyBlock Addons, FMLFileResourcePack:SkyBlockcatia, FMLFileResourcePack:Skytils, §r§lFurfSky §6§lReborn §8§lFL §8§l[§71.3.1§8§l].zip
[13:58:04] [Client thread/WARN]: ResourcePack: ignored non-lowercase namespace: .DS_Store in /home/archy/.local/share/multimc/instances/HPSB 1.8/.minecraft/resourcepacks/§r§lFurfSky §6§lReborn §8§lFL §8§l[§71.3.1§8§l].zip
[13:58:04] [Client thread/ERROR]: Using missing texture, unable to load minecraft:mcpatcher/cit/armor/armor/mineral/icons/boots.png, java.io.FileNotFoundException
[13:58:04] [Client thread/ERROR]: Using missing texture, unable to load minecraft:custom_skull_textures/blocks/grass_side.png, java.io.FileNotFoundException
[13:58:04] [Client thread/ERROR]: Using missing texture, unable to load minecraft:mcpatcher/cit/armor/armor_icons/dragon_armor/young_dragon/legs.png, java.io.FileNotFoundException
[13:58:04] [Client thread/ERROR]: Using missing texture, unable to load minecraft:mcpatcher/cit/armor/armor_icons/dragon_armor/strong_dragon/chest.png, java.io.FileNotFoundException
[13:58:04] [Client thread/ERROR]: Using missing texture, unable to load minecraft:mcpatcher/cit/armor/armor_icons/salmon/salmon_chestplate_new.png, java.io.FileNotFoundException
[13:58:04] [Client thread/ERROR]: Using missing texture, unable to load minecraft:mcpatcher/cit/uielements/skyblock_menu/skills_progress/extra/h/2550.png, java.io.FileNotFoundException
[13:58:04] [Client thread/ERROR]: Using missing texture, unable to load minecraft:custom_skull_textures/blocks/dirt_podzol_top.png, java.io.FileNotFoundException
[13:58:04] [Client thread/ERROR]: Using missing texture, unable to load minecraft:mcpatcher/cit/armor/armor_icons/dragon_armor/superior_dragon/chest.png, java.io.FileNotFoundException
[13:58:04] [Client thread/ERROR]: Using missing texture, unable to load minecraft:mcpatcher/cit/armor/armor_icons/shadow_assassin_fragged/shadow_assassin_boots.png, java.io.FileNotFoundException
[13:58:04] [Client thread/ERROR]: Using missing texture, unable to load minecraft:custom_skull_textures/blocks/wool_colored_gray.png, java.io.FileNotFoundException
[13:58:04] [Client thread/ERROR]: Using missing texture, unable to load minecraft:mcpatcher/cit/armor/armor_icons/dragon_armor/old_dragon/chest.png, java.io.FileNotFoundException
[13:58:04] [Client thread/ERROR]: Using missing texture, unable to load minecraft:mcpatcher/cit/armor/armor_icons/dragon_armor/unstable_dragon/chest.png, java.io.FileNotFoundException
[13:58:04] [Client thread/ERROR]: Using missing texture, unable to load minecraft:mcpatcher/cit/armor/armor_icons/salmon/salmon_helmet_new.png, java.io.FileNotFoundException
[13:58:04] [Client thread/ERROR]: Using missing texture, unable to load minecraft:mcpatcher/cit/armor/armor_icons/dragon_armor/protector_dragon/chest.png, java.io.FileNotFoundException
[13:58:04] [Client thread/ERROR]: Using missing texture, unable to load minecraft:mcpatcher/cit/armor/armor_icons/shadow_assassin_fragged/shadow_assassin_leggings.png, java.io.FileNotFoundException
[13:58:04] [Client thread/ERROR]: Using missing texture, unable to load minecraft:custom_skull_textures/blocks/prismarine_dark.png, java.io.FileNotFoundException
[13:58:04] [Client thread/ERROR]: Using missing texture, unable to load minecraft:mcpatcher/cit/armor/armor_icons/frozen_blaze/chest.png, java.io.FileNotFoundException
[13:58:04] [Client thread/ERROR]: Using missing texture, unable to load minecraft:mcpatcher/cit/armor/armor_icons/dragon_armor/wise_dragon/chest.png, java.io.FileNotFoundException
[13:58:04] [Client thread/ERROR]: Using missing texture, unable to load minecraft:mcpatcher/cit/armor/armor_icons/frozen_blaze/legs.png, java.io.FileNotFoundException
[13:58:04] [Client thread/ERROR]: Using missing texture, unable to load minecraft:mcpatcher/cit/armor/armor_icons/rising_sun/resistance_leggings_general.png, java.io.FileNotFoundException
[13:58:04] [Client thread/ERROR]: Using missing texture, unable to load minecraft:mcpatcher/cit/armor/armor_icons/dragon_armor/superior_dragon/legs.png, java.io.FileNotFoundException
[13:58:04] [Client thread/ERROR]: Using missing texture, unable to load minecraft:custom_skull_textures/blocks/mycelium_top.png, java.io.FileNotFoundException
[13:58:04] [Client thread/ERROR]: Using missing texture, unable to load minecraft:mcpatcher/cit/armor/armor_icons/dragon_armor/unstable_dragon/legs.png, java.io.FileNotFoundException
[13:58:04] [Client thread/ERROR]: Using missing texture, unable to load minecraft:mcpatcher/cit/armor/armor_icons/salmon/salmon_boots_new.png, java.io.FileNotFoundException
[13:58:04] [Client thread/ERROR]: Using missing texture, unable to load minecraft:custom_skull_textures/blocks/grass_top.png, java.io.FileNotFoundException
[13:58:04] [Client thread/ERROR]: Using missing texture, unable to load minecraft:custom_skull_textures/blocks/snow.png, java.io.FileNotFoundException
[13:58:04] [Client thread/ERROR]: Using missing texture, unable to load minecraft:mcpatcher/cit/armor/armor/mineral/icons/chest.png, java.io.FileNotFoundException
[13:58:04] [Client thread/ERROR]: Using missing texture, unable to load minecraft:mcpatcher/cit/uielements/skyblock_menu/skills_progress/extra/t/2550.png, java.io.FileNotFoundException
[13:58:04] [Client thread/ERROR]: Using missing texture, unable to load minecraft:mcpatcher/cit/armor/armor_icons/dragon_armor/wise_dragon/legs.png, java.io.FileNotFoundException
[13:58:04] [Client thread/ERROR]: Using missing texture, unable to load minecraft:mcpatcher/cit/item/other/quests/romero_and_juliette/mushroom_and_warts_stew/wart_stew.png, java.io.FileNotFoundException
[13:58:04] [Client thread/ERROR]: Using missing texture, unable to load minecraft:mcpatcher/cit/armor/armor_icons/dragon_armor/young_dragon/chest.png, java.io.FileNotFoundException
[13:58:04] [Client thread/ERROR]: Using missing texture, unable to load minecraft:custom_skull_textures/blocks/hardened_clay_stained_cyan.png, java.io.FileNotFoundException
[13:58:04] [Client thread/ERROR]: Using missing texture, unable to load minecraft:mcpatcher/cit/armor/armor_icons/dragon_armor/old_dragon/legs.png, java.io.FileNotFoundException
[13:58:04] [Client thread/ERROR]: Using missing texture, unable to load minecraft:mcpatcher/cit/armor/armor_icons/shadow_assassin_fragged/shadow_assassin_chestplate.png, java.io.FileNotFoundException
[13:58:04] [Client thread/ERROR]: Using missing texture, unable to load minecraft:mcpatcher/cit/item/other/quests/romero_and_juliette/poem_of_true_love/love_poem.png, java.io.FileNotFoundException
[13:58:04] [Client thread/ERROR]: Using missing texture, unable to load minecraft:mcpatcher/cit/armor/armor_icons/salmon/salmon_leggings_new.png, java.io.FileNotFoundException
[13:58:04] [Client thread/ERROR]: Using missing texture, unable to load minecraft:mcpatcher/cit/armor/armor/mineral/icons/legs.png, java.io.FileNotFoundException
[13:58:04] [Client thread/ERROR]: Using missing texture, unable to load minecraft:mcpatcher/cit/armor/armor_icons/rising_sun/resistance_boots_general.png, java.io.FileNotFoundException
[13:58:04] [Client thread/ERROR]: Using missing texture, unable to load minecraft:mcpatcher/cit/armor/armor_icons/frozen_blaze/boots.png, java.io.FileNotFoundException
[13:58:04] [Client thread/ERROR]: Using missing texture, unable to load minecraft:mcpatcher/cit/armor/armor_icons/dragon_armor/strong_dragon/legs.png, java.io.FileNotFoundException
[13:58:04] [Client thread/ERROR]: Using missing texture, unable to load minecraft:mcpatcher/cit/armor/armor_icons/dragon_armor/protector_dragon/legs.png, java.io.FileNotFoundException
[13:58:04] [Client thread/INFO]: Created: 1024x512 custom_skull_textures-atlas
[13:58:04] [Client thread/INFO]: SoundSystem shutting down...
[13:58:04] [Client thread/WARN]: Author: Paul Lamb, www.paulscode.com
[13:58:04] [Sound Library Loader/INFO]: Starting up SoundSystem...
[13:58:04] [Thread-123/INFO]: Initializing LWJGL OpenAL
[13:58:04] [Thread-123/INFO]: (The LWJGL binding of OpenAL.  For more information, see http://www.lwjgl.org)
[13:58:04] [Thread-123/INFO]: OpenAL initialized.
[13:58:05] [Sound Library Loader/INFO]: Sound engine started
[13:58:06] [Client thread/ERROR]: Using missing texture, unable to load minecraft:mcpatcher/cit/uielements/bid_history/graph.png, java.io.FileNotFoundException
[13:58:06] [Client thread/ERROR]: Using missing texture, unable to load minecraft:mcpatcher/cit/armor/armor_icons/dragon_armor/young_dragon/legs.png, java.io.FileNotFoundException
[13:58:06] [Client thread/ERROR]: Using missing texture, unable to load minecraft:mcpatcher/cit/armor/armor_icons/salmon/salmon_chestplate_new.png, java.io.FileNotFoundException
[13:58:06] [Client thread/ERROR]: Using missing texture, unable to load minecraft:mcpatcher/cit/armor/armor_icons/dragon_armor/superior_dragon/chest.png, java.io.FileNotFoundException
[13:58:06] [Client thread/ERROR]: Using missing texture, unable to load minecraft:mcpatcher/cit/armor/armor_icons/shadow_assassin_fragged/shadow_assassin_boots.png, java.io.FileNotFoundException
[13:58:06] [Client thread/ERROR]: Using missing texture, unable to load minecraft:mcpatcher/cit/armor/armor_icons/dragon_armor/old_dragon/chest.png, java.io.FileNotFoundException
[13:58:06] [Client thread/ERROR]: Using missing texture, unable to load minecraft:mcpatcher/cit/armor/armor_icons/dragon_armor/unstable_dragon/chest.png, java.io.FileNotFoundException
[13:58:06] [Client thread/ERROR]: Using missing texture, unable to load minecraft:mcpatcher/cit/armor/armor_icons/salmon/salmon_helmet_new.png, java.io.FileNotFoundException
[13:58:06] [Client thread/ERROR]: Using missing texture, unable to load minecraft:mcpatcher/cit/armor/armor_icons/frozen_blaze/chest.png, java.io.FileNotFoundException
[13:58:06] [Client thread/ERROR]: Using missing texture, unable to load minecraft:mcpatcher/cit/armor/armor_icons/rising_sun/resistance_leggings_general.png, java.io.FileNotFoundException
[13:58:06] [Client thread/ERROR]: Using missing texture, unable to load minecraft:mcpatcher/cit/armor/armor_icons/dragon_armor/superior_dragon/legs.png, java.io.FileNotFoundException
[13:58:06] [Client thread/ERROR]: Using missing texture, unable to load minecraft:mcpatcher/cit/armor/armor_icons/dragon_armor/wise_dragon/legs.png, java.io.FileNotFoundException
[13:58:06] [Client thread/ERROR]: Using missing texture, unable to load minecraft:mcpatcher/cit/armor/armor_icons/dragon_armor/old_dragon/legs.png, java.io.FileNotFoundException
[13:58:06] [Client thread/ERROR]: Using missing texture, unable to load minecraft:mcpatcher/cit/armor/armor_icons/shadow_assassin_fragged/shadow_assassin_chestplate.png, java.io.FileNotFoundException
[13:58:06] [Client thread/ERROR]: Using missing texture, unable to load minecraft:mcpatcher/cit/armor/armor_icons/salmon/salmon_leggings_new.png, java.io.FileNotFoundException
[13:58:06] [Client thread/ERROR]: Using missing texture, unable to load minecraft:mcpatcher/cit/armor/armor/mineral/icons/legs.png, java.io.FileNotFoundException
[13:58:06] [Client thread/ERROR]: Using missing texture, unable to load minecraft:mcpatcher/cit/armor/armor_icons/frozen_blaze/boots.png, java.io.FileNotFoundException
[13:58:06] [Client thread/ERROR]: Using missing texture, unable to load minecraft:mcpatcher/cit/armor/armor_icons/dragon_armor/strong_dragon/legs.png, java.io.FileNotFoundException
[13:58:06] [Client thread/ERROR]: Using missing texture, unable to load minecraft:mcpatcher/cit/uielements/skills/end.png, java.io.FileNotFoundException
[13:58:06] [Client thread/ERROR]: Using missing texture, unable to load minecraft:mcpatcher/cit/armor/armor_icons/dragon_armor/protector_dragon/legs.png, java.io.FileNotFoundException
[13:58:06] [Client thread/ERROR]: Using missing texture, unable to load minecraft:mcpatcher/cit/uielements/skills_progress/corner_rd.png, java.io.FileNotFoundException
[13:58:06] [Client thread/ERROR]: Using missing texture, unable to load minecraft:mcpatcher/cit/armor/armor/mineral/icons/boots.png, java.io.FileNotFoundException
[13:58:06] [Client thread/ERROR]: Using missing texture, unable to load minecraft:mcpatcher/cit/uielements/skills_progress/corner_lu.png, java.io.FileNotFoundException
[13:58:06] [Client thread/ERROR]: Using missing texture, unable to load minecraft:mcpatcher/cit/armor/armor_icons/dragon_armor/strong_dragon/chest.png, java.io.FileNotFoundException
[13:58:06] [Client thread/ERROR]: Using missing texture, unable to load minecraft:mcpatcher/cit/uielements/skyblock_menu/skills_progress/extra/h/2550.png, java.io.FileNotFoundException
[13:58:06] [Client thread/ERROR]: Using missing texture, unable to load minecraft:mcpatcher/cit/armor/armor_icons/dragon_armor/protector_dragon/chest.png, java.io.FileNotFoundException
[13:58:06] [Client thread/ERROR]: Using missing texture, unable to load minecraft:mcpatcher/cit/armor/armor_icons/shadow_assassin_fragged/shadow_assassin_leggings.png, java.io.FileNotFoundException
[13:58:06] [Client thread/ERROR]: Using missing texture, unable to load minecraft:mcpatcher/cit/armor/armor_icons/dragon_armor/wise_dragon/chest.png, java.io.FileNotFoundException
[13:58:06] [Client thread/ERROR]: Using missing texture, unable to load minecraft:mcpatcher/cit/armor/armor_icons/frozen_blaze/legs.png, java.io.FileNotFoundException
[13:58:06] [Client thread/ERROR]: Using missing texture, unable to load minecraft:mcpatcher/cit/armor/armor_icons/dragon_armor/unstable_dragon/legs.png, java.io.FileNotFoundException
[13:58:06] [Client thread/ERROR]: Using missing texture, unable to load minecraft:mcpatcher/cit/armor/armor_icons/salmon/salmon_boots_new.png, java.io.FileNotFoundException
[13:58:06] [Client thread/ERROR]: Using missing texture, unable to load minecraft:mcpatcher/cit/armor/armor/mineral/icons/chest.png, java.io.FileNotFoundException
[13:58:06] [Client thread/ERROR]: Using missing texture, unable to load minecraft:mcpatcher/cit/uielements/skyblock_menu/skills_progress/extra/t/2550.png, java.io.FileNotFoundException
[13:58:06] [Client thread/ERROR]: Using missing texture, unable to load minecraft:mcpatcher/cit/item/other/quests/romero_and_juliette/mushroom_and_warts_stew/wart_stew.png, java.io.FileNotFoundException
[13:58:06] [Client thread/ERROR]: Using missing texture, unable to load minecraft:mcpatcher/cit/armor/armor_icons/dragon_armor/young_dragon/chest.png, java.io.FileNotFoundException
[13:58:06] [Client thread/ERROR]: Using missing texture, unable to load minecraft:mcpatcher/cit/item/other/quests/romero_and_juliette/poem_of_true_love/love_poem.png, java.io.FileNotFoundException
[13:58:06] [Client thread/ERROR]: Using missing texture, unable to load minecraft:mcpatcher/cit/armor/armor_icons/rising_sun/resistance_boots_general.png, java.io.FileNotFoundException
[13:58:06] [Client thread/ERROR]: Using missing texture, unable to load minecraft:mcpatcher/cit/uielements/skyblock_menu/skills_progress/extra/h/null.png, java.io.FileNotFoundException
[13:58:06] [Client thread/INFO]: Created: 1024x1024 textures-atlas
[13:58:18] [Client thread/INFO]: [CHAT]  
[13:58:18] [Client thread/INFO]: [CHAT] §e[Patcher] §rCapturing screenshot.
[13:58:19] [Thread 15/INFO]: [CHAT] §e[Patcher] §rScreenshot saved to 2021-07-06_13.58.18.png (1181kb)
[13:58:19] [Thread 15/INFO]: [CHAT] §e§lFAVORITE §c§lDELETE §a§lUPLOAD §b§lCOPY §9§lFOLDER
[13:58:32] [Client thread/INFO]: [CHAT] Depositing coins...
[13:58:32] [Client thread/INFO]: [CHAT] Deposited 51M coins! There's now 51M coins in the account!
[13:58:44] [Client thread/INFO]: [CHAT] You sold Angler Boots x1 for 12 Coins!
[13:59:36] [Client thread/INFO]: Stopping!
[13:59:36] [Client thread/INFO]: SoundSystem shutting down...
[13:59:36] [Client thread/WARN]: Author: Paul Lamb, www.paulscode.com
